<?xml version="1.0" encoding="UTF-8"?>
<coverage generated="1773852474029" clover="3.2.0">
  <project timestamp="1773852474029" name="All files">
    <metrics statements="149" coveredstatements="104" conditionals="61" coveredconditionals="49" methods="43" coveredmethods="33" elements="253" coveredelements="186" complexity="0" loc="149" ncloc="149" packages="3" files="6" classes="6"/>
    <package name="pages">
      <metrics statements="134" coveredstatements="91" conditionals="55" coveredconditionals="46" methods="38" coveredmethods="28"/>
      <file name="CartPage.js" path="/home/sdf/cs4218/cs4218-2520-ecom-project-cs4218-2520-team28/client/src/pages/CartPage.js">
        <metrics statements="48" coveredstatements="40" conditionals="26" coveredconditionals="24" methods="13" coveredmethods="12"/>
        <line num="29" count="6" type="stmt"/>
        <line num="31" count="75" type="stmt"/>
        <line num="32" count="74" type="stmt"/>
        <line num="33" count="74" type="stmt"/>
        <line num="34" count="74" type="stmt"/>
        <line num="35" count="74" type="stmt"/>
        <line num="36" count="74" type="stmt"/>
        <line num="39" count="74" type="stmt"/>
        <line num="40" count="74" type="stmt"/>
        <line num="41" count="74" type="stmt"/>
        <line num="43" count="74" type="stmt"/>
        <line num="44" count="50" type="cond" truecount="1" falsecount="1"/>
        <line num="45" count="50" type="stmt"/>
        <line num="47" count="74" type="stmt"/>
        <line num="52" count="0" type="stmt"/>
        <line num="53" count="0" type="stmt"/>
        <line num="60" count="74" type="stmt"/>
        <line num="61" count="3" type="stmt"/>
        <line num="62" count="3" type="stmt"/>
        <line num="63" count="3" type="stmt"/>
        <line num="64" count="3" type="stmt"/>
        <line num="66" count="0" type="stmt"/>
        <line num="71" count="74" type="stmt"/>
        <line num="72" count="38" type="stmt"/>
        <line num="74" count="38" type="stmt"/>
        <line num="75" count="38" type="stmt"/>
        <line num="77" count="0" type="stmt"/>
        <line num="80" count="74" type="stmt"/>
        <line num="81" count="38" type="stmt"/>
        <line num="85" count="74" type="stmt"/>
        <line num="86" count="2" type="stmt"/>
        <line num="87" count="2" type="stmt"/>
        <line num="88" count="2" type="stmt"/>
        <line num="93" count="2" type="stmt"/>
        <line num="97" count="2" type="stmt"/>
        <line num="98" count="2" type="stmt"/>
        <line num="99" count="2" type="stmt"/>
        <line num="100" count="2" type="stmt"/>
        <line num="102" count="0" type="stmt"/>
        <line num="103" count="0" type="stmt"/>
        <line num="106" count="0" type="stmt"/>
        <line num="109" count="74" type="stmt"/>
        <line num="132" count="50" type="stmt"/>
        <line num="150" count="3" type="stmt"/>
        <line num="170" count="0" type="stmt"/>
        <line num="181" count="1" type="stmt"/>
        <line num="189" count="1" type="stmt"/>
        <line num="211" count="4" type="stmt"/>
      </file>
      <file name="Contact.js" path="/home/sdf/cs4218/cs4218-2520-ecom-project-cs4218-2520-team28/client/src/pages/Contact.js">
        <metrics statements="2" coveredstatements="2" conditionals="0" coveredconditionals="0" methods="1" coveredmethods="1"/>
        <line num="7" count="6" type="stmt"/>
        <line num="8" count="47" type="stmt"/>
      </file>
      <file name="HomePage.js" path="/home/sdf/cs4218/cs4218-2520-ecom-project-cs4218-2520-team28/client/src/pages/HomePage.js">
        <metrics statements="82" coveredstatements="47" conditionals="29" coveredconditionals="22" methods="23" coveredmethods="14"/>
        <line num="56" count="6" type="stmt"/>
        <line num="57" count="68" type="stmt"/>
        <line num="58" count="67" type="stmt"/>
        <line num="61" count="67" type="stmt"/>
        <line num="62" count="67" type="stmt"/>
        <line num="63" count="67" type="stmt"/>
        <line num="64" count="67" type="stmt"/>
        <line num="65" count="67" type="stmt"/>
        <line num="66" count="67" type="stmt"/>
        <line num="67" count="67" type="stmt"/>
        <line num="68" count="67" type="cond" truecount="2" falsecount="0"/>
        <line num="73" count="67" type="stmt"/>
        <line num="74" count="24" type="stmt"/>
        <line num="75" count="24" type="stmt"/>
        <line num="76" count="24" type="cond" truecount="1" falsecount="1"/>
        <line num="77" count="24" type="stmt"/>
        <line num="80" count="0" type="stmt"/>
        <line num="81" count="0" type="stmt"/>
        <line num="86" count="67" type="stmt"/>
        <line num="87" count="24" type="stmt"/>
        <line num="88" count="24" type="stmt"/>
        <line num="89" count="24" type="stmt"/>
        <line num="91" count="0" type="stmt"/>
        <line num="92" count="0" type="stmt"/>
        <line num="100" count="67" type="stmt"/>
        <line num="101" count="0" type="stmt"/>
        <line num="102" count="0" type="stmt"/>
        <line num="103" count="0" type="stmt"/>
        <line num="104" count="0" type="stmt"/>
        <line num="109" count="0" type="stmt"/>
        <line num="111" count="0" type="stmt"/>
        <line num="112" count="0" type="stmt"/>
        <line num="113" count="0" type="stmt"/>
        <line num="118" count="67" type="stmt"/>
        <line num="119" count="24" type="stmt"/>
        <line num="120" count="24" type="stmt"/>
        <line num="121" count="24" type="stmt"/>
        <line num="122" count="24" type="stmt"/>
        <line num="123" count="24" type="stmt"/>
        <line num="125" count="0" type="stmt"/>
        <line num="126" count="0" type="stmt"/>
        <line num="127" count="0" type="stmt"/>
        <line num="133" count="67" type="stmt"/>
        <line num="134" count="0" type="stmt"/>
        <line num="135" count="0" type="stmt"/>
        <line num="136" count="0" type="stmt"/>
        <line num="140" count="0" type="stmt"/>
        <line num="141" count="0" type="stmt"/>
        <line num="143" count="0" type="stmt"/>
        <line num="144" count="0" type="stmt"/>
        <line num="145" count="0" type="stmt"/>
        <line num="150" count="67" type="stmt"/>
        <line num="151" count="0" type="stmt"/>
        <line num="152" count="0" type="cond" truecount="0" falsecount="2"/>
        <line num="153" count="0" type="stmt"/>
        <line num="155" count="0" type="stmt"/>
        <line num="157" count="0" type="stmt"/>
        <line num="162" count="67" type="stmt"/>
        <line num="163" count="24" type="stmt"/>
        <line num="164" count="24" type="stmt"/>
        <line num="167" count="67" type="stmt"/>
        <line num="168" count="24" type="cond" truecount="1" falsecount="1"/>
        <line num="169" count="0" type="stmt"/>
        <line num="172" count="67" type="stmt"/>
        <line num="173" count="24" type="cond" truecount="2" falsecount="2"/>
        <line num="174" count="24" type="stmt"/>
        <line num="175" count="24" type="stmt"/>
        <line num="179" count="67" type="stmt"/>
        <line num="180" count="24" type="cond" truecount="3" falsecount="1"/>
        <line num="184" count="67" type="stmt"/>
        <line num="201" count="3" type="stmt"/>
        <line num="204" count="0" type="stmt"/>
        <line num="214" count="0" type="stmt"/>
        <line num="216" count="402" type="stmt"/>
        <line num="227" count="0" type="stmt"/>
        <line num="228" count="0" type="stmt"/>
        <line num="242" count="21" type="stmt"/>
        <line num="264" count="1" type="stmt"/>
        <line num="271" count="4" type="stmt"/>
        <line num="272" count="4" type="stmt"/>
        <line num="290" count="0" type="stmt"/>
        <line num="291" count="0" type="stmt"/>
      </file>
      <file name="Policy.js" path="/home/sdf/cs4218/cs4218-2520-ecom-project-cs4218-2520-team28/client/src/pages/Policy.js">
        <metrics statements="2" coveredstatements="2" conditionals="0" coveredconditionals="0" methods="1" coveredmethods="1"/>
        <line num="8" count="6" type="stmt"/>
        <line num="9" count="19" type="stmt"/>
      </file>
    </package>
    <package name="pages.admin">
      <metrics statements="12" coveredstatements="10" conditionals="6" coveredconditionals="3" methods="4" coveredmethods="4"/>
      <file name="Products.js" path="/home/sdf/cs4218/cs4218-2520-ecom-project-cs4218-2520-team28/client/src/pages/admin/Products.js">
        <metrics statements="12" coveredstatements="10" conditionals="6" coveredconditionals="3" methods="4" coveredmethods="4"/>
        <line num="32" count="6" type="stmt"/>
        <line num="33" count="26" type="stmt"/>
        <line num="36" count="25" type="stmt"/>
        <line num="37" count="19" type="stmt"/>
        <line num="38" count="19" type="stmt"/>
        <line num="39" count="19" type="cond" truecount="1" falsecount="1"/>
        <line num="41" count="0" type="stmt"/>
        <line num="42" count="0" type="stmt"/>
        <line num="47" count="25" type="stmt"/>
        <line num="48" count="19" type="stmt"/>
        <line num="50" count="25" type="stmt"/>
        <line num="60" count="9" type="stmt"/>
      </file>
    </package>
    <package name="pages.user">
      <metrics statements="3" coveredstatements="3" conditionals="0" coveredconditionals="0" methods="1" coveredmethods="1"/>
      <file name="Dashboard.js" path="/home/sdf/cs4218/cs4218-2520-ecom-project-cs4218-2520-team28/client/src/pages/user/Dashboard.js">
        <metrics statements="3" coveredstatements="3" conditionals="0" coveredconditionals="0" methods="1" coveredmethods="1"/>
        <line num="5" count="6" type="stmt"/>
        <line num="6" count="27" type="stmt"/>
        <line num="7" count="26" type="stmt"/>
      </file>
    </package>
  </project>
</coverage>
