{"/home/sdf/cs4218/cs4218-2520-ecom-project-cs4218-2520-team28/client/src/App.js": {"path":"/home/sdf/cs4218/cs4218-2520-ecom-project-cs4218-2520-team28/client/src/App.js","statementMap":{"0":{"start":{"line":27,"column":2},"end":{"line":58,"column":4}}},"fnMap":{"0":{"name":"App","decl":{"start":{"line":26,"column":9},"end":{"line":26,"column":12}},"loc":{"start":{"line":26,"column":15},"end":{"line":59,"column":1}},"line":26}},"branchMap":{},"s":{"0":106},"f":{"0":106},"b":{},"_coverageSchema":"1a1c01bbd47fc00a2c39e90264f33305004495a9","hash":"1cd69b701cd50d0fd3b766271edddc55b1994497"}
,"/home/sdf/cs4218/cs4218-2520-ecom-project-cs4218-2520-team28/client/src/setupProxy.js": {"path":"/home/sdf/cs4218/cs4218-2520-ecom-project-cs4218-2520-team28/client/src/setupProxy.js","statementMap":{"0":{"start":{"line":8,"column":34},"end":{"line":8,"column":66}},"1":{"start":{"line":10,"column":0},"end":{"line":18,"column":2}},"2":{"start":{"line":11,"column":2},"end":{"line":17,"column":4}}},"fnMap":{"0":{"name":"(anonymous_0)","decl":{"start":{"line":10,"column":17},"end":{"line":10,"column":18}},"loc":{"start":{"line":10,"column":32},"end":{"line":18,"column":1}},"line":10}},"branchMap":{"0":{"loc":{"start":{"line":14,"column":34},"end":{"line":14,"column":66}},"type":"binary-expr","locations":[{"start":{"line":14,"column":34},"end":{"line":14,"column":58}},{"start":{"line":14,"column":62},"end":{"line":14,"column":66}}],"line":14}},"s":{"0":0,"1":0,"2":0},"f":{"0":0},"b":{"0":[0,0]}}
,"/home/sdf/cs4218/cs4218-2520-ecom-project-cs4218-2520-team28/client/src/components/AdminMenu.js": {"path":"/home/sdf/cs4218/cs4218-2520-ecom-project-cs4218-2520-team28/client/src/components/AdminMenu.js","statementMap":{"0":{"start":{"line":3,"column":18},"end":{"line":43,"column":1}},"1":{"start":{"line":4,"column":2},"end":{"line":42,"column":4}}},"fnMap":{"0":{"name":"(anonymous_0)","decl":{"start":{"line":3,"column":18},"end":{"line":3,"column":19}},"loc":{"start":{"line":3,"column":24},"end":{"line":43,"column":1}},"line":3}},"branchMap":{},"s":{"0":13,"1":99},"f":{"0":99},"b":{},"_coverageSchema":"1a1c01bbd47fc00a2c39e90264f33305004495a9","hash":"177060f251636216459e564a6108f226af791809"}
,"/home/sdf/cs4218/cs4218-2520-ecom-project-cs4218-2520-team28/client/src/components/Footer.js": {"path":"/home/sdf/cs4218/cs4218-2520-ecom-project-cs4218-2520-team28/client/src/components/Footer.js","statementMap":{"0":{"start":{"line":4,"column":15},"end":{"line":14,"column":1}},"1":{"start":{"line":5,"column":2},"end":{"line":13,"column":4}}},"fnMap":{"0":{"name":"(anonymous_0)","decl":{"start":{"line":4,"column":15},"end":{"line":4,"column":16}},"loc":{"start":{"line":4,"column":21},"end":{"line":14,"column":1}},"line":4}},"branchMap":{},"s":{"0":17,"1":384},"f":{"0":384},"b":{},"_coverageSchema":"1a1c01bbd47fc00a2c39e90264f33305004495a9","hash":"e3311a33154bffac77971a5f2936fe971d8c5c2c"}
,"/home/sdf/cs4218/cs4218-2520-ecom-project-cs4218-2520-team28/client/src/components/Header.js": {"path":"/home/sdf/cs4218/cs4218-2520-ecom-project-cs4218-2520-team28/client/src/components/Header.js","statementMap":{"0":{"start":{"line":10,"column":15},"end":{"line":140,"column":1}},"1":{"start":{"line":11,"column":26},"end":{"line":11,"column":35}},"2":{"start":{"line":12,"column":17},"end":{"line":12,"column":26}},"3":{"start":{"line":13,"column":21},"end":{"line":13,"column":34}},"4":{"start":{"line":14,"column":23},"end":{"line":22,"column":3}},"5":{"start":{"line":15,"column":4},"end":{"line":19,"column":7}},"6":{"start":{"line":20,"column":4},"end":{"line":20,"column":36}},"7":{"start":{"line":21,"column":4},"end":{"line":21,"column":41}},"8":{"start":{"line":23,"column":2},"end":{"line":139,"column":4}},"9":{"start":{"line":66,"column":20},"end":{"line":73,"column":25}}},"fnMap":{"0":{"name":"(anonymous_0)","decl":{"start":{"line":10,"column":15},"end":{"line":10,"column":16}},"loc":{"start":{"line":10,"column":21},"end":{"line":140,"column":1}},"line":10},"1":{"name":"(anonymous_1)","decl":{"start":{"line":14,"column":23},"end":{"line":14,"column":24}},"loc":{"start":{"line":14,"column":29},"end":{"line":22,"column":3}},"line":14},"2":{"name":"(anonymous_2)","decl":{"start":{"line":63,"column":35},"end":{"line":63,"column":36}},"loc":{"start":{"line":66,"column":20},"end":{"line":73,"column":25}},"line":66}},"branchMap":{"0":{"loc":{"start":{"line":78,"column":15},"end":{"line":126,"column":15}},"type":"cond-expr","locations":[{"start":{"line":79,"column":16},"end":{"line":90,"column":19}},{"start":{"line":92,"column":16},"end":{"line":125,"column":19}}],"line":78},"1":{"loc":{"start":{"line":107,"column":28},"end":{"line":107,"column":69}},"type":"cond-expr","locations":[{"start":{"line":107,"column":53},"end":{"line":107,"column":60}},{"start":{"line":107,"column":63},"end":{"line":107,"column":69}}],"line":107}},"s":{"0":17,"1":480,"2":474,"3":474,"4":474,"5":1,"6":1,"7":1,"8":474,"9":112},"f":{"0":480,"1":1,"2":112},"b":{"0":[281,193],"1":[109,84]},"_coverageSchema":"1a1c01bbd47fc00a2c39e90264f33305004495a9","hash":"b06246b0b3c12efc9e60f18308e789953d9c2a74"}
,"/home/sdf/cs4218/cs4218-2520-ecom-project-cs4218-2520-team28/client/src/components/Layout.js": {"path":"/home/sdf/cs4218/cs4218-2520-ecom-project-cs4218-2520-team28/client/src/components/Layout.js","statementMap":{"0":{"start":{"line":8,"column":15},"end":{"line":26,"column":1}},"1":{"start":{"line":9,"column":2},"end":{"line":25,"column":4}},"2":{"start":{"line":28,"column":0},"end":{"line":33,"column":2}}},"fnMap":{"0":{"name":"(anonymous_0)","decl":{"start":{"line":8,"column":15},"end":{"line":8,"column":16}},"loc":{"start":{"line":8,"column":71},"end":{"line":26,"column":1}},"line":8}},"branchMap":{},"s":{"0":17,"1":383,"2":17},"f":{"0":383},"b":{},"_coverageSchema":"1a1c01bbd47fc00a2c39e90264f33305004495a9","hash":"9960b740b7f63fad01e32a2d286bc05d6610353e"}
,"/home/sdf/cs4218/cs4218-2520-ecom-project-cs4218-2520-team28/client/src/components/Prices.js": {"path":"/home/sdf/cs4218/cs4218-2520-ecom-project-cs4218-2520-team28/client/src/components/Prices.js","statementMap":{"0":{"start":{"line":1,"column":22},"end":{"line":32,"column":3}}},"fnMap":{},"branchMap":{},"s":{"0":12},"f":{},"b":{},"_coverageSchema":"1a1c01bbd47fc00a2c39e90264f33305004495a9","hash":"21b970bb7edb17cf2f131c9d4dbe10800738aebc"}
,"/home/sdf/cs4218/cs4218-2520-ecom-project-cs4218-2520-team28/client/src/components/Spinner.js": {"path":"/home/sdf/cs4218/cs4218-2520-ecom-project-cs4218-2520-team28/client/src/components/Spinner.js","statementMap":{"0":{"start":{"line":3,"column":16},"end":{"line":30,"column":1}},"1":{"start":{"line":4,"column":28},"end":{"line":4,"column":39}},"2":{"start":{"line":5,"column":19},"end":{"line":5,"column":32}},"3":{"start":{"line":6,"column":19},"end":{"line":6,"column":32}},"4":{"start":{"line":8,"column":2},"end":{"line":16,"column":34}},"5":{"start":{"line":9,"column":21},"end":{"line":11,"column":12}},"6":{"start":{"line":10,"column":6},"end":{"line":10,"column":43}},"7":{"start":{"line":10,"column":30},"end":{"line":10,"column":41}},"8":{"start":{"line":12,"column":4},"end":{"line":14,"column":9}},"9":{"start":{"line":15,"column":4},"end":{"line":15,"column":41}},"10":{"start":{"line":15,"column":17},"end":{"line":15,"column":40}},"11":{"start":{"line":17,"column":2},"end":{"line":29,"column":4}}},"fnMap":{"0":{"name":"(anonymous_0)","decl":{"start":{"line":3,"column":16},"end":{"line":3,"column":17}},"loc":{"start":{"line":3,"column":40},"end":{"line":30,"column":1}},"line":3},"1":{"name":"(anonymous_1)","decl":{"start":{"line":8,"column":12},"end":{"line":8,"column":13}},"loc":{"start":{"line":8,"column":18},"end":{"line":16,"column":3}},"line":8},"2":{"name":"(anonymous_2)","decl":{"start":{"line":9,"column":33},"end":{"line":9,"column":34}},"loc":{"start":{"line":9,"column":39},"end":{"line":11,"column":5}},"line":9},"3":{"name":"(anonymous_3)","decl":{"start":{"line":10,"column":15},"end":{"line":10,"column":16}},"loc":{"start":{"line":10,"column":30},"end":{"line":10,"column":41}},"line":10},"4":{"name":"(anonymous_4)","decl":{"start":{"line":15,"column":11},"end":{"line":15,"column":12}},"loc":{"start":{"line":15,"column":17},"end":{"line":15,"column":40}},"line":15}},"branchMap":{"0":{"loc":{"start":{"line":3,"column":19},"end":{"line":3,"column":33}},"type":"default-arg","locations":[{"start":{"line":3,"column":26},"end":{"line":3,"column":33}}],"line":3},"1":{"loc":{"start":{"line":12,"column":4},"end":{"line":14,"column":8}},"type":"binary-expr","locations":[{"start":{"line":12,"column":4},"end":{"line":12,"column":15}},{"start":{"line":12,"column":19},"end":{"line":14,"column":8}}],"line":12}},"s":{"0":11,"1":89,"2":89,"3":89,"4":89,"5":51,"6":18,"7":18,"8":51,"9":51,"10":51,"11":89},"f":{"0":89,"1":51,"2":18,"3":18,"4":51},"b":{"0":[0],"1":[51,6]},"_coverageSchema":"1a1c01bbd47fc00a2c39e90264f33305004495a9","hash":"d2095dfa05816f8ea76e4efab779ff9d503082db"}
,"/home/sdf/cs4218/cs4218-2520-ecom-project-cs4218-2520-team28/client/src/components/UserMenu.js": {"path":"/home/sdf/cs4218/cs4218-2520-ecom-project-cs4218-2520-team28/client/src/components/UserMenu.js","statementMap":{"0":{"start":{"line":3,"column":17},"end":{"line":25,"column":1}},"1":{"start":{"line":4,"column":2},"end":{"line":24,"column":4}}},"fnMap":{"0":{"name":"(anonymous_0)","decl":{"start":{"line":3,"column":17},"end":{"line":3,"column":18}},"loc":{"start":{"line":3,"column":23},"end":{"line":25,"column":1}},"line":3}},"branchMap":{},"s":{"0":12,"1":33},"f":{"0":33},"b":{},"_coverageSchema":"1a1c01bbd47fc00a2c39e90264f33305004495a9","hash":"9e77331fde812ece2b5195330a293a5436d6b159"}
,"/home/sdf/cs4218/cs4218-2520-ecom-project-cs4218-2520-team28/client/src/components/Form/CategoryForm.js": {"path":"/home/sdf/cs4218/cs4218-2520-ecom-project-cs4218-2520-team28/client/src/components/Form/CategoryForm.js","statementMap":{"0":{"start":{"line":3,"column":21},"end":{"line":23,"column":1}},"1":{"start":{"line":4,"column":2},"end":{"line":22,"column":4}},"2":{"start":{"line":13,"column":29},"end":{"line":13,"column":53}}},"fnMap":{"0":{"name":"(anonymous_0)","decl":{"start":{"line":3,"column":21},"end":{"line":3,"column":22}},"loc":{"start":{"line":3,"column":60},"end":{"line":23,"column":1}},"line":3},"1":{"name":"(anonymous_1)","decl":{"start":{"line":13,"column":22},"end":{"line":13,"column":23}},"loc":{"start":{"line":13,"column":29},"end":{"line":13,"column":53}},"line":13}},"branchMap":{},"s":{"0":13,"1":62,"2":17},"f":{"0":62,"1":17},"b":{},"_coverageSchema":"1a1c01bbd47fc00a2c39e90264f33305004495a9","hash":"a99125245ad791151a849d234ce352cf1f9e655a"}
,"/home/sdf/cs4218/cs4218-2520-ecom-project-cs4218-2520-team28/client/src/components/Form/SearchInput.js": {"path":"/home/sdf/cs4218/cs4218-2520-ecom-project-cs4218-2520-team28/client/src/components/Form/SearchInput.js","statementMap":{"0":{"start":{"line":5,"column":20},"end":{"line":38,"column":1}},"1":{"start":{"line":6,"column":30},"end":{"line":6,"column":41}},"2":{"start":{"line":7,"column":19},"end":{"line":7,"column":32}},"3":{"start":{"line":9,"column":23},"end":{"line":20,"column":3}},"4":{"start":{"line":10,"column":4},"end":{"line":10,"column":23}},"5":{"start":{"line":11,"column":4},"end":{"line":19,"column":5}},"6":{"start":{"line":12,"column":23},"end":{"line":14,"column":7}},"7":{"start":{"line":15,"column":6},"end":{"line":15,"column":46}},"8":{"start":{"line":16,"column":6},"end":{"line":16,"column":26}},"9":{"start":{"line":18,"column":6},"end":{"line":18,"column":25}},"10":{"start":{"line":21,"column":2},"end":{"line":37,"column":4}},"11":{"start":{"line":30,"column":27},"end":{"line":30,"column":76}}},"fnMap":{"0":{"name":"(anonymous_0)","decl":{"start":{"line":5,"column":20},"end":{"line":5,"column":21}},"loc":{"start":{"line":5,"column":26},"end":{"line":38,"column":1}},"line":5},"1":{"name":"(anonymous_1)","decl":{"start":{"line":9,"column":23},"end":{"line":9,"column":24}},"loc":{"start":{"line":9,"column":36},"end":{"line":20,"column":3}},"line":9},"2":{"name":"(anonymous_2)","decl":{"start":{"line":30,"column":20},"end":{"line":30,"column":21}},"loc":{"start":{"line":30,"column":27},"end":{"line":30,"column":76}},"line":30}},"branchMap":{},"s":{"0":13,"1":444,"2":444,"3":444,"4":0,"5":0,"6":0,"7":0,"8":0,"9":0,"10":444,"11":0},"f":{"0":444,"1":0,"2":0},"b":{},"_coverageSchema":"1a1c01bbd47fc00a2c39e90264f33305004495a9","hash":"adeb47352285d14424ba71fccbad601715bb748d"}
,"/home/sdf/cs4218/cs4218-2520-ecom-project-cs4218-2520-team28/client/src/components/Routes/AdminRoute.js": {"path":"/home/sdf/cs4218/cs4218-2520-ecom-project-cs4218-2520-team28/client/src/components/Routes/AdminRoute.js","statementMap":{"0":{"start":{"line":9,"column":23},"end":{"line":9,"column":38}},"1":{"start":{"line":14,"column":44},"end":{"line":14,"column":61}},"2":{"start":{"line":15,"column":27},"end":{"line":15,"column":36}},"3":{"start":{"line":17,"column":4},"end":{"line":55,"column":22}},"4":{"start":{"line":18,"column":26},"end":{"line":45,"column":9}},"5":{"start":{"line":21,"column":12},"end":{"line":44,"column":13}},"6":{"start":{"line":22,"column":28},"end":{"line":22,"column":70}},"7":{"start":{"line":23,"column":16},"end":{"line":27,"column":17}},"8":{"start":{"line":24,"column":20},"end":{"line":24,"column":32}},"9":{"start":{"line":26,"column":20},"end":{"line":26,"column":33}},"10":{"start":{"line":29,"column":16},"end":{"line":29,"column":29}},"11":{"start":{"line":36,"column":16},"end":{"line":43,"column":17}},"12":{"start":{"line":37,"column":20},"end":{"line":37,"column":54}},"13":{"start":{"line":39,"column":20},"end":{"line":39,"column":45}},"14":{"start":{"line":40,"column":20},"end":{"line":40,"column":55}},"15":{"start":{"line":41,"column":20},"end":{"line":41,"column":52}},"16":{"start":{"line":42,"column":20},"end":{"line":42,"column":72}},"17":{"start":{"line":49,"column":8},"end":{"line":53,"column":9}},"18":{"start":{"line":49,"column":25},"end":{"line":49,"column":37}},"19":{"start":{"line":51,"column":12},"end":{"line":51,"column":25}},"20":{"start":{"line":52,"column":12},"end":{"line":52,"column":37}},"21":{"start":{"line":57,"column":4},"end":{"line":57,"column":60}}},"fnMap":{"0":{"name":"AdminRoute","decl":{"start":{"line":8,"column":24},"end":{"line":8,"column":34}},"loc":{"start":{"line":8,"column":36},"end":{"line":58,"column":1}},"line":8},"1":{"name":"(anonymous_1)","decl":{"start":{"line":17,"column":14},"end":{"line":17,"column":15}},"loc":{"start":{"line":17,"column":19},"end":{"line":55,"column":5}},"line":17},"2":{"name":"(anonymous_2)","decl":{"start":{"line":18,"column":26},"end":{"line":18,"column":27}},"loc":{"start":{"line":18,"column":37},"end":{"line":45,"column":9}},"line":18}},"branchMap":{"0":{"loc":{"start":{"line":23,"column":16},"end":{"line":27,"column":17}},"type":"if","locations":[{"start":{"line":23,"column":16},"end":{"line":27,"column":17}},{"start":{"line":25,"column":23},"end":{"line":27,"column":17}}],"line":23},"1":{"loc":{"start":{"line":36,"column":16},"end":{"line":43,"column":17}},"type":"if","locations":[{"start":{"line":36,"column":16},"end":{"line":43,"column":17}},{"start":{"line":38,"column":23},"end":{"line":43,"column":17}}],"line":36},"2":{"loc":{"start":{"line":49,"column":8},"end":{"line":53,"column":9}},"type":"if","locations":[{"start":{"line":49,"column":8},"end":{"line":53,"column":9}},{"start":{"line":50,"column":13},"end":{"line":53,"column":9}}],"line":49},"3":{"loc":{"start":{"line":57,"column":11},"end":{"line":57,"column":59}},"type":"cond-expr","locations":[{"start":{"line":57,"column":16},"end":{"line":57,"column":26}},{"start":{"line":57,"column":29},"end":{"line":57,"column":59}}],"line":57}},"s":{"0":108,"1":106,"2":106,"3":106,"4":72,"5":39,"6":39,"7":34,"8":31,"9":3,"10":5,"11":5,"12":1,"13":4,"14":4,"15":4,"16":4,"17":72,"18":39,"19":33,"20":33,"21":106},"f":{"0":108,"1":72,"2":39},"b":{"0":[31,3],"1":[1,4],"2":[39,33],"3":[33,73]},"_coverageSchema":"1a1c01bbd47fc00a2c39e90264f33305004495a9","hash":"ac939d392d58778b04b8a7fc80cef189d0476443"}
,"/home/sdf/cs4218/cs4218-2520-ecom-project-cs4218-2520-team28/client/src/components/Routes/Private.js": {"path":"/home/sdf/cs4218/cs4218-2520-ecom-project-cs4218-2520-team28/client/src/components/Routes/Private.js","statementMap":{"0":{"start":{"line":11,"column":23},"end":{"line":11,"column":38}},"1":{"start":{"line":13,"column":27},"end":{"line":13,"column":36}},"2":{"start":{"line":15,"column":4},"end":{"line":43,"column":22}},"3":{"start":{"line":16,"column":26},"end":{"line":33,"column":9}},"4":{"start":{"line":19,"column":12},"end":{"line":32,"column":13}},"5":{"start":{"line":20,"column":28},"end":{"line":20,"column":69}},"6":{"start":{"line":21,"column":16},"end":{"line":25,"column":17}},"7":{"start":{"line":22,"column":20},"end":{"line":22,"column":32}},"8":{"start":{"line":24,"column":20},"end":{"line":24,"column":33}},"9":{"start":{"line":28,"column":16},"end":{"line":28,"column":29}},"10":{"start":{"line":29,"column":16},"end":{"line":29,"column":51}},"11":{"start":{"line":30,"column":16},"end":{"line":30,"column":48}},"12":{"start":{"line":31,"column":16},"end":{"line":31,"column":68}},"13":{"start":{"line":37,"column":8},"end":{"line":41,"column":9}},"14":{"start":{"line":38,"column":12},"end":{"line":38,"column":24}},"15":{"start":{"line":40,"column":12},"end":{"line":40,"column":25}},"16":{"start":{"line":45,"column":4},"end":{"line":45,"column":53}}},"fnMap":{"0":{"name":"PrivateRoute","decl":{"start":{"line":10,"column":24},"end":{"line":10,"column":36}},"loc":{"start":{"line":10,"column":38},"end":{"line":46,"column":1}},"line":10},"1":{"name":"(anonymous_1)","decl":{"start":{"line":15,"column":14},"end":{"line":15,"column":15}},"loc":{"start":{"line":15,"column":19},"end":{"line":43,"column":5}},"line":15},"2":{"name":"(anonymous_2)","decl":{"start":{"line":16,"column":26},"end":{"line":16,"column":27}},"loc":{"start":{"line":16,"column":37},"end":{"line":33,"column":9}},"line":16}},"branchMap":{"0":{"loc":{"start":{"line":21,"column":16},"end":{"line":25,"column":17}},"type":"if","locations":[{"start":{"line":21,"column":16},"end":{"line":25,"column":17}},{"start":{"line":23,"column":23},"end":{"line":25,"column":17}}],"line":21},"1":{"loc":{"start":{"line":37,"column":8},"end":{"line":41,"column":9}},"type":"if","locations":[{"start":{"line":37,"column":8},"end":{"line":41,"column":9}},{"start":{"line":39,"column":15},"end":{"line":41,"column":9}}],"line":37},"2":{"loc":{"start":{"line":45,"column":11},"end":{"line":45,"column":52}},"type":"cond-expr","locations":[{"start":{"line":45,"column":16},"end":{"line":45,"column":26}},{"start":{"line":45,"column":29},"end":{"line":45,"column":52}}],"line":45}},"s":{"0":59,"1":59,"2":59,"3":41,"4":24,"5":24,"6":21,"7":18,"8":3,"9":3,"10":3,"11":3,"12":3,"13":41,"14":24,"15":17,"16":59},"f":{"0":59,"1":41,"2":24},"b":{"0":[18,3],"1":[24,17],"2":[18,41]},"_coverageSchema":"1a1c01bbd47fc00a2c39e90264f33305004495a9","hash":"365e46df4852d5f7533a51d33441055ff046c445"}
,"/home/sdf/cs4218/cs4218-2520-ecom-project-cs4218-2520-team28/client/src/context/auth.js": {"path":"/home/sdf/cs4218/cs4218-2520-ecom-project-cs4218-2520-team28/client/src/context/auth.js","statementMap":{"0":{"start":{"line":4,"column":20},"end":{"line":4,"column":35}},"1":{"start":{"line":6,"column":21},"end":{"line":37,"column":1}},"2":{"start":{"line":7,"column":26},"end":{"line":10,"column":4}},"3":{"start":{"line":13,"column":2},"end":{"line":17,"column":3}},"4":{"start":{"line":14,"column":4},"end":{"line":14,"column":64}},"5":{"start":{"line":16,"column":4},"end":{"line":16,"column":58}},"6":{"start":{"line":19,"column":2},"end":{"line":30,"column":9}},"7":{"start":{"line":20,"column":17},"end":{"line":20,"column":45}},"8":{"start":{"line":21,"column":4},"end":{"line":28,"column":5}},"9":{"start":{"line":22,"column":24},"end":{"line":22,"column":40}},"10":{"start":{"line":23,"column":6},"end":{"line":27,"column":9}},"11":{"start":{"line":32,"column":2},"end":{"line":36,"column":4}},"12":{"start":{"line":40,"column":16},"end":{"line":40,"column":45}},"13":{"start":{"line":40,"column":22},"end":{"line":40,"column":45}}},"fnMap":{"0":{"name":"(anonymous_0)","decl":{"start":{"line":6,"column":21},"end":{"line":6,"column":22}},"loc":{"start":{"line":6,"column":39},"end":{"line":37,"column":1}},"line":6},"1":{"name":"(anonymous_1)","decl":{"start":{"line":19,"column":12},"end":{"line":19,"column":13}},"loc":{"start":{"line":19,"column":18},"end":{"line":30,"column":3}},"line":19},"2":{"name":"(anonymous_2)","decl":{"start":{"line":40,"column":16},"end":{"line":40,"column":17}},"loc":{"start":{"line":40,"column":22},"end":{"line":40,"column":45}},"line":40}},"branchMap":{"0":{"loc":{"start":{"line":13,"column":2},"end":{"line":17,"column":3}},"type":"if","locations":[{"start":{"line":13,"column":2},"end":{"line":17,"column":3}},{"start":{"line":15,"column":9},"end":{"line":17,"column":3}}],"line":13},"1":{"loc":{"start":{"line":21,"column":4},"end":{"line":28,"column":5}},"type":"if","locations":[{"start":{"line":21,"column":4},"end":{"line":28,"column":5}},{"start":{},"end":{}}],"line":21}},"s":{"0":14,"1":14,"2":237,"3":237,"4":76,"5":161,"6":237,"7":157,"8":157,"9":75,"10":75,"11":237,"12":14,"13":1065},"f":{"0":237,"1":157,"2":1065},"b":{"0":[76,161],"1":[75,82]},"_coverageSchema":"1a1c01bbd47fc00a2c39e90264f33305004495a9","hash":"4e23abda36488c1d5f0a982e122cccc02f7e480a"}
,"/home/sdf/cs4218/cs4218-2520-ecom-project-cs4218-2520-team28/client/src/context/cart.js": {"path":"/home/sdf/cs4218/cs4218-2520-ecom-project-cs4218-2520-team28/client/src/context/cart.js","statementMap":{"0":{"start":{"line":26,"column":20},"end":{"line":26,"column":35}},"1":{"start":{"line":28,"column":21},"end":{"line":78,"column":1}},"2":{"start":{"line":29,"column":17},"end":{"line":29,"column":26}},"3":{"start":{"line":30,"column":17},"end":{"line":30,"column":40}},"4":{"start":{"line":31,"column":21},"end":{"line":31,"column":88}},"5":{"start":{"line":31,"column":36},"end":{"line":31,"column":76}},"6":{"start":{"line":33,"column":26},"end":{"line":33,"column":38}},"7":{"start":{"line":36,"column":2},"end":{"line":62,"column":19}},"8":{"start":{"line":37,"column":4},"end":{"line":61,"column":5}},"9":{"start":{"line":38,"column":20},"end":{"line":38,"column":52}},"10":{"start":{"line":39,"column":21},"end":{"line":39,"column":51}},"11":{"start":{"line":40,"column":21},"end":{"line":40,"column":56}},"12":{"start":{"line":44,"column":6},"end":{"line":56,"column":7}},"13":{"start":{"line":45,"column":8},"end":{"line":55,"column":9}},"14":{"start":{"line":46,"column":29},"end":{"line":46,"column":63}},"15":{"start":{"line":47,"column":10},"end":{"line":52,"column":11}},"16":{"start":{"line":48,"column":32},"end":{"line":48,"column":54}},"17":{"start":{"line":49,"column":12},"end":{"line":51,"column":13}},"18":{"start":{"line":50,"column":14},"end":{"line":50,"column":37}},"19":{"start":{"line":58,"column":6},"end":{"line":58,"column":24}},"20":{"start":{"line":60,"column":6},"end":{"line":60,"column":18}},"21":{"start":{"line":65,"column":2},"end":{"line":71,"column":25}},"22":{"start":{"line":66,"column":4},"end":{"line":70,"column":5}},"23":{"start":{"line":67,"column":6},"end":{"line":67,"column":61}},"24":{"start":{"line":73,"column":2},"end":{"line":77,"column":4}},"25":{"start":{"line":80,"column":16},"end":{"line":84,"column":1}},"26":{"start":{"line":81,"column":14},"end":{"line":81,"column":37}},"27":{"start":{"line":82,"column":2},"end":{"line":82,"column":74}},"28":{"start":{"line":82,"column":12},"end":{"line":82,"column":74}},"29":{"start":{"line":83,"column":2},"end":{"line":83,"column":13}}},"fnMap":{"0":{"name":"(anonymous_0)","decl":{"start":{"line":28,"column":21},"end":{"line":28,"column":22}},"loc":{"start":{"line":28,"column":39},"end":{"line":78,"column":1}},"line":28},"1":{"name":"(anonymous_1)","decl":{"start":{"line":31,"column":29},"end":{"line":31,"column":30}},"loc":{"start":{"line":31,"column":36},"end":{"line":31,"column":76}},"line":31},"2":{"name":"(anonymous_2)","decl":{"start":{"line":36,"column":12},"end":{"line":36,"column":13}},"loc":{"start":{"line":36,"column":18},"end":{"line":62,"column":3}},"line":36},"3":{"name":"(anonymous_3)","decl":{"start":{"line":65,"column":12},"end":{"line":65,"column":13}},"loc":{"start":{"line":65,"column":18},"end":{"line":71,"column":3}},"line":65},"4":{"name":"(anonymous_4)","decl":{"start":{"line":80,"column":16},"end":{"line":80,"column":17}},"loc":{"start":{"line":80,"column":22},"end":{"line":84,"column":1}},"line":80}},"branchMap":{"0":{"loc":{"start":{"line":30,"column":17},"end":{"line":30,"column":40}},"type":"binary-expr","locations":[{"start":{"line":30,"column":17},"end":{"line":30,"column":32}},{"start":{"line":30,"column":36},"end":{"line":30,"column":40}}],"line":30},"1":{"loc":{"start":{"line":31,"column":36},"end":{"line":31,"column":76}},"type":"cond-expr","locations":[{"start":{"line":31,"column":45},"end":{"line":31,"column":61}},{"start":{"line":31,"column":64},"end":{"line":31,"column":76}}],"line":31},"2":{"loc":{"start":{"line":39,"column":21},"end":{"line":39,"column":51}},"type":"cond-expr","locations":[{"start":{"line":39,"column":29},"end":{"line":39,"column":46}},{"start":{"line":39,"column":49},"end":{"line":39,"column":51}}],"line":39},"3":{"loc":{"start":{"line":40,"column":21},"end":{"line":40,"column":56}},"type":"cond-expr","locations":[{"start":{"line":40,"column":45},"end":{"line":40,"column":51}},{"start":{"line":40,"column":54},"end":{"line":40,"column":56}}],"line":40},"4":{"loc":{"start":{"line":44,"column":6},"end":{"line":56,"column":7}},"type":"if","locations":[{"start":{"line":44,"column":6},"end":{"line":56,"column":7}},{"start":{},"end":{}}],"line":44},"5":{"loc":{"start":{"line":44,"column":10},"end":{"line":44,"column":62}},"type":"binary-expr","locations":[{"start":{"line":44,"column":10},"end":{"line":44,"column":37}},{"start":{"line":44,"column":41},"end":{"line":44,"column":62}}],"line":44},"6":{"loc":{"start":{"line":47,"column":10},"end":{"line":52,"column":11}},"type":"if","locations":[{"start":{"line":47,"column":10},"end":{"line":52,"column":11}},{"start":{},"end":{}}],"line":47},"7":{"loc":{"start":{"line":49,"column":12},"end":{"line":51,"column":13}},"type":"if","locations":[{"start":{"line":49,"column":12},"end":{"line":51,"column":13}},{"start":{},"end":{}}],"line":49},"8":{"loc":{"start":{"line":49,"column":16},"end":{"line":49,"column":68}},"type":"binary-expr","locations":[{"start":{"line":49,"column":16},"end":{"line":49,"column":42}},{"start":{"line":49,"column":46},"end":{"line":49,"column":68}}],"line":49},"9":{"loc":{"start":{"line":82,"column":2},"end":{"line":82,"column":74}},"type":"if","locations":[{"start":{"line":82,"column":2},"end":{"line":82,"column":74}},{"start":{},"end":{}}],"line":82}},"s":{"0":14,"1":14,"2":484,"3":484,"4":484,"5":270,"6":484,"7":484,"8":270,"9":270,"10":270,"11":268,"12":268,"13":68,"14":68,"15":68,"16":59,"17":59,"18":1,"19":268,"20":2,"21":484,"22":484,"23":484,"24":484,"25":14,"26":666,"27":665,"28":4,"29":661},"f":{"0":484,"1":270,"2":270,"3":484,"4":666},"b":{"0":[484,275],"1":[99,171],"2":[141,129],"3":[267,1],"4":[68,200],"5":[268,98],"6":[59,9],"7":[1,58],"8":[59,59],"9":[4,661]},"_coverageSchema":"1a1c01bbd47fc00a2c39e90264f33305004495a9","hash":"cc2f2611bf2c23ecf214a78700ef181b1f4e5861"}
,"/home/sdf/cs4218/cs4218-2520-ecom-project-cs4218-2520-team28/client/src/context/search.js": {"path":"/home/sdf/cs4218/cs4218-2520-ecom-project-cs4218-2520-team28/client/src/context/search.js","statementMap":{"0":{"start":{"line":3,"column":22},"end":{"line":3,"column":37}},"1":{"start":{"line":4,"column":23},"end":{"line":15,"column":1}},"2":{"start":{"line":5,"column":26},"end":{"line":8,"column":4}},"3":{"start":{"line":10,"column":2},"end":{"line":14,"column":4}},"4":{"start":{"line":18,"column":18},"end":{"line":18,"column":49}},"5":{"start":{"line":18,"column":24},"end":{"line":18,"column":49}}},"fnMap":{"0":{"name":"(anonymous_0)","decl":{"start":{"line":4,"column":23},"end":{"line":4,"column":24}},"loc":{"start":{"line":4,"column":41},"end":{"line":15,"column":1}},"line":4},"1":{"name":"(anonymous_1)","decl":{"start":{"line":18,"column":18},"end":{"line":18,"column":19}},"loc":{"start":{"line":18,"column":24},"end":{"line":18,"column":49}},"line":18}},"branchMap":{},"s":{"0":11,"1":11,"2":154,"3":154,"4":11,"5":417},"f":{"0":154,"1":417},"b":{},"_coverageSchema":"1a1c01bbd47fc00a2c39e90264f33305004495a9","hash":"4b4906be8650dd89f2550c30d4e2f47d73c9804f"}
,"/home/sdf/cs4218/cs4218-2520-ecom-project-cs4218-2520-team28/client/src/hooks/useCategory.js": {"path":"/home/sdf/cs4218/cs4218-2520-ecom-project-cs4218-2520-team28/client/src/hooks/useCategory.js","statementMap":{"0":{"start":{"line":5,"column":38},"end":{"line":5,"column":50}},"1":{"start":{"line":8,"column":24},"end":{"line":15,"column":3}},"2":{"start":{"line":9,"column":4},"end":{"line":14,"column":5}},"3":{"start":{"line":10,"column":23},"end":{"line":10,"column":71}},"4":{"start":{"line":11,"column":6},"end":{"line":11,"column":36}},"5":{"start":{"line":13,"column":6},"end":{"line":13,"column":25}},"6":{"start":{"line":17,"column":2},"end":{"line":25,"column":9}},"7":{"start":{"line":18,"column":4},"end":{"line":18,"column":20}},"8":{"start":{"line":23,"column":4},"end":{"line":23,"column":62}},"9":{"start":{"line":24,"column":4},"end":{"line":24,"column":78}},"10":{"start":{"line":24,"column":17},"end":{"line":24,"column":77}},"11":{"start":{"line":27,"column":2},"end":{"line":27,"column":20}}},"fnMap":{"0":{"name":"useCategory","decl":{"start":{"line":4,"column":24},"end":{"line":4,"column":35}},"loc":{"start":{"line":4,"column":38},"end":{"line":28,"column":1}},"line":4},"1":{"name":"(anonymous_1)","decl":{"start":{"line":8,"column":24},"end":{"line":8,"column":25}},"loc":{"start":{"line":8,"column":36},"end":{"line":15,"column":3}},"line":8},"2":{"name":"(anonymous_2)","decl":{"start":{"line":17,"column":12},"end":{"line":17,"column":13}},"loc":{"start":{"line":17,"column":18},"end":{"line":25,"column":3}},"line":17},"3":{"name":"(anonymous_3)","decl":{"start":{"line":24,"column":11},"end":{"line":24,"column":12}},"loc":{"start":{"line":24,"column":17},"end":{"line":24,"column":77}},"line":24}},"branchMap":{},"s":{"0":444,"1":444,"2":177,"3":177,"4":170,"5":7,"6":444,"7":174,"8":174,"9":174,"10":174,"11":444},"f":{"0":444,"1":177,"2":174,"3":174},"b":{},"_coverageSchema":"1a1c01bbd47fc00a2c39e90264f33305004495a9","hash":"946b7975c92100f7678e09029f849a88bd3a6a24"}
,"/home/sdf/cs4218/cs4218-2520-ecom-project-cs4218-2520-team28/client/src/pages/About.js": {"path":"/home/sdf/cs4218/cs4218-2520-ecom-project-cs4218-2520-team28/client/src/pages/About.js","statementMap":{"0":{"start":{"line":4,"column":14},"end":{"line":23,"column":1}},"1":{"start":{"line":5,"column":2},"end":{"line":22,"column":4}}},"fnMap":{"0":{"name":"(anonymous_0)","decl":{"start":{"line":4,"column":14},"end":{"line":4,"column":15}},"loc":{"start":{"line":4,"column":20},"end":{"line":23,"column":1}},"line":4}},"branchMap":{},"s":{"0":12,"1":3},"f":{"0":3},"b":{},"_coverageSchema":"1a1c01bbd47fc00a2c39e90264f33305004495a9","hash":"0241383156a3a3086d769f9f8b11ece43f868f69"}
,"/home/sdf/cs4218/cs4218-2520-ecom-project-cs4218-2520-team28/client/src/pages/CartPage.js": {"path":"/home/sdf/cs4218/cs4218-2520-ecom-project-cs4218-2520-team28/client/src/pages/CartPage.js","statementMap":{"0":{"start":{"line":29,"column":17},"end":{"line":230,"column":1}},"1":{"start":{"line":31,"column":26},"end":{"line":31,"column":35}},"2":{"start":{"line":32,"column":26},"end":{"line":32,"column":35}},"3":{"start":{"line":33,"column":40},"end":{"line":33,"column":52}},"4":{"start":{"line":34,"column":34},"end":{"line":34,"column":46}},"5":{"start":{"line":35,"column":32},"end":{"line":35,"column":47}},"6":{"start":{"line":36,"column":19},"end":{"line":36,"column":32}},"7":{"start":{"line":39,"column":21},"end":{"line":55,"column":3}},"8":{"start":{"line":40,"column":4},"end":{"line":54,"column":5}},"9":{"start":{"line":41,"column":18},"end":{"line":41,"column":19}},"10":{"start":{"line":43,"column":6},"end":{"line":46,"column":9}},"11":{"start":{"line":44,"column":22},"end":{"line":44,"column":46}},"12":{"start":{"line":45,"column":8},"end":{"line":45,"column":30}},"13":{"start":{"line":47,"column":6},"end":{"line":50,"column":9}},"14":{"start":{"line":52,"column":6},"end":{"line":52,"column":25}},"15":{"start":{"line":53,"column":6},"end":{"line":53,"column":39}},"16":{"start":{"line":60,"column":25},"end":{"line":68,"column":3}},"17":{"start":{"line":61,"column":4},"end":{"line":67,"column":5}},"18":{"start":{"line":62,"column":19},"end":{"line":62,"column":28}},"19":{"start":{"line":63,"column":6},"end":{"line":63,"column":30}},"20":{"start":{"line":64,"column":6},"end":{"line":64,"column":22}},"21":{"start":{"line":66,"column":6},"end":{"line":66,"column":25}},"22":{"start":{"line":71,"column":19},"end":{"line":79,"column":3}},"23":{"start":{"line":72,"column":4},"end":{"line":78,"column":5}},"24":{"start":{"line":74,"column":23},"end":{"line":74,"column":73}},"25":{"start":{"line":75,"column":6},"end":{"line":75,"column":40}},"26":{"start":{"line":77,"column":6},"end":{"line":77,"column":25}},"27":{"start":{"line":80,"column":2},"end":{"line":82,"column":20}},"28":{"start":{"line":81,"column":4},"end":{"line":81,"column":15}},"29":{"start":{"line":85,"column":24},"end":{"line":108,"column":3}},"30":{"start":{"line":86,"column":4},"end":{"line":107,"column":5}},"31":{"start":{"line":87,"column":6},"end":{"line":87,"column":23}},"32":{"start":{"line":88,"column":24},"end":{"line":88,"column":61}},"33":{"start":{"line":93,"column":23},"end":{"line":96,"column":8}},"34":{"start":{"line":97,"column":6},"end":{"line":97,"column":24}},"35":{"start":{"line":98,"column":6},"end":{"line":98,"column":18}},"36":{"start":{"line":99,"column":6},"end":{"line":99,"column":41}},"37":{"start":{"line":100,"column":6},"end":{"line":100,"column":55}},"38":{"start":{"line":102,"column":6},"end":{"line":102,"column":25}},"39":{"start":{"line":103,"column":6},"end":{"line":103,"column":24}},"40":{"start":{"line":106,"column":6},"end":{"line":106,"column":55}},"41":{"start":{"line":109,"column":2},"end":{"line":229,"column":4}},"42":{"start":{"line":132,"column":16},"end":{"line":155,"column":22}},"43":{"start":{"line":150,"column":37},"end":{"line":150,"column":58}},"44":{"start":{"line":170,"column":37},"end":{"line":170,"column":72}},"45":{"start":{"line":181,"column":37},"end":{"line":181,"column":72}},"46":{"start":{"line":189,"column":24},"end":{"line":191,"column":26}},"47":{"start":{"line":211,"column":48},"end":{"line":211,"column":69}}},"fnMap":{"0":{"name":"(anonymous_0)","decl":{"start":{"line":29,"column":17},"end":{"line":29,"column":18}},"loc":{"start":{"line":29,"column":23},"end":{"line":230,"column":1}},"line":29},"1":{"name":"(anonymous_1)","decl":{"start":{"line":39,"column":21},"end":{"line":39,"column":22}},"loc":{"start":{"line":39,"column":27},"end":{"line":55,"column":3}},"line":39},"2":{"name":"(anonymous_2)","decl":{"start":{"line":43,"column":20},"end":{"line":43,"column":21}},"loc":{"start":{"line":43,"column":30},"end":{"line":46,"column":7}},"line":43},"3":{"name":"(anonymous_3)","decl":{"start":{"line":60,"column":25},"end":{"line":60,"column":26}},"loc":{"start":{"line":60,"column":36},"end":{"line":68,"column":3}},"line":60},"4":{"name":"(anonymous_4)","decl":{"start":{"line":71,"column":19},"end":{"line":71,"column":20}},"loc":{"start":{"line":71,"column":31},"end":{"line":79,"column":3}},"line":71},"5":{"name":"(anonymous_5)","decl":{"start":{"line":80,"column":12},"end":{"line":80,"column":13}},"loc":{"start":{"line":80,"column":18},"end":{"line":82,"column":3}},"line":80},"6":{"name":"(anonymous_6)","decl":{"start":{"line":85,"column":24},"end":{"line":85,"column":25}},"loc":{"start":{"line":85,"column":36},"end":{"line":108,"column":3}},"line":85},"7":{"name":"(anonymous_7)","decl":{"start":{"line":131,"column":25},"end":{"line":131,"column":26}},"loc":{"start":{"line":132,"column":16},"end":{"line":155,"column":22}},"line":132},"8":{"name":"(anonymous_8)","decl":{"start":{"line":150,"column":31},"end":{"line":150,"column":32}},"loc":{"start":{"line":150,"column":37},"end":{"line":150,"column":58}},"line":150},"9":{"name":"(anonymous_9)","decl":{"start":{"line":170,"column":31},"end":{"line":170,"column":32}},"loc":{"start":{"line":170,"column":37},"end":{"line":170,"column":72}},"line":170},"10":{"name":"(anonymous_10)","decl":{"start":{"line":181,"column":31},"end":{"line":181,"column":32}},"loc":{"start":{"line":181,"column":37},"end":{"line":181,"column":72}},"line":181},"11":{"name":"(anonymous_11)","decl":{"start":{"line":188,"column":31},"end":{"line":188,"column":32}},"loc":{"start":{"line":189,"column":24},"end":{"line":191,"column":26}},"line":189},"12":{"name":"(anonymous_12)","decl":{"start":{"line":211,"column":34},"end":{"line":211,"column":35}},"loc":{"start":{"line":211,"column":48},"end":{"line":211,"column":69}},"line":211}},"branchMap":{"0":{"loc":{"start":{"line":44,"column":22},"end":{"line":44,"column":46}},"type":"binary-expr","locations":[{"start":{"line":44,"column":22},"end":{"line":44,"column":41}},{"start":{"line":44,"column":45},"end":{"line":44,"column":46}}],"line":44},"1":{"loc":{"start":{"line":115,"column":15},"end":{"line":117,"column":61}},"type":"cond-expr","locations":[{"start":{"line":116,"column":18},"end":{"line":116,"column":31}},{"start":{"line":117,"column":18},"end":{"line":117,"column":61}}],"line":115},"2":{"loc":{"start":{"line":117,"column":28},"end":{"line":117,"column":59}},"type":"binary-expr","locations":[{"start":{"line":117,"column":28},"end":{"line":117,"column":39}},{"start":{"line":117,"column":43},"end":{"line":117,"column":59}}],"line":117},"3":{"loc":{"start":{"line":119,"column":17},"end":{"line":123,"column":41}},"type":"cond-expr","locations":[{"start":{"line":120,"column":20},"end":{"line":122,"column":22}},{"start":{"line":123,"column":20},"end":{"line":123,"column":41}}],"line":119},"4":{"loc":{"start":{"line":121,"column":22},"end":{"line":121,"column":69}},"type":"cond-expr","locations":[{"start":{"line":121,"column":36},"end":{"line":121,"column":38}},{"start":{"line":121,"column":41},"end":{"line":121,"column":69}}],"line":121},"5":{"loc":{"start":{"line":144,"column":25},"end":{"line":144,"column":62}},"type":"binary-expr","locations":[{"start":{"line":144,"column":25},"end":{"line":144,"column":56}},{"start":{"line":144,"column":60},"end":{"line":144,"column":62}}],"line":144},"6":{"loc":{"start":{"line":163,"column":15},"end":{"line":198,"column":15}},"type":"cond-expr","locations":[{"start":{"line":164,"column":16},"end":{"line":175,"column":19}},{"start":{"line":177,"column":16},"end":{"line":197,"column":22}}],"line":163},"7":{"loc":{"start":{"line":178,"column":19},"end":{"line":196,"column":19}},"type":"cond-expr","locations":[{"start":{"line":179,"column":20},"end":{"line":184,"column":29}},{"start":{"line":186,"column":20},"end":{"line":195,"column":29}}],"line":178},"8":{"loc":{"start":{"line":200,"column":17},"end":{"line":222,"column":17}},"type":"cond-expr","locations":[{"start":{"line":201,"column":18},"end":{"line":201,"column":20}},{"start":{"line":203,"column":18},"end":{"line":221,"column":21}}],"line":200},"9":{"loc":{"start":{"line":200,"column":17},"end":{"line":200,"column":62}},"type":"binary-expr","locations":[{"start":{"line":200,"column":17},"end":{"line":200,"column":29}},{"start":{"line":200,"column":33},"end":{"line":200,"column":45}},{"start":{"line":200,"column":49},"end":{"line":200,"column":62}}],"line":200},"10":{"loc":{"start":{"line":217,"column":32},"end":{"line":217,"column":76}},"type":"binary-expr","locations":[{"start":{"line":217,"column":32},"end":{"line":217,"column":39}},{"start":{"line":217,"column":43},"end":{"line":217,"column":52}},{"start":{"line":217,"column":56},"end":{"line":217,"column":76}}],"line":217},"11":{"loc":{"start":{"line":219,"column":23},"end":{"line":219,"column":67}},"type":"cond-expr","locations":[{"start":{"line":219,"column":33},"end":{"line":219,"column":50}},{"start":{"line":219,"column":53},"end":{"line":219,"column":67}}],"line":219}},"s":{"0":12,"1":154,"2":153,"3":153,"4":152,"5":152,"6":152,"7":152,"8":152,"9":152,"10":152,"11":118,"12":118,"13":152,"14":1,"15":1,"16":152,"17":11,"18":11,"19":11,"20":11,"21":1,"22":152,"23":99,"24":99,"25":98,"26":1,"27":152,"28":99,"29":152,"30":5,"31":5,"32":5,"33":3,"34":3,"35":3,"36":3,"37":3,"38":1,"39":1,"40":1,"41":152,"42":118,"43":11,"44":1,"45":2,"46":2,"47":8},"f":{"0":154,"1":152,"2":118,"3":11,"4":99,"5":99,"6":5,"7":118,"8":11,"9":1,"10":2,"11":2,"12":8},"b":{"0":[118,4],"1":[77,75],"2":[75,71],"3":[82,70],"4":[48,34],"5":[118,63],"6":[32,120],"7":[43,77],"8":[127,25],"9":[152,25,25],"10":[25,20,9],"11":[5,20]},"_coverageSchema":"1a1c01bbd47fc00a2c39e90264f33305004495a9","hash":"2f1632fd014f0aff78315b5631a0e4ce9b9372fc"}
,"/home/sdf/cs4218/cs4218-2520-ecom-project-cs4218-2520-team28/client/src/pages/Categories.js": {"path":"/home/sdf/cs4218/cs4218-2520-ecom-project-cs4218-2520-team28/client/src/pages/Categories.js","statementMap":{"0":{"start":{"line":5,"column":19},"end":{"line":22,"column":1}},"1":{"start":{"line":6,"column":21},"end":{"line":6,"column":34}},"2":{"start":{"line":7,"column":2},"end":{"line":21,"column":4}},"3":{"start":{"line":12,"column":12},"end":{"line":16,"column":18}}},"fnMap":{"0":{"name":"(anonymous_0)","decl":{"start":{"line":5,"column":19},"end":{"line":5,"column":20}},"loc":{"start":{"line":5,"column":25},"end":{"line":22,"column":1}},"line":5},"1":{"name":"(anonymous_1)","decl":{"start":{"line":11,"column":26},"end":{"line":11,"column":27}},"loc":{"start":{"line":12,"column":12},"end":{"line":16,"column":18}},"line":12}},"branchMap":{},"s":{"0":11,"1":0,"2":0,"3":0},"f":{"0":0,"1":0},"b":{},"_coverageSchema":"1a1c01bbd47fc00a2c39e90264f33305004495a9","hash":"bd8929a3ca8c9d0d6a22c869fc32c8c328bb4a1a"}
,"/home/sdf/cs4218/cs4218-2520-ecom-project-cs4218-2520-team28/client/src/pages/CategoryProduct.js": {"path":"/home/sdf/cs4218/cs4218-2520-ecom-project-cs4218-2520-team28/client/src/pages/CategoryProduct.js","statementMap":{"0":{"start":{"line":14,"column":24},"end":{"line":112,"column":1}},"1":{"start":{"line":15,"column":17},"end":{"line":15,"column":28}},"2":{"start":{"line":16,"column":19},"end":{"line":16,"column":32}},"3":{"start":{"line":17,"column":34},"end":{"line":17,"column":46}},"4":{"start":{"line":19,"column":34},"end":{"line":19,"column":46}},"5":{"start":{"line":21,"column":2},"end":{"line":24,"column":21}},"6":{"start":{"line":23,"column":4},"end":{"line":23,"column":41}},"7":{"start":{"line":23,"column":22},"end":{"line":23,"column":41}},"8":{"start":{"line":25,"column":27},"end":{"line":35,"column":3}},"9":{"start":{"line":26,"column":4},"end":{"line":34,"column":5}},"10":{"start":{"line":27,"column":23},"end":{"line":29,"column":7}},"11":{"start":{"line":30,"column":6},"end":{"line":30,"column":34}},"12":{"start":{"line":31,"column":6},"end":{"line":31,"column":34}},"13":{"start":{"line":33,"column":6},"end":{"line":33,"column":25}},"14":{"start":{"line":37,"column":2},"end":{"line":111,"column":4}},"15":{"start":{"line":46,"column":16},"end":{"line":91,"column":22}},"16":{"start":{"line":72,"column":39},"end":{"line":72,"column":69}}},"fnMap":{"0":{"name":"(anonymous_0)","decl":{"start":{"line":14,"column":24},"end":{"line":14,"column":25}},"loc":{"start":{"line":14,"column":30},"end":{"line":112,"column":1}},"line":14},"1":{"name":"(anonymous_1)","decl":{"start":{"line":21,"column":12},"end":{"line":21,"column":13}},"loc":{"start":{"line":21,"column":18},"end":{"line":24,"column":3}},"line":21},"2":{"name":"(anonymous_2)","decl":{"start":{"line":25,"column":27},"end":{"line":25,"column":28}},"loc":{"start":{"line":25,"column":39},"end":{"line":35,"column":3}},"line":25},"3":{"name":"(anonymous_3)","decl":{"start":{"line":45,"column":29},"end":{"line":45,"column":30}},"loc":{"start":{"line":46,"column":16},"end":{"line":91,"column":22}},"line":46},"4":{"name":"(anonymous_4)","decl":{"start":{"line":72,"column":33},"end":{"line":72,"column":34}},"loc":{"start":{"line":72,"column":39},"end":{"line":72,"column":69}},"line":72}},"branchMap":{"0":{"loc":{"start":{"line":23,"column":4},"end":{"line":23,"column":41}},"type":"if","locations":[{"start":{"line":23,"column":4},"end":{"line":23,"column":41}},{"start":{},"end":{}}],"line":23},"1":{"loc":{"start":{"line":57,"column":25},"end":{"line":62,"column":33}},"type":"cond-expr","locations":[{"start":{"line":58,"column":28},"end":{"line":61,"column":30}},{"start":{"line":62,"column":28},"end":{"line":62,"column":33}}],"line":57},"2":{"loc":{"start":{"line":57,"column":25},"end":{"line":57,"column":75}},"type":"binary-expr","locations":[{"start":{"line":57,"column":25},"end":{"line":57,"column":41}},{"start":{"line":57,"column":45},"end":{"line":57,"column":75}}],"line":57},"3":{"loc":{"start":{"line":67,"column":23},"end":{"line":67,"column":61}},"type":"binary-expr","locations":[{"start":{"line":67,"column":23},"end":{"line":67,"column":55}},{"start":{"line":67,"column":59},"end":{"line":67,"column":61}}],"line":67}},"s":{"0":13,"1":30,"2":30,"3":30,"4":30,"5":30,"6":19,"7":17,"8":30,"9":17,"10":17,"11":14,"12":14,"13":3,"14":30,"15":18,"16":3},"f":{"0":30,"1":19,"2":17,"3":18,"4":3},"b":{"0":[17,2],"1":[13,5],"2":[18,13],"3":[18,5]},"_coverageSchema":"1a1c01bbd47fc00a2c39e90264f33305004495a9","hash":"acabbc85442afb69036fd39a287ce74c13f8d548"}
,"/home/sdf/cs4218/cs4218-2520-ecom-project-cs4218-2520-team28/client/src/pages/Contact.js": {"path":"/home/sdf/cs4218/cs4218-2520-ecom-project-cs4218-2520-team28/client/src/pages/Contact.js","statementMap":{"0":{"start":{"line":7,"column":16},"end":{"line":37,"column":1}},"1":{"start":{"line":8,"column":2},"end":{"line":36,"column":4}}},"fnMap":{"0":{"name":"(anonymous_0)","decl":{"start":{"line":7,"column":16},"end":{"line":7,"column":17}},"loc":{"start":{"line":7,"column":22},"end":{"line":37,"column":1}},"line":7}},"branchMap":{},"s":{"0":12,"1":37},"f":{"0":37},"b":{},"_coverageSchema":"1a1c01bbd47fc00a2c39e90264f33305004495a9","hash":"e594d296f85b40bd0dc17dbeb04cc2a558211727"}
,"/home/sdf/cs4218/cs4218-2520-ecom-project-cs4218-2520-team28/client/src/pages/HomePage.js": {"path":"/home/sdf/cs4218/cs4218-2520-ecom-project-cs4218-2520-team28/client/src/pages/HomePage.js","statementMap":{"0":{"start":{"line":56,"column":17},"end":{"line":302,"column":1}},"1":{"start":{"line":57,"column":19},"end":{"line":57,"column":32}},"2":{"start":{"line":58,"column":26},"end":{"line":58,"column":35}},"3":{"start":{"line":61,"column":34},"end":{"line":61,"column":46}},"4":{"start":{"line":62,"column":38},"end":{"line":62,"column":50}},"5":{"start":{"line":63,"column":32},"end":{"line":63,"column":44}},"6":{"start":{"line":64,"column":28},"end":{"line":64,"column":40}},"7":{"start":{"line":65,"column":28},"end":{"line":65,"column":39}},"8":{"start":{"line":66,"column":26},"end":{"line":66,"column":37}},"9":{"start":{"line":67,"column":32},"end":{"line":67,"column":47}},"10":{"start":{"line":68,"column":21},"end":{"line":68,"column":106}},"11":{"start":{"line":68,"column":35},"end":{"line":68,"column":73}},"12":{"start":{"line":73,"column":25},"end":{"line":83,"column":8}},"13":{"start":{"line":74,"column":4},"end":{"line":82,"column":5}},"14":{"start":{"line":75,"column":23},"end":{"line":75,"column":71}},"15":{"start":{"line":76,"column":6},"end":{"line":78,"column":7}},"16":{"start":{"line":77,"column":8},"end":{"line":77,"column":38}},"17":{"start":{"line":80,"column":6},"end":{"line":80,"column":25}},"18":{"start":{"line":81,"column":6},"end":{"line":81,"column":47}},"19":{"start":{"line":86,"column":19},"end":{"line":94,"column":8}},"20":{"start":{"line":87,"column":4},"end":{"line":93,"column":5}},"21":{"start":{"line":88,"column":23},"end":{"line":88,"column":71}},"22":{"start":{"line":89,"column":6},"end":{"line":89,"column":28}},"23":{"start":{"line":91,"column":6},"end":{"line":91,"column":25}},"24":{"start":{"line":92,"column":6},"end":{"line":92,"column":50}},"25":{"start":{"line":100,"column":19},"end":{"line":115,"column":12}},"26":{"start":{"line":101,"column":4},"end":{"line":114,"column":5}},"27":{"start":{"line":102,"column":6},"end":{"line":102,"column":23}},"28":{"start":{"line":103,"column":23},"end":{"line":103,"column":78}},"29":{"start":{"line":104,"column":6},"end":{"line":104,"column":24}},"30":{"start":{"line":109,"column":6},"end":{"line":109,"column":74}},"31":{"start":{"line":109,"column":36},"end":{"line":109,"column":72}},"32":{"start":{"line":111,"column":6},"end":{"line":111,"column":25}},"33":{"start":{"line":112,"column":6},"end":{"line":112,"column":24}},"34":{"start":{"line":113,"column":6},"end":{"line":113,"column":50}},"35":{"start":{"line":118,"column":25},"end":{"line":129,"column":8}},"36":{"start":{"line":119,"column":4},"end":{"line":128,"column":5}},"37":{"start":{"line":120,"column":6},"end":{"line":120,"column":23}},"38":{"start":{"line":121,"column":23},"end":{"line":121,"column":72}},"39":{"start":{"line":122,"column":6},"end":{"line":122,"column":24}},"40":{"start":{"line":123,"column":6},"end":{"line":123,"column":33}},"41":{"start":{"line":125,"column":6},"end":{"line":125,"column":24}},"42":{"start":{"line":126,"column":6},"end":{"line":126,"column":25}},"43":{"start":{"line":127,"column":6},"end":{"line":127,"column":45}},"44":{"start":{"line":133,"column":24},"end":{"line":147,"column":22}},"45":{"start":{"line":134,"column":4},"end":{"line":146,"column":5}},"46":{"start":{"line":135,"column":6},"end":{"line":135,"column":23}},"47":{"start":{"line":136,"column":23},"end":{"line":139,"column":8}},"48":{"start":{"line":140,"column":6},"end":{"line":140,"column":24}},"49":{"start":{"line":141,"column":6},"end":{"line":141,"column":34}},"50":{"start":{"line":143,"column":6},"end":{"line":143,"column":25}},"51":{"start":{"line":144,"column":6},"end":{"line":144,"column":24}},"52":{"start":{"line":145,"column":6},"end":{"line":145,"column":47}},"53":{"start":{"line":150,"column":23},"end":{"line":158,"column":15}},"54":{"start":{"line":151,"column":14},"end":{"line":151,"column":26}},"55":{"start":{"line":152,"column":4},"end":{"line":156,"column":5}},"56":{"start":{"line":153,"column":6},"end":{"line":153,"column":19}},"57":{"start":{"line":155,"column":6},"end":{"line":155,"column":40}},"58":{"start":{"line":155,"column":30},"end":{"line":155,"column":38}},"59":{"start":{"line":157,"column":4},"end":{"line":157,"column":20}},"60":{"start":{"line":162,"column":2},"end":{"line":165,"column":33}},"61":{"start":{"line":163,"column":4},"end":{"line":163,"column":21}},"62":{"start":{"line":164,"column":4},"end":{"line":164,"column":15}},"63":{"start":{"line":167,"column":2},"end":{"line":170,"column":23}},"64":{"start":{"line":168,"column":4},"end":{"line":168,"column":27}},"65":{"start":{"line":168,"column":20},"end":{"line":168,"column":27}},"66":{"start":{"line":169,"column":4},"end":{"line":169,"column":15}},"67":{"start":{"line":172,"column":2},"end":{"line":177,"column":53}},"68":{"start":{"line":173,"column":4},"end":{"line":176,"column":5}},"69":{"start":{"line":174,"column":6},"end":{"line":174,"column":17}},"70":{"start":{"line":175,"column":6},"end":{"line":175,"column":23}},"71":{"start":{"line":179,"column":2},"end":{"line":181,"column":38}},"72":{"start":{"line":180,"column":4},"end":{"line":180,"column":56}},"73":{"start":{"line":180,"column":40},"end":{"line":180,"column":56}},"74":{"start":{"line":184,"column":2},"end":{"line":301,"column":4}},"75":{"start":{"line":201,"column":14},"end":{"line":208,"column":20}},"76":{"start":{"line":204,"column":35},"end":{"line":204,"column":72}},"77":{"start":{"line":214,"column":56},"end":{"line":214,"column":80}},"78":{"start":{"line":216,"column":16},"end":{"line":218,"column":22}},"79":{"start":{"line":227,"column":16},"end":{"line":227,"column":31}},"80":{"start":{"line":228,"column":16},"end":{"line":228,"column":29}},"81":{"start":{"line":242,"column":16},"end":{"line":279,"column":22}},"82":{"start":{"line":264,"column":39},"end":{"line":264,"column":69}},"83":{"start":{"line":271,"column":26},"end":{"line":271,"column":48}},"84":{"start":{"line":272,"column":26},"end":{"line":272,"column":62}},"85":{"start":{"line":290,"column":18},"end":{"line":290,"column":37}},"86":{"start":{"line":291,"column":18},"end":{"line":291,"column":36}}},"fnMap":{"0":{"name":"(anonymous_0)","decl":{"start":{"line":56,"column":17},"end":{"line":56,"column":18}},"loc":{"start":{"line":56,"column":23},"end":{"line":302,"column":1}},"line":56},"1":{"name":"(anonymous_1)","decl":{"start":{"line":68,"column":29},"end":{"line":68,"column":30}},"loc":{"start":{"line":68,"column":35},"end":{"line":68,"column":73}},"line":68},"2":{"name":"(anonymous_2)","decl":{"start":{"line":73,"column":37},"end":{"line":73,"column":38}},"loc":{"start":{"line":73,"column":49},"end":{"line":83,"column":3}},"line":73},"3":{"name":"(anonymous_3)","decl":{"start":{"line":86,"column":31},"end":{"line":86,"column":32}},"loc":{"start":{"line":86,"column":43},"end":{"line":94,"column":3}},"line":86},"4":{"name":"(anonymous_4)","decl":{"start":{"line":100,"column":31},"end":{"line":100,"column":32}},"loc":{"start":{"line":100,"column":43},"end":{"line":115,"column":3}},"line":100},"5":{"name":"(anonymous_5)","decl":{"start":{"line":109,"column":18},"end":{"line":109,"column":19}},"loc":{"start":{"line":109,"column":36},"end":{"line":109,"column":72}},"line":109},"6":{"name":"(anonymous_6)","decl":{"start":{"line":118,"column":37},"end":{"line":118,"column":38}},"loc":{"start":{"line":118,"column":49},"end":{"line":129,"column":3}},"line":118},"7":{"name":"(anonymous_7)","decl":{"start":{"line":133,"column":36},"end":{"line":133,"column":37}},"loc":{"start":{"line":133,"column":48},"end":{"line":147,"column":3}},"line":133},"8":{"name":"(anonymous_8)","decl":{"start":{"line":150,"column":35},"end":{"line":150,"column":36}},"loc":{"start":{"line":150,"column":50},"end":{"line":158,"column":3}},"line":150},"9":{"name":"(anonymous_9)","decl":{"start":{"line":155,"column":23},"end":{"line":155,"column":24}},"loc":{"start":{"line":155,"column":30},"end":{"line":155,"column":38}},"line":155},"10":{"name":"(anonymous_10)","decl":{"start":{"line":162,"column":12},"end":{"line":162,"column":13}},"loc":{"start":{"line":162,"column":18},"end":{"line":165,"column":3}},"line":162},"11":{"name":"(anonymous_11)","decl":{"start":{"line":167,"column":12},"end":{"line":167,"column":13}},"loc":{"start":{"line":167,"column":18},"end":{"line":170,"column":3}},"line":167},"12":{"name":"(anonymous_12)","decl":{"start":{"line":172,"column":12},"end":{"line":172,"column":13}},"loc":{"start":{"line":172,"column":18},"end":{"line":177,"column":3}},"line":172},"13":{"name":"(anonymous_13)","decl":{"start":{"line":179,"column":12},"end":{"line":179,"column":13}},"loc":{"start":{"line":179,"column":18},"end":{"line":181,"column":3}},"line":179},"14":{"name":"(anonymous_14)","decl":{"start":{"line":200,"column":29},"end":{"line":200,"column":30}},"loc":{"start":{"line":201,"column":14},"end":{"line":208,"column":20}},"line":201},"15":{"name":"(anonymous_15)","decl":{"start":{"line":204,"column":28},"end":{"line":204,"column":29}},"loc":{"start":{"line":204,"column":35},"end":{"line":204,"column":72}},"line":204},"16":{"name":"(anonymous_16)","decl":{"start":{"line":214,"column":49},"end":{"line":214,"column":50}},"loc":{"start":{"line":214,"column":56},"end":{"line":214,"column":80}},"line":214},"17":{"name":"(anonymous_17)","decl":{"start":{"line":215,"column":27},"end":{"line":215,"column":28}},"loc":{"start":{"line":216,"column":16},"end":{"line":218,"column":22}},"line":216},"18":{"name":"(anonymous_18)","decl":{"start":{"line":226,"column":23},"end":{"line":226,"column":24}},"loc":{"start":{"line":226,"column":29},"end":{"line":229,"column":15}},"line":226},"19":{"name":"(anonymous_19)","decl":{"start":{"line":241,"column":27},"end":{"line":241,"column":28}},"loc":{"start":{"line":242,"column":16},"end":{"line":279,"column":22}},"line":242},"20":{"name":"(anonymous_20)","decl":{"start":{"line":264,"column":33},"end":{"line":264,"column":34}},"loc":{"start":{"line":264,"column":39},"end":{"line":264,"column":69}},"line":264},"21":{"name":"(anonymous_21)","decl":{"start":{"line":270,"column":33},"end":{"line":270,"column":34}},"loc":{"start":{"line":270,"column":39},"end":{"line":273,"column":25}},"line":270},"22":{"name":"(anonymous_22)","decl":{"start":{"line":289,"column":25},"end":{"line":289,"column":26}},"loc":{"start":{"line":289,"column":32},"end":{"line":292,"column":17}},"line":289}},"branchMap":{"0":{"loc":{"start":{"line":68,"column":35},"end":{"line":68,"column":73}},"type":"binary-expr","locations":[{"start":{"line":68,"column":35},"end":{"line":68,"column":53}},{"start":{"line":68,"column":57},"end":{"line":68,"column":73}}],"line":68},"1":{"loc":{"start":{"line":76,"column":6},"end":{"line":78,"column":7}},"type":"if","locations":[{"start":{"line":76,"column":6},"end":{"line":78,"column":7}},{"start":{},"end":{}}],"line":76},"2":{"loc":{"start":{"line":152,"column":4},"end":{"line":156,"column":5}},"type":"if","locations":[{"start":{"line":152,"column":4},"end":{"line":156,"column":5}},{"start":{"line":154,"column":11},"end":{"line":156,"column":5}}],"line":152},"3":{"loc":{"start":{"line":168,"column":4},"end":{"line":168,"column":27}},"type":"if","locations":[{"start":{"line":168,"column":4},"end":{"line":168,"column":27}},{"start":{},"end":{}}],"line":168},"4":{"loc":{"start":{"line":173,"column":4},"end":{"line":176,"column":5}},"type":"if","locations":[{"start":{"line":173,"column":4},"end":{"line":176,"column":5}},{"start":{},"end":{}}],"line":173},"5":{"loc":{"start":{"line":173,"column":8},"end":{"line":173,"column":40}},"type":"binary-expr","locations":[{"start":{"line":173,"column":8},"end":{"line":173,"column":23}},{"start":{"line":173,"column":27},"end":{"line":173,"column":40}}],"line":173},"6":{"loc":{"start":{"line":180,"column":4},"end":{"line":180,"column":56}},"type":"if","locations":[{"start":{"line":180,"column":4},"end":{"line":180,"column":56}},{"start":{},"end":{}}],"line":180},"7":{"loc":{"start":{"line":180,"column":8},"end":{"line":180,"column":38}},"type":"binary-expr","locations":[{"start":{"line":180,"column":8},"end":{"line":180,"column":22}},{"start":{"line":180,"column":26},"end":{"line":180,"column":38}}],"line":180},"8":{"loc":{"start":{"line":238,"column":11},"end":{"line":238,"column":67}},"type":"binary-expr","locations":[{"start":{"line":238,"column":11},"end":{"line":238,"column":18}},{"start":{"line":238,"column":22},"end":{"line":238,"column":67}}],"line":238},"9":{"loc":{"start":{"line":240,"column":13},"end":{"line":283,"column":13}},"type":"cond-expr","locations":[{"start":{"line":241,"column":14},"end":{"line":280,"column":16}},{"start":{"line":282,"column":14},"end":{"line":282,"column":84}}],"line":240},"10":{"loc":{"start":{"line":240,"column":13},"end":{"line":240,"column":44}},"type":"binary-expr","locations":[{"start":{"line":240,"column":13},"end":{"line":240,"column":21}},{"start":{"line":240,"column":25},"end":{"line":240,"column":44}}],"line":240},"11":{"loc":{"start":{"line":282,"column":14},"end":{"line":282,"column":84}},"type":"binary-expr","locations":[{"start":{"line":282,"column":14},"end":{"line":282,"column":22}},{"start":{"line":282,"column":26},"end":{"line":282,"column":84}}],"line":282},"12":{"loc":{"start":{"line":286,"column":13},"end":{"line":296,"column":13}},"type":"binary-expr","locations":[{"start":{"line":286,"column":13},"end":{"line":286,"column":21}},{"start":{"line":286,"column":25},"end":{"line":286,"column":48}},{"start":{"line":286,"column":52},"end":{"line":286,"column":63}},{"start":{"line":286,"column":67},"end":{"line":286,"column":75}},{"start":{"line":287,"column":14},"end":{"line":295,"column":23}}],"line":286}},"s":{"0":12,"1":273,"2":272,"3":272,"4":271,"5":271,"6":271,"7":271,"8":271,"9":271,"10":271,"11":98,"12":271,"13":76,"14":76,"15":75,"16":73,"17":1,"18":1,"19":271,"20":76,"21":76,"22":75,"23":1,"24":1,"25":271,"26":4,"27":4,"28":4,"29":3,"30":3,"31":3,"32":1,"33":1,"34":1,"35":271,"36":94,"37":94,"38":94,"39":93,"40":93,"41":1,"42":1,"43":1,"44":271,"45":21,"46":21,"47":21,"48":20,"49":20,"50":1,"51":1,"52":1,"53":271,"54":15,"55":15,"56":13,"57":2,"58":2,"59":15,"60":271,"61":76,"62":76,"63":271,"64":80,"65":76,"66":4,"67":271,"68":98,"69":94,"70":94,"71":271,"72":99,"73":21,"74":271,"75":199,"76":15,"77":7,"78":1626,"79":1,"80":1,"81":210,"82":2,"83":5,"84":5,"85":4,"86":4},"f":{"0":273,"1":98,"2":76,"3":76,"4":4,"5":3,"6":94,"7":21,"8":15,"9":2,"10":76,"11":80,"12":98,"13":99,"14":199,"15":15,"16":7,"17":1626,"18":1,"19":210,"20":2,"21":5,"22":4},"b":{"0":[98,82],"1":[73,2],"2":[13,2],"3":[76,4],"4":[94,4],"5":[98,16],"6":[21,78],"7":[99,83],"8":[271,113],"9":[112,159],"10":[271,271],"11":[159,82],"12":[271,271,100,54,46]},"_coverageSchema":"1a1c01bbd47fc00a2c39e90264f33305004495a9","hash":"c085bcc3247c548b53f373675bb0c97d250e327c"}
,"/home/sdf/cs4218/cs4218-2520-ecom-project-cs4218-2520-team28/client/src/pages/Pagenotfound.js": {"path":"/home/sdf/cs4218/cs4218-2520-ecom-project-cs4218-2520-team28/client/src/pages/Pagenotfound.js","statementMap":{"0":{"start":{"line":5,"column":21},"end":{"line":17,"column":1}},"1":{"start":{"line":6,"column":2},"end":{"line":16,"column":4}}},"fnMap":{"0":{"name":"(anonymous_0)","decl":{"start":{"line":5,"column":21},"end":{"line":5,"column":22}},"loc":{"start":{"line":5,"column":27},"end":{"line":17,"column":1}},"line":5}},"branchMap":{},"s":{"0":12,"1":4},"f":{"0":4},"b":{},"_coverageSchema":"1a1c01bbd47fc00a2c39e90264f33305004495a9","hash":"df5c7ca3119b2f86d2cfb8d7802178b04136b7ea"}
,"/home/sdf/cs4218/cs4218-2520-ecom-project-cs4218-2520-team28/client/src/pages/Policy.js": {"path":"/home/sdf/cs4218/cs4218-2520-ecom-project-cs4218-2520-team28/client/src/pages/Policy.js","statementMap":{"0":{"start":{"line":8,"column":15},"end":{"line":30,"column":1}},"1":{"start":{"line":9,"column":2},"end":{"line":29,"column":4}}},"fnMap":{"0":{"name":"(anonymous_0)","decl":{"start":{"line":8,"column":15},"end":{"line":8,"column":16}},"loc":{"start":{"line":8,"column":21},"end":{"line":30,"column":1}},"line":8}},"branchMap":{},"s":{"0":12,"1":29},"f":{"0":29},"b":{},"_coverageSchema":"1a1c01bbd47fc00a2c39e90264f33305004495a9","hash":"ae0f2a7beebc5f2f7babc23a0a5f2835f415cc66"}
,"/home/sdf/cs4218/cs4218-2520-ecom-project-cs4218-2520-team28/client/src/pages/ProductDetails.js": {"path":"/home/sdf/cs4218/cs4218-2520-ecom-project-cs4218-2520-team28/client/src/pages/ProductDetails.js","statementMap":{"0":{"start":{"line":11,"column":23},"end":{"line":148,"column":1}},"1":{"start":{"line":12,"column":17},"end":{"line":12,"column":28}},"2":{"start":{"line":13,"column":19},"end":{"line":13,"column":32}},"3":{"start":{"line":14,"column":32},"end":{"line":14,"column":44}},"4":{"start":{"line":15,"column":48},"end":{"line":15,"column":60}},"5":{"start":{"line":18,"column":26},"end":{"line":18,"column":35}},"6":{"start":{"line":21,"column":2},"end":{"line":23,"column":21}},"7":{"start":{"line":22,"column":4},"end":{"line":22,"column":35}},"8":{"start":{"line":22,"column":22},"end":{"line":22,"column":35}},"9":{"start":{"line":25,"column":21},"end":{"line":41,"column":3}},"10":{"start":{"line":26,"column":4},"end":{"line":40,"column":5}},"11":{"start":{"line":27,"column":23},"end":{"line":29,"column":7}},"12":{"start":{"line":30,"column":29},"end":{"line":30,"column":48}},"13":{"start":{"line":31,"column":6},"end":{"line":31,"column":33}},"14":{"start":{"line":33,"column":6},"end":{"line":37,"column":7}},"15":{"start":{"line":34,"column":8},"end":{"line":34,"column":75}},"16":{"start":{"line":36,"column":8},"end":{"line":36,"column":31}},"17":{"start":{"line":39,"column":6},"end":{"line":39,"column":25}},"18":{"start":{"line":43,"column":28},"end":{"line":52,"column":3}},"19":{"start":{"line":44,"column":4},"end":{"line":51,"column":5}},"20":{"start":{"line":45,"column":23},"end":{"line":47,"column":7}},"21":{"start":{"line":48,"column":6},"end":{"line":48,"column":41}},"22":{"start":{"line":50,"column":6},"end":{"line":50,"column":25}},"23":{"start":{"line":53,"column":2},"end":{"line":147,"column":4}},"24":{"start":{"line":85,"column":14},"end":{"line":85,"column":42}},"25":{"start":{"line":86,"column":14},"end":{"line":86,"column":50}},"26":{"start":{"line":101,"column":12},"end":{"line":142,"column":18}},"27":{"start":{"line":123,"column":35},"end":{"line":123,"column":65}}},"fnMap":{"0":{"name":"(anonymous_0)","decl":{"start":{"line":11,"column":23},"end":{"line":11,"column":24}},"loc":{"start":{"line":11,"column":29},"end":{"line":148,"column":1}},"line":11},"1":{"name":"(anonymous_1)","decl":{"start":{"line":21,"column":12},"end":{"line":21,"column":13}},"loc":{"start":{"line":21,"column":18},"end":{"line":23,"column":3}},"line":21},"2":{"name":"(anonymous_2)","decl":{"start":{"line":25,"column":21},"end":{"line":25,"column":22}},"loc":{"start":{"line":25,"column":33},"end":{"line":41,"column":3}},"line":25},"3":{"name":"(anonymous_3)","decl":{"start":{"line":43,"column":28},"end":{"line":43,"column":29}},"loc":{"start":{"line":43,"column":48},"end":{"line":52,"column":3}},"line":43},"4":{"name":"(anonymous_4)","decl":{"start":{"line":84,"column":21},"end":{"line":84,"column":22}},"loc":{"start":{"line":84,"column":27},"end":{"line":87,"column":13}},"line":84},"5":{"name":"(anonymous_5)","decl":{"start":{"line":100,"column":32},"end":{"line":100,"column":33}},"loc":{"start":{"line":101,"column":12},"end":{"line":142,"column":18}},"line":101},"6":{"name":"(anonymous_6)","decl":{"start":{"line":123,"column":29},"end":{"line":123,"column":30}},"loc":{"start":{"line":123,"column":35},"end":{"line":123,"column":65}},"line":123}},"branchMap":{"0":{"loc":{"start":{"line":22,"column":4},"end":{"line":22,"column":35}},"type":"if","locations":[{"start":{"line":22,"column":4},"end":{"line":22,"column":35}},{"start":{},"end":{}}],"line":22},"1":{"loc":{"start":{"line":30,"column":29},"end":{"line":30,"column":48}},"type":"binary-expr","locations":[{"start":{"line":30,"column":29},"end":{"line":30,"column":42}},{"start":{"line":30,"column":46},"end":{"line":30,"column":48}}],"line":30},"2":{"loc":{"start":{"line":33,"column":6},"end":{"line":37,"column":7}},"type":"if","locations":[{"start":{"line":33,"column":6},"end":{"line":37,"column":7}},{"start":{"line":35,"column":13},"end":{"line":37,"column":7}}],"line":33},"3":{"loc":{"start":{"line":33,"column":10},"end":{"line":33,"column":62}},"type":"binary-expr","locations":[{"start":{"line":33,"column":10},"end":{"line":33,"column":29}},{"start":{"line":33,"column":33},"end":{"line":33,"column":62}}],"line":33},"4":{"loc":{"start":{"line":96,"column":9},"end":{"line":98,"column":9}},"type":"binary-expr","locations":[{"start":{"line":96,"column":9},"end":{"line":96,"column":35}},{"start":{"line":97,"column":10},"end":{"line":97,"column":66}}],"line":96}},"s":{"0":12,"1":63,"2":60,"3":60,"4":59,"5":59,"6":59,"7":30,"8":29,"9":59,"10":29,"11":29,"12":27,"13":27,"14":27,"15":26,"16":1,"17":2,"18":59,"19":26,"20":26,"21":25,"22":1,"23":59,"24":0,"25":0,"26":24,"27":2},"f":{"0":63,"1":30,"2":29,"3":26,"4":0,"5":24,"6":2},"b":{"0":[29,1],"1":[27,1],"2":[26,1],"3":[27,26],"4":[59,39]},"_coverageSchema":"1a1c01bbd47fc00a2c39e90264f33305004495a9","hash":"df54ae110950d8413553b30a291fdc5f92fe7ab2"}
,"/home/sdf/cs4218/cs4218-2520-ecom-project-cs4218-2520-team28/client/src/pages/Search.js": {"path":"/home/sdf/cs4218/cs4218-2520-ecom-project-cs4218-2520-team28/client/src/pages/Search.js","statementMap":{"0":{"start":{"line":4,"column":15},"end":{"line":40,"column":1}},"1":{"start":{"line":5,"column":30},"end":{"line":5,"column":41}},"2":{"start":{"line":6,"column":2},"end":{"line":39,"column":4}},"3":{"start":{"line":18,"column":14},"end":{"line":33,"column":20}}},"fnMap":{"0":{"name":"(anonymous_0)","decl":{"start":{"line":4,"column":15},"end":{"line":4,"column":16}},"loc":{"start":{"line":4,"column":21},"end":{"line":40,"column":1}},"line":4},"1":{"name":"(anonymous_1)","decl":{"start":{"line":17,"column":33},"end":{"line":17,"column":34}},"loc":{"start":{"line":18,"column":14},"end":{"line":33,"column":20}},"line":18}},"branchMap":{"0":{"loc":{"start":{"line":12,"column":13},"end":{"line":14,"column":49}},"type":"cond-expr","locations":[{"start":{"line":13,"column":16},"end":{"line":13,"column":35}},{"start":{"line":14,"column":16},"end":{"line":14,"column":49}}],"line":12}},"s":{"0":11,"1":0,"2":0,"3":0},"f":{"0":0,"1":0},"b":{"0":[0,0]},"_coverageSchema":"1a1c01bbd47fc00a2c39e90264f33305004495a9","hash":"f096fc6cc9c3c645bd110487d9614cfe424f5718"}
,"/home/sdf/cs4218/cs4218-2520-ecom-project-cs4218-2520-team28/client/src/pages/Auth/Login.js": {"path":"/home/sdf/cs4218/cs4218-2520-ecom-project-cs4218-2520-team28/client/src/pages/Auth/Login.js","statementMap":{"0":{"start":{"line":9,"column":14},"end":{"line":99,"column":1}},"1":{"start":{"line":10,"column":28},"end":{"line":10,"column":40}},"2":{"start":{"line":11,"column":34},"end":{"line":11,"column":46}},"3":{"start":{"line":12,"column":26},"end":{"line":12,"column":35}},"4":{"start":{"line":15,"column":19},"end":{"line":15,"column":32}},"5":{"start":{"line":16,"column":19},"end":{"line":16,"column":32}},"6":{"start":{"line":20,"column":23},"end":{"line":50,"column":3}},"7":{"start":{"line":21,"column":4},"end":{"line":21,"column":23}},"8":{"start":{"line":22,"column":4},"end":{"line":49,"column":5}},"9":{"start":{"line":23,"column":18},"end":{"line":26,"column":8}},"10":{"start":{"line":27,"column":6},"end":{"line":45,"column":7}},"11":{"start":{"line":28,"column":8},"end":{"line":35,"column":13}},"12":{"start":{"line":36,"column":8},"end":{"line":40,"column":11}},"13":{"start":{"line":41,"column":8},"end":{"line":41,"column":63}},"14":{"start":{"line":42,"column":8},"end":{"line":42,"column":40}},"15":{"start":{"line":44,"column":8},"end":{"line":44,"column":38}},"16":{"start":{"line":47,"column":6},"end":{"line":47,"column":25}},"17":{"start":{"line":48,"column":6},"end":{"line":48,"column":42}},"18":{"start":{"line":51,"column":2},"end":{"line":98,"column":4}},"19":{"start":{"line":62,"column":31},"end":{"line":62,"column":55}},"20":{"start":{"line":73,"column":31},"end":{"line":73,"column":58}},"21":{"start":{"line":85,"column":16},"end":{"line":85,"column":45}}},"fnMap":{"0":{"name":"(anonymous_0)","decl":{"start":{"line":9,"column":14},"end":{"line":9,"column":15}},"loc":{"start":{"line":9,"column":20},"end":{"line":99,"column":1}},"line":9},"1":{"name":"(anonymous_1)","decl":{"start":{"line":20,"column":23},"end":{"line":20,"column":24}},"loc":{"start":{"line":20,"column":36},"end":{"line":50,"column":3}},"line":20},"2":{"name":"(anonymous_2)","decl":{"start":{"line":62,"column":24},"end":{"line":62,"column":25}},"loc":{"start":{"line":62,"column":31},"end":{"line":62,"column":55}},"line":62},"3":{"name":"(anonymous_3)","decl":{"start":{"line":73,"column":24},"end":{"line":73,"column":25}},"loc":{"start":{"line":73,"column":31},"end":{"line":73,"column":58}},"line":73},"4":{"name":"(anonymous_4)","decl":{"start":{"line":84,"column":23},"end":{"line":84,"column":24}},"loc":{"start":{"line":84,"column":29},"end":{"line":86,"column":15}},"line":84}},"branchMap":{"0":{"loc":{"start":{"line":27,"column":6},"end":{"line":45,"column":7}},"type":"if","locations":[{"start":{"line":27,"column":6},"end":{"line":45,"column":7}},{"start":{"line":43,"column":13},"end":{"line":45,"column":7}}],"line":27},"1":{"loc":{"start":{"line":27,"column":10},"end":{"line":27,"column":33}},"type":"binary-expr","locations":[{"start":{"line":27,"column":10},"end":{"line":27,"column":13}},{"start":{"line":27,"column":17},"end":{"line":27,"column":33}}],"line":27},"2":{"loc":{"start":{"line":28,"column":22},"end":{"line":28,"column":50}},"type":"binary-expr","locations":[{"start":{"line":28,"column":22},"end":{"line":28,"column":30}},{"start":{"line":28,"column":34},"end":{"line":28,"column":50}}],"line":28},"3":{"loc":{"start":{"line":42,"column":17},"end":{"line":42,"column":38}},"type":"binary-expr","locations":[{"start":{"line":42,"column":17},"end":{"line":42,"column":31}},{"start":{"line":42,"column":35},"end":{"line":42,"column":38}}],"line":42}},"s":{"0":12,"1":20,"2":18,"3":18,"4":18,"5":18,"6":18,"7":2,"8":2,"9":2,"10":1,"11":1,"12":1,"13":1,"14":1,"15":0,"16":1,"17":1,"18":18,"19":3,"20":3,"21":0},"f":{"0":20,"1":2,"2":3,"3":3,"4":0},"b":{"0":[1,0],"1":[1,1],"2":[1,1],"3":[1,1]},"_coverageSchema":"1a1c01bbd47fc00a2c39e90264f33305004495a9","hash":"675a8dec661fe5dcd90c6c8684c2abc507ad0b1a"}
,"/home/sdf/cs4218/cs4218-2520-ecom-project-cs4218-2520-team28/client/src/pages/Auth/Register.js": {"path":"/home/sdf/cs4218/cs4218-2520-ecom-project-cs4218-2520-team28/client/src/pages/Auth/Register.js","statementMap":{"0":{"start":{"line":7,"column":17},"end":{"line":132,"column":1}},"1":{"start":{"line":8,"column":26},"end":{"line":8,"column":38}},"2":{"start":{"line":9,"column":28},"end":{"line":9,"column":40}},"3":{"start":{"line":10,"column":34},"end":{"line":10,"column":46}},"4":{"start":{"line":11,"column":28},"end":{"line":11,"column":40}},"5":{"start":{"line":12,"column":32},"end":{"line":12,"column":44}},"6":{"start":{"line":13,"column":24},"end":{"line":13,"column":36}},"7":{"start":{"line":14,"column":30},"end":{"line":14,"column":42}},"8":{"start":{"line":15,"column":19},"end":{"line":15,"column":32}},"9":{"start":{"line":18,"column":23},"end":{"line":40,"column":3}},"10":{"start":{"line":19,"column":4},"end":{"line":19,"column":23}},"11":{"start":{"line":20,"column":4},"end":{"line":39,"column":5}},"12":{"start":{"line":21,"column":18},"end":{"line":29,"column":8}},"13":{"start":{"line":30,"column":6},"end":{"line":35,"column":7}},"14":{"start":{"line":31,"column":8},"end":{"line":31,"column":61}},"15":{"start":{"line":32,"column":8},"end":{"line":32,"column":27}},"16":{"start":{"line":34,"column":8},"end":{"line":34,"column":38}},"17":{"start":{"line":37,"column":6},"end":{"line":37,"column":25}},"18":{"start":{"line":38,"column":6},"end":{"line":38,"column":42}},"19":{"start":{"line":42,"column":2},"end":{"line":131,"column":4}},"20":{"start":{"line":51,"column":31},"end":{"line":51,"column":54}},"21":{"start":{"line":63,"column":31},"end":{"line":63,"column":55}},"22":{"start":{"line":74,"column":31},"end":{"line":74,"column":58}},"23":{"start":{"line":85,"column":31},"end":{"line":85,"column":55}},"24":{"start":{"line":96,"column":31},"end":{"line":96,"column":57}},"25":{"start":{"line":107,"column":31},"end":{"line":107,"column":53}},"26":{"start":{"line":118,"column":31},"end":{"line":118,"column":56}}},"fnMap":{"0":{"name":"(anonymous_0)","decl":{"start":{"line":7,"column":17},"end":{"line":7,"column":18}},"loc":{"start":{"line":7,"column":23},"end":{"line":132,"column":1}},"line":7},"1":{"name":"(anonymous_1)","decl":{"start":{"line":18,"column":23},"end":{"line":18,"column":24}},"loc":{"start":{"line":18,"column":36},"end":{"line":40,"column":3}},"line":18},"2":{"name":"(anonymous_2)","decl":{"start":{"line":51,"column":24},"end":{"line":51,"column":25}},"loc":{"start":{"line":51,"column":31},"end":{"line":51,"column":54}},"line":51},"3":{"name":"(anonymous_3)","decl":{"start":{"line":63,"column":24},"end":{"line":63,"column":25}},"loc":{"start":{"line":63,"column":31},"end":{"line":63,"column":55}},"line":63},"4":{"name":"(anonymous_4)","decl":{"start":{"line":74,"column":24},"end":{"line":74,"column":25}},"loc":{"start":{"line":74,"column":31},"end":{"line":74,"column":58}},"line":74},"5":{"name":"(anonymous_5)","decl":{"start":{"line":85,"column":24},"end":{"line":85,"column":25}},"loc":{"start":{"line":85,"column":31},"end":{"line":85,"column":55}},"line":85},"6":{"name":"(anonymous_6)","decl":{"start":{"line":96,"column":24},"end":{"line":96,"column":25}},"loc":{"start":{"line":96,"column":31},"end":{"line":96,"column":57}},"line":96},"7":{"name":"(anonymous_7)","decl":{"start":{"line":107,"column":24},"end":{"line":107,"column":25}},"loc":{"start":{"line":107,"column":31},"end":{"line":107,"column":53}},"line":107},"8":{"name":"(anonymous_8)","decl":{"start":{"line":118,"column":24},"end":{"line":118,"column":25}},"loc":{"start":{"line":118,"column":31},"end":{"line":118,"column":56}},"line":118}},"branchMap":{"0":{"loc":{"start":{"line":30,"column":6},"end":{"line":35,"column":7}},"type":"if","locations":[{"start":{"line":30,"column":6},"end":{"line":35,"column":7}},{"start":{"line":33,"column":13},"end":{"line":35,"column":7}}],"line":30},"1":{"loc":{"start":{"line":30,"column":10},"end":{"line":30,"column":33}},"type":"binary-expr","locations":[{"start":{"line":30,"column":10},"end":{"line":30,"column":13}},{"start":{"line":30,"column":17},"end":{"line":30,"column":33}}],"line":30}},"s":{"0":12,"1":16,"2":16,"3":16,"4":16,"5":16,"6":16,"7":16,"8":16,"9":16,"10":2,"11":2,"12":2,"13":1,"14":1,"15":1,"16":0,"17":1,"18":1,"19":16,"20":2,"21":2,"22":2,"23":2,"24":2,"25":2,"26":2},"f":{"0":16,"1":2,"2":2,"3":2,"4":2,"5":2,"6":2,"7":2,"8":2},"b":{"0":[1,0],"1":[1,1]},"_coverageSchema":"1a1c01bbd47fc00a2c39e90264f33305004495a9","hash":"3364e2920facd771f5cc1efa71cbb6e509f18c23"}
,"/home/sdf/cs4218/cs4218-2520-ecom-project-cs4218-2520-team28/client/src/pages/admin/AdminDashboard.js": {"path":"/home/sdf/cs4218/cs4218-2520-ecom-project-cs4218-2520-team28/client/src/pages/admin/AdminDashboard.js","statementMap":{"0":{"start":{"line":5,"column":23},"end":{"line":25,"column":1}},"1":{"start":{"line":6,"column":17},"end":{"line":6,"column":26}},"2":{"start":{"line":7,"column":2},"end":{"line":24,"column":4}}},"fnMap":{"0":{"name":"(anonymous_0)","decl":{"start":{"line":5,"column":23},"end":{"line":5,"column":24}},"loc":{"start":{"line":5,"column":29},"end":{"line":25,"column":1}},"line":5}},"branchMap":{},"s":{"0":12,"1":4,"2":4},"f":{"0":4},"b":{},"_coverageSchema":"1a1c01bbd47fc00a2c39e90264f33305004495a9","hash":"976c8f42a50ee0dc6915b2e51190d53afd19fc1a"}
[...]
,"/home/sdf/cs4218/cs4218-2520-ecom-project-cs4218-2520-team28/client/src/pages/admin/UpdateProduct.js": {"path":"/home/sdf/cs4218/cs4218-2520-ecom-project-cs4218-2520-team28/client/src/pages/admin/UpdateProduct.js","statementMap":{"0":{"start":{"line":8,"column":19},"end":{"line":8,"column":25}},"1":{"start":{"line":10,"column":22},"end":{"line":252,"column":1}},"2":{"start":{"line":11,"column":19},"end":{"line":11,"column":32}},"3":{"start":{"line":12,"column":17},"end":{"line":12,"column":28}},"4":{"start":{"line":13,"column":38},"end":{"line":13,"column":50}},"5":{"start":{"line":14,"column":26},"end":{"line":14,"column":38}},"6":{"start":{"line":15,"column":40},"end":{"line":15,"column":52}},"7":{"start":{"line":16,"column":28},"end":{"line":16,"column":40}},"8":{"start":{"line":17,"column":34},"end":{"line":17,"column":46}},"9":{"start":{"line":18,"column":34},"end":{"line":18,"column":46}},"10":{"start":{"line":19,"column":34},"end":{"line":19,"column":46}},"11":{"start":{"line":20,"column":28},"end":{"line":20,"column":40}},"12":{"start":{"line":21,"column":22},"end":{"line":21,"column":34}},"13":{"start":{"line":24,"column":27},"end":{"line":40,"column":3}},"14":{"start":{"line":25,"column":4},"end":{"line":39,"column":5}},"15":{"start":{"line":26,"column":23},"end":{"line":28,"column":7}},"16":{"start":{"line":29,"column":6},"end":{"line":29,"column":33}},"17":{"start":{"line":30,"column":6},"end":{"line":30,"column":30}},"18":{"start":{"line":31,"column":6},"end":{"line":31,"column":47}},"19":{"start":{"line":32,"column":6},"end":{"line":32,"column":35}},"20":{"start":{"line":33,"column":6},"end":{"line":33,"column":35}},"21":{"start":{"line":34,"column":6},"end":{"line":34,"column":41}},"22":{"start":{"line":35,"column":6},"end":{"line":35,"column":41}},"23":{"start":{"line":36,"column":6},"end":{"line":36,"column":45}},"24":{"start":{"line":38,"column":6},"end":{"line":38,"column":25}},"25":{"start":{"line":41,"column":2},"end":{"line":44,"column":9}},"26":{"start":{"line":42,"column":4},"end":{"line":42,"column":23}},"27":{"start":{"line":46,"column":25},"end":{"line":59,"column":3}},"28":{"start":{"line":47,"column":4},"end":{"line":58,"column":5}},"29":{"start":{"line":48,"column":23},"end":{"line":48,"column":71}},"30":{"start":{"line":49,"column":6},"end":{"line":51,"column":7}},"31":{"start":{"line":50,"column":8},"end":{"line":50,"column":38}},"32":{"start":{"line":53,"column":6},"end":{"line":53,"column":25}},"33":{"start":{"line":57,"column":6},"end":{"line":57,"column":62}},"34":{"start":{"line":61,"column":2},"end":{"line":63,"column":9}},"35":{"start":{"line":62,"column":4},"end":{"line":62,"column":21}},"36":{"start":{"line":66,"column":23},"end":{"line":100,"column":3}},"37":{"start":{"line":67,"column":4},"end":{"line":67,"column":23}},"38":{"start":{"line":68,"column":4},"end":{"line":99,"column":5}},"39":{"start":{"line":69,"column":26},"end":{"line":69,"column":40}},"40":{"start":{"line":70,"column":6},"end":{"line":70,"column":39}},"41":{"start":{"line":71,"column":6},"end":{"line":71,"column":53}},"42":{"start":{"line":72,"column":6},"end":{"line":72,"column":41}},"43":{"start":{"line":73,"column":6},"end":{"line":73,"column":47}},"44":{"start":{"line":74,"column":6},"end":{"line":74,"column":50}},"45":{"start":{"line":75,"column":6},"end":{"line":75,"column":47}},"46":{"start":{"line":76,"column":6},"end":{"line":76,"column":47}},"47":{"start":{"line":77,"column":23},"end":{"line":80,"column":7}},"48":{"start":{"line":84,"column":6},"end":{"line":92,"column":7}},"49":{"start":{"line":88,"column":8},"end":{"line":88,"column":54}},"50":{"start":{"line":89,"column":8},"end":{"line":89,"column":46}},"51":{"start":{"line":91,"column":8},"end":{"line":91,"column":35}},"52":{"start":{"line":94,"column":6},"end":{"line":94,"column":25}},"53":{"start":{"line":98,"column":6},"end":{"line":98,"column":106}},"54":{"start":{"line":103,"column":23},"end":{"line":119,"column":3}},"55":{"start":{"line":104,"column":4},"end":{"line":118,"column":7}},"56":{"start":{"line":109,"column":8},"end":{"line":116,"column":9}},"57":{"start":{"line":110,"column":10},"end":{"line":110,"column":69}},"58":{"start":{"line":111,"column":10},"end":{"line":111,"column":56}},"59":{"start":{"line":112,"column":10},"end":{"line":112,"column":48}},"60":{"start":{"line":114,"column":10},"end":{"line":114,"column":29}},"61":{"start":{"line":115,"column":10},"end":{"line":115,"column":46}},"62":{"start":{"line":120,"column":2},"end":{"line":251,"column":4}},"63":{"start":{"line":140,"column":18},"end":{"line":140,"column":37}},"64":{"start":{"line":145,"column":18},"end":{"line":147,"column":27}},"65":{"start":{"line":157,"column":37},"end":{"line":157,"column":64}},"66":{"start":{"line":189,"column":35},"end":{"line":189,"column":58}},"67":{"start":{"line":198,"column":35},"end":{"line":198,"column":65}},"68":{"start":{"line":208,"column":35},"end":{"line":208,"column":59}},"69":{"start":{"line":217,"column":35},"end":{"line":217,"column":62}},"70":{"start":{"line":228,"column":20},"end":{"line":228,"column":39}}},"fnMap":{"0":{"name":"(anonymous_0)","decl":{"start":{"line":10,"column":22},"end":{"line":10,"column":23}},"loc":{"start":{"line":10,"column":28},"end":{"line":252,"column":1}},"line":10},"1":{"name":"(anonymous_1)","decl":{"start":{"line":24,"column":27},"end":{"line":24,"column":28}},"loc":{"start":{"line":24,"column":39},"end":{"line":40,"column":3}},"line":24},"2":{"name":"(anonymous_2)","decl":{"start":{"line":41,"column":12},"end":{"line":41,"column":13}},"loc":{"start":{"line":41,"column":18},"end":{"line":44,"column":3}},"line":41},"3":{"name":"(anonymous_3)","decl":{"start":{"line":46,"column":25},"end":{"line":46,"column":26}},"loc":{"start":{"line":46,"column":37},"end":{"line":59,"column":3}},"line":46},"4":{"name":"(anonymous_4)","decl":{"start":{"line":61,"column":12},"end":{"line":61,"column":13}},"loc":{"start":{"line":61,"column":18},"end":{"line":63,"column":3}},"line":61},"5":{"name":"(anonymous_5)","decl":{"start":{"line":66,"column":23},"end":{"line":66,"column":24}},"loc":{"start":{"line":66,"column":36},"end":{"line":100,"column":3}},"line":66},"6":{"name":"(anonymous_6)","decl":{"start":{"line":103,"column":23},"end":{"line":103,"column":24}},"loc":{"start":{"line":103,"column":29},"end":{"line":119,"column":3}},"line":103},"7":{"name":"(anonymous_7)","decl":{"start":{"line":108,"column":12},"end":{"line":108,"column":13}},"loc":{"start":{"line":108,"column":24},"end":{"line":117,"column":7}},"line":108},"8":{"name":"(anonymous_8)","decl":{"start":{"line":139,"column":26},"end":{"line":139,"column":27}},"loc":{"start":{"line":139,"column":37},"end":{"line":141,"column":17}},"line":139},"9":{"name":"(anonymous_9)","decl":{"start":{"line":144,"column":33},"end":{"line":144,"column":34}},"loc":{"start":{"line":145,"column":18},"end":{"line":147,"column":27}},"line":145},"10":{"name":"(anonymous_10)","decl":{"start":{"line":157,"column":30},"end":{"line":157,"column":31}},"loc":{"start":{"line":157,"column":37},"end":{"line":157,"column":64}},"line":157},"11":{"name":"(anonymous_11)","decl":{"start":{"line":189,"column":28},"end":{"line":189,"column":29}},"loc":{"start":{"line":189,"column":35},"end":{"line":189,"column":58}},"line":189},"12":{"name":"(anonymous_12)","decl":{"start":{"line":198,"column":28},"end":{"line":198,"column":29}},"loc":{"start":{"line":198,"column":35},"end":{"line":198,"column":65}},"line":198},"13":{"name":"(anonymous_13)","decl":{"start":{"line":208,"column":28},"end":{"line":208,"column":29}},"loc":{"start":{"line":208,"column":35},"end":{"line":208,"column":59}},"line":208},"14":{"name":"(anonymous_14)","decl":{"start":{"line":217,"column":28},"end":{"line":217,"column":29}},"loc":{"start":{"line":217,"column":35},"end":{"line":217,"column":62}},"line":217},"15":{"name":"(anonymous_15)","decl":{"start":{"line":227,"column":28},"end":{"line":227,"column":29}},"loc":{"start":{"line":227,"column":39},"end":{"line":229,"column":19}},"line":227}},"branchMap":{"0":{"loc":{"start":{"line":49,"column":6},"end":{"line":51,"column":7}},"type":"if","locations":[{"start":{"line":49,"column":6},"end":{"line":51,"column":7}},{"start":{},"end":{}}],"line":49},"1":{"loc":{"start":{"line":74,"column":6},"end":{"line":74,"column":49}},"type":"binary-expr","locations":[{"start":{"line":74,"column":6},"end":{"line":74,"column":11}},{"start":{"line":74,"column":15},"end":{"line":74,"column":49}}],"line":74},"2":{"loc":{"start":{"line":84,"column":6},"end":{"line":92,"column":7}},"type":"if","locations":[{"start":{"line":84,"column":6},"end":{"line":92,"column":7}},{"start":{"line":90,"column":13},"end":{"line":92,"column":7}}],"line":84},"3":{"loc":{"start":{"line":98,"column":18},"end":{"line":98,"column":104}},"type":"binary-expr","locations":[{"start":{"line":98,"column":18},"end":{"line":98,"column":45}},{"start":{"line":98,"column":49},"end":{"line":98,"column":78}},{"start":{"line":98,"column":82},"end":{"line":98,"column":104}}],"line":98},"4":{"loc":{"start":{"line":152,"column":19},"end":{"line":152,"column":54}},"type":"cond-expr","locations":[{"start":{"line":152,"column":27},"end":{"line":152,"column":37}},{"start":{"line":152,"column":40},"end":{"line":152,"column":54}}],"line":152},"5":{"loc":{"start":{"line":163,"column":17},"end":{"line":181,"column":17}},"type":"cond-expr","locations":[{"start":{"line":164,"column":18},"end":{"line":171,"column":24}},{"start":{"line":173,"column":18},"end":{"line":180,"column":24}}],"line":163},"6":{"loc":{"start":{"line":230,"column":25},"end":{"line":230,"column":45}},"type":"cond-expr","locations":[{"start":{"line":230,"column":36},"end":{"line":230,"column":39}},{"start":{"line":230,"column":42},"end":{"line":230,"column":45}}],"line":230}},"s":{"0":12,"1":12,"2":101,"3":100,"4":100,"5":100,"6":100,"7":100,"8":100,"9":100,"10":100,"11":100,"12":100,"13":100,"14":52,"15":52,"16":51,"17":51,"18":51,"19":51,"20":51,"21":51,"22":51,"23":51,"24":2,"25":100,"26":52,"27":100,"28":52,"29":52,"30":50,"31":48,"32":2,"33":2,"34":100,"35":52,"36":100,"37":12,"38":12,"39":12,"40":12,"41":12,"42":12,"43":12,"44":12,"45":12,"46":12,"47":12,"48":9,"49":2,"50":2,"51":7,"52":3,"53":3,"54":100,"55":6,"56":3,"57":3,"58":2,"59":2,"60":1,"61":1,"62":100,"63":2,"64":29,"65":5,"66":3,"67":2,"68":3,"69":2,"70":2},"f":{"0":101,"1":52,"2":52,"3":52,"4":52,"5":12,"6":6,"7":3,"8":2,"9":29,"10":5,"11":3,"12":2,"13":3,"14":2,"15":2},"b":{"0":[48,2],"1":[12,2],"2":[2,7],"3":[3,1,1],"4":[7,93],"5":[7,93],"6":[24,76]},"_coverageSchema":"1a1c01bbd47fc00a2c39e90264f33305004495a9","hash":"0747fdf490656e3adbc7d5d8b2c0552b510939e8"}
,"/home/sdf/cs4218/cs4218-2520-ecom-project-cs4218-2520-team28/client/src/pages/admin/Users.js": {"path":"/home/sdf/cs4218/cs4218-2520-ecom-project-cs4218-2520-team28/client/src/pages/admin/Users.js","statementMap":{"0":{"start":{"line":5,"column":14},"end":{"line":20,"column":1}},"1":{"start":{"line":6,"column":2},"end":{"line":19,"column":4}}},"fnMap":{"0":{"name":"(anonymous_0)","decl":{"start":{"line":5,"column":14},"end":{"line":5,"column":15}},"loc":{"start":{"line":5,"column":20},"end":{"line":20,"column":1}},"line":5}},"branchMap":{},"s":{"0":11,"1":0},"f":{"0":0},"b":{},"_coverageSchema":"1a1c01bbd47fc00a2c39e90264f33305004495a9","hash":"a651171658919f28e8f54a5d241d564d310febc0"}
,"/home/sdf/cs4218/cs4218-2520-ecom-project-cs4218-2520-team28/client/src/pages/user/Dashboard.js": {"path":"/home/sdf/cs4218/cs4218-2520-ecom-project-cs4218-2520-team28/client/src/pages/user/Dashboard.js","statementMap":{"0":{"start":{"line":5,"column":18},"end":{"line":25,"column":1}},"1":{"start":{"line":6,"column":17},"end":{"line":6,"column":26}},"2":{"start":{"line":7,"column":2},"end":{"line":24,"column":4}}},"fnMap":{"0":{"name":"(anonymous_0)","decl":{"start":{"line":5,"column":18},"end":{"line":5,"column":19}},"loc":{"start":{"line":5,"column":24},"end":{"line":25,"column":1}},"line":5}},"branchMap":{},"s":{"0":12,"1":37,"2":36},"f":{"0":37},"b":{},"_coverageSchema":"1a1c01bbd47fc00a2c39e90264f33305004495a9","hash":"c2b8f1bce7d90263e4678f9c3bf97909e52947b7"}
,"/home/sdf/cs4218/cs4218-2520-ecom-project-cs4218-2520-team28/client/src/pages/user/Orders.js": {"path":"/home/sdf/cs4218/cs4218-2520-ecom-project-cs4218-2520-team28/client/src/pages/user/Orders.js","statementMap":{"0":{"start":{"line":22,"column":15},"end":{"line":101,"column":1}},"1":{"start":{"line":23,"column":30},"end":{"line":23,"column":42}},"2":{"start":{"line":24,"column":26},"end":{"line":24,"column":35}},"3":{"start":{"line":25,"column":20},"end":{"line":32,"column":3}},"4":{"start":{"line":26,"column":4},"end":{"line":31,"column":5}},"5":{"start":{"line":27,"column":23},"end":{"line":27,"column":61}},"6":{"start":{"line":28,"column":6},"end":{"line":28,"column":22}},"7":{"start":{"line":30,"column":6},"end":{"line":30,"column":25}},"8":{"start":{"line":34,"column":2},"end":{"line":36,"column":20}},"9":{"start":{"line":35,"column":4},"end":{"line":35,"column":33}},"10":{"start":{"line":35,"column":21},"end":{"line":35,"column":33}},"11":{"start":{"line":37,"column":2},"end":{"line":100,"column":4}},"12":{"start":{"line":47,"column":14},"end":{"line":94,"column":16}},"13":{"start":{"line":75,"column":22},"end":{"line":90,"column":28}}},"fnMap":{"0":{"name":"(anonymous_0)","decl":{"start":{"line":22,"column":15},"end":{"line":22,"column":16}},"loc":{"start":{"line":22,"column":21},"end":{"line":101,"column":1}},"line":22},"1":{"name":"(anonymous_1)","decl":{"start":{"line":25,"column":20},"end":{"line":25,"column":21}},"loc":{"start":{"line":25,"column":32},"end":{"line":32,"column":3}},"line":25},"2":{"name":"(anonymous_2)","decl":{"start":{"line":34,"column":12},"end":{"line":34,"column":13}},"loc":{"start":{"line":34,"column":18},"end":{"line":36,"column":3}},"line":34},"3":{"name":"(anonymous_3)","decl":{"start":{"line":46,"column":25},"end":{"line":46,"column":26}},"loc":{"start":{"line":46,"column":35},"end":{"line":95,"column":13}},"line":46},"4":{"name":"(anonymous_4)","decl":{"start":{"line":74,"column":38},"end":{"line":74,"column":39}},"loc":{"start":{"line":75,"column":22},"end":{"line":90,"column":28}},"line":75}},"branchMap":{"0":{"loc":{"start":{"line":35,"column":4},"end":{"line":35,"column":33}},"type":"if","locations":[{"start":{"line":35,"column":4},"end":{"line":35,"column":33}},{"start":{},"end":{}}],"line":35},"1":{"loc":{"start":{"line":68,"column":29},"end":{"line":68,"column":70}},"type":"cond-expr","locations":[{"start":{"line":68,"column":50},"end":{"line":68,"column":59}},{"start":{"line":68,"column":62},"end":{"line":68,"column":70}}],"line":68}},"s":{"0":13,"1":19,"2":19,"3":19,"4":11,"5":11,"6":8,"7":3,"8":19,"9":13,"10":11,"11":19,"12":10,"13":12},"f":{"0":19,"1":11,"2":13,"3":10,"4":12},"b":{"0":[11,2],"1":[6,4]},"_coverageSchema":"1a1c01bbd47fc00a2c39e90264f33305004495a9","hash":"68ab90dbac9f8ebfd574586a5bcdb7f3527af10c"}
,"/home/sdf/cs4218/cs4218-2520-ecom-project-cs4218-2520-team28/client/src/pages/user/Profile.js": {"path":"/home/sdf/cs4218/cs4218-2520-ecom-project-cs4218-2520-team28/client/src/pages/user/Profile.js","statementMap":{"0":{"start":{"line":8,"column":16},"end":{"line":132,"column":1}},"1":{"start":{"line":10,"column":26},"end":{"line":10,"column":35}},"2":{"start":{"line":13,"column":26},"end":{"line":13,"column":38}},"3":{"start":{"line":14,"column":28},"end":{"line":14,"column":40}},"4":{"start":{"line":15,"column":34},"end":{"line":15,"column":46}},"5":{"start":{"line":16,"column":28},"end":{"line":16,"column":40}},"6":{"start":{"line":17,"column":32},"end":{"line":17,"column":44}},"7":{"start":{"line":20,"column":2},"end":{"line":26,"column":19}},"8":{"start":{"line":21,"column":44},"end":{"line":21,"column":54}},"9":{"start":{"line":22,"column":4},"end":{"line":22,"column":18}},"10":{"start":{"line":23,"column":4},"end":{"line":23,"column":20}},"11":{"start":{"line":24,"column":4},"end":{"line":24,"column":20}},"12":{"start":{"line":25,"column":4},"end":{"line":25,"column":24}},"13":{"start":{"line":29,"column":23},"end":{"line":56,"column":3}},"14":{"start":{"line":30,"column":4},"end":{"line":30,"column":23}},"15":{"start":{"line":31,"column":4},"end":{"line":55,"column":5}},"16":{"start":{"line":32,"column":23},"end":{"line":38,"column":8}},"17":{"start":{"line":41,"column":6},"end":{"line":44,"column":7}},"18":{"start":{"line":42,"column":8},"end":{"line":42,"column":32}},"19":{"start":{"line":43,"column":8},"end":{"line":43,"column":15}},"20":{"start":{"line":46,"column":6},"end":{"line":46,"column":52}},"21":{"start":{"line":47,"column":15},"end":{"line":47,"column":43}},"22":{"start":{"line":48,"column":6},"end":{"line":48,"column":26}},"23":{"start":{"line":49,"column":6},"end":{"line":49,"column":33}},"24":{"start":{"line":50,"column":6},"end":{"line":50,"column":55}},"25":{"start":{"line":51,"column":6},"end":{"line":51,"column":52}},"26":{"start":{"line":53,"column":6},"end":{"line":53,"column":25}},"27":{"start":{"line":54,"column":6},"end":{"line":54,"column":42}},"28":{"start":{"line":58,"column":2},"end":{"line":131,"column":4}},"29":{"start":{"line":73,"column":37},"end":{"line":73,"column":60}},"30":{"start":{"line":84,"column":37},"end":{"line":84,"column":61}},"31":{"start":{"line":95,"column":37},"end":{"line":95,"column":64}},"32":{"start":{"line":105,"column":37},"end":{"line":105,"column":61}},"33":{"start":{"line":115,"column":37},"end":{"line":115,"column":63}}},"fnMap":{"0":{"name":"(anonymous_0)","decl":{"start":{"line":8,"column":16},"end":{"line":8,"column":17}},"loc":{"start":{"line":8,"column":22},"end":{"line":132,"column":1}},"line":8},"1":{"name":"(anonymous_1)","decl":{"start":{"line":20,"column":12},"end":{"line":20,"column":13}},"loc":{"start":{"line":20,"column":18},"end":{"line":26,"column":3}},"line":20},"2":{"name":"(anonymous_2)","decl":{"start":{"line":29,"column":23},"end":{"line":29,"column":24}},"loc":{"start":{"line":29,"column":36},"end":{"line":56,"column":3}},"line":29},"3":{"name":"(anonymous_3)","decl":{"start":{"line":73,"column":30},"end":{"line":73,"column":31}},"loc":{"start":{"line":73,"column":37},"end":{"line":73,"column":60}},"line":73},"4":{"name":"(anonymous_4)","decl":{"start":{"line":84,"column":30},"end":{"line":84,"column":31}},"loc":{"start":{"line":84,"column":37},"end":{"line":84,"column":61}},"line":84},"5":{"name":"(anonymous_5)","decl":{"start":{"line":95,"column":30},"end":{"line":95,"column":31}},"loc":{"start":{"line":95,"column":37},"end":{"line":95,"column":64}},"line":95},"6":{"name":"(anonymous_6)","decl":{"start":{"line":105,"column":30},"end":{"line":105,"column":31}},"loc":{"start":{"line":105,"column":37},"end":{"line":105,"column":61}},"line":105},"7":{"name":"(anonymous_7)","decl":{"start":{"line":115,"column":30},"end":{"line":115,"column":31}},"loc":{"start":{"line":115,"column":37},"end":{"line":115,"column":63}},"line":115}},"branchMap":{"0":{"loc":{"start":{"line":41,"column":6},"end":{"line":44,"column":7}},"type":"if","locations":[{"start":{"line":41,"column":6},"end":{"line":44,"column":7}},{"start":{},"end":{}}],"line":41}},"s":{"0":12,"1":14,"2":14,"3":14,"4":14,"5":14,"6":14,"7":14,"8":6,"9":6,"10":6,"11":6,"12":6,"13":14,"14":3,"15":3,"16":3,"17":2,"18":1,"19":1,"20":1,"21":1,"22":1,"23":1,"24":1,"25":1,"26":1,"27":1,"28":14,"29":2,"30":0,"31":1,"32":0,"33":0},"f":{"0":14,"1":6,"2":3,"3":2,"4":0,"5":1,"6":0,"7":0},"b":{"0":[1,1]},"_coverageSchema":"1a1c01bbd47fc00a2c39e90264f33305004495a9","hash":"3de962be7dfea2be913be3f7d43befa23b402e9d"}
}
