{"C:\\Foo Chao\\NUS\\Y3S2\\CS4218\\CS4218 project\\config\\db.js": {"path":"C:\\Foo Chao\\NUS\\Y3S2\\CS4218\\CS4218 project\\config\\db.js","statementMap":{"0":{"start":{"line":3,"column":18},"end":{"line":10,"column":1}},"1":{"start":{"line":4,"column":4},"end":{"line":9,"column":5}},"2":{"start":{"line":5,"column":21},"end":{"line":5,"column":66}},"3":{"start":{"line":6,"column":8},"end":{"line":6,"column":93}},"4":{"start":{"line":8,"column":8},"end":{"line":8,"column":61}}},"fnMap":{"0":{"name":"(anonymous_0)","decl":{"start":{"line":3,"column":18},"end":{"line":3,"column":19}},"loc":{"start":{"line":3,"column":30},"end":{"line":10,"column":1}},"line":3}},"branchMap":{},"s":{"0":1,"1":3,"2":3,"3":2,"4":1},"f":{"0":3},"b":{},"_coverageSchema":"1a1c01bbd47fc00a2c39e90264f33305004495a9","hash":"271f089dc09c1963db2a998231896fd42002c2df"}
,"C:\\Foo Chao\\NUS\\Y3S2\\CS4218\\CS4218 project\\controllers\\authController.js": {"path":"C:\\Foo Chao\\NUS\\Y3S2\\CS4218\\CS4218 project\\controllers\\authController.js","statementMap":{"0":{"start":{"line":9,"column":34},"end":{"line":65,"column":1}},"1":{"start":{"line":10,"column":2},"end":{"line":64,"column":3}},"2":{"start":{"line":11,"column":62},"end":{"line":11,"column":70}},"3":{"start":{"line":13,"column":4},"end":{"line":15,"column":5}},"4":{"start":{"line":14,"column":6},"end":{"line":14,"column":53}},"5":{"start":{"line":16,"column":4},"end":{"line":18,"column":5}},"6":{"start":{"line":17,"column":6},"end":{"line":17,"column":56}},"7":{"start":{"line":19,"column":4},"end":{"line":21,"column":5}},"8":{"start":{"line":20,"column":6},"end":{"line":20,"column":59}},"9":{"start":{"line":22,"column":4},"end":{"line":24,"column":5}},"10":{"start":{"line":23,"column":6},"end":{"line":23,"column":59}},"11":{"start":{"line":25,"column":4},"end":{"line":27,"column":5}},"12":{"start":{"line":26,"column":6},"end":{"line":26,"column":58}},"13":{"start":{"line":28,"column":4},"end":{"line":30,"column":5}},"14":{"start":{"line":29,"column":6},"end":{"line":29,"column":57}},"15":{"start":{"line":32,"column":26},"end":{"line":32,"column":60}},"16":{"start":{"line":34,"column":4},"end":{"line":39,"column":5}},"17":{"start":{"line":35,"column":6},"end":{"line":38,"column":9}},"18":{"start":{"line":41,"column":27},"end":{"line":41,"column":55}},"19":{"start":{"line":43,"column":17},"end":{"line":50,"column":13}},"20":{"start":{"line":52,"column":4},"end":{"line":56,"column":7}},"21":{"start":{"line":58,"column":4},"end":{"line":58,"column":23}},"22":{"start":{"line":59,"column":4},"end":{"line":63,"column":7}},"23":{"start":{"line":68,"column":31},"end":{"line":118,"column":1}},"24":{"start":{"line":69,"column":2},"end":{"line":117,"column":3}},"25":{"start":{"line":70,"column":32},"end":{"line":70,"column":40}},"26":{"start":{"line":72,"column":4},"end":{"line":77,"column":5}},"27":{"start":{"line":73,"column":6},"end":{"line":76,"column":9}},"28":{"start":{"line":79,"column":17},"end":{"line":79,"column":51}},"29":{"start":{"line":80,"column":4},"end":{"line":85,"column":5}},"30":{"start":{"line":81,"column":6},"end":{"line":84,"column":9}},"31":{"start":{"line":86,"column":18},"end":{"line":86,"column":64}},"32":{"start":{"line":87,"column":4},"end":{"line":92,"column":5}},"33":{"start":{"line":88,"column":6},"end":{"line":91,"column":9}},"34":{"start":{"line":94,"column":18},"end":{"line":96,"column":6}},"35":{"start":{"line":97,"column":4},"end":{"line":109,"column":7}},"36":{"start":{"line":111,"column":4},"end":{"line":111,"column":23}},"37":{"start":{"line":112,"column":4},"end":{"line":116,"column":7}},"38":{"start":{"line":122,"column":40},"end":{"line":157,"column":1}},"39":{"start":{"line":123,"column":2},"end":{"line":156,"column":3}},"40":{"start":{"line":124,"column":43},"end":{"line":124,"column":51}},"41":{"start":{"line":125,"column":4},"end":{"line":127,"column":5}},"42":{"start":{"line":126,"column":6},"end":{"line":126,"column":60}},"43":{"start":{"line":128,"column":4},"end":{"line":130,"column":5}},"44":{"start":{"line":129,"column":6},"end":{"line":129,"column":62}},"45":{"start":{"line":131,"column":4},"end":{"line":133,"column":5}},"46":{"start":{"line":132,"column":6},"end":{"line":132,"column":68}},"47":{"start":{"line":135,"column":17},"end":{"line":135,"column":59}},"48":{"start":{"line":137,"column":4},"end":{"line":142,"column":5}},"49":{"start":{"line":138,"column":6},"end":{"line":141,"column":9}},"50":{"start":{"line":143,"column":19},"end":{"line":143,"column":50}},"51":{"start":{"line":144,"column":4},"end":{"line":144,"column":70}},"52":{"start":{"line":145,"column":4},"end":{"line":148,"column":7}},"53":{"start":{"line":150,"column":4},"end":{"line":150,"column":23}},"54":{"start":{"line":151,"column":4},"end":{"line":155,"column":7}},"55":{"start":{"line":160,"column":30},"end":{"line":167,"column":1}},"56":{"start":{"line":161,"column":2},"end":{"line":166,"column":3}},"57":{"start":{"line":162,"column":4},"end":{"line":162,"column":33}},"58":{"start":{"line":164,"column":4},"end":{"line":164,"column":23}},"59":{"start":{"line":165,"column":4},"end":{"line":165,"column":24}},"60":{"start":{"line":176,"column":39},"end":{"line":211,"column":1}},"61":{"start":{"line":177,"column":2},"end":{"line":210,"column":3}},"62":{"start":{"line":178,"column":54},"end":{"line":178,"column":62}},"63":{"start":{"line":179,"column":17},"end":{"line":179,"column":55}},"64":{"start":{"line":182,"column":4},"end":{"line":184,"column":5}},"65":{"start":{"line":183,"column":6},"end":{"line":183,"column":90}},"66":{"start":{"line":185,"column":27},"end":{"line":185,"column":78}},"67":{"start":{"line":186,"column":24},"end":{"line":195,"column":5}},"68":{"start":{"line":196,"column":4},"end":{"line":201,"column":7}},"69":{"start":{"line":203,"column":4},"end":{"line":203,"column":23}},"70":{"start":{"line":204,"column":4},"end":{"line":209,"column":7}},"71":{"start":{"line":218,"column":35},"end":{"line":234,"column":1}},"72":{"start":{"line":219,"column":2},"end":{"line":233,"column":3}},"73":{"start":{"line":220,"column":19},"end":{"line":223,"column":32}},"74":{"start":{"line":224,"column":4},"end":{"line":224,"column":21}},"75":{"start":{"line":226,"column":4},"end":{"line":226,"column":23}},"76":{"start":{"line":227,"column":4},"end":{"line":232,"column":7}},"77":{"start":{"line":241,"column":38},"end":{"line":258,"column":1}},"78":{"start":{"line":242,"column":2},"end":{"line":257,"column":3}},"79":{"start":{"line":243,"column":19},"end":{"line":247,"column":32}},"80":{"start":{"line":248,"column":4},"end":{"line":248,"column":21}},"81":{"start":{"line":250,"column":4},"end":{"line":250,"column":23}},"82":{"start":{"line":251,"column":4},"end":{"line":256,"column":7}},"83":{"start":{"line":266,"column":37},"end":{"line":286,"column":1}},"84":{"start":{"line":267,"column":2},"end":{"line":285,"column":3}},"85":{"start":{"line":268,"column":24},"end":{"line":268,"column":34}},"86":{"start":{"line":269,"column":23},"end":{"line":269,"column":31}},"87":{"start":{"line":270,"column":19},"end":{"line":274,"column":5}},"88":{"start":{"line":276,"column":4},"end":{"line":276,"column":33}},"89":{"start":{"line":278,"column":4},"end":{"line":278,"column":23}},"90":{"start":{"line":279,"column":4},"end":{"line":284,"column":7}}},"fnMap":{"0":{"name":"(anonymous_0)","decl":{"start":{"line":9,"column":34},"end":{"line":9,"column":35}},"loc":{"start":{"line":9,"column":54},"end":{"line":65,"column":1}},"line":9},"1":{"name":"(anonymous_1)","decl":{"start":{"line":68,"column":31},"end":{"line":68,"column":32}},"loc":{"start":{"line":68,"column":51},"end":{"line":118,"column":1}},"line":68},"2":{"name":"(anonymous_2)","decl":{"start":{"line":122,"column":40},"end":{"line":122,"column":41}},"loc":{"start":{"line":122,"column":60},"end":{"line":157,"column":1}},"line":122},"3":{"name":"(anonymous_3)","decl":{"start":{"line":160,"column":30},"end":{"line":160,"column":31}},"loc":{"start":{"line":160,"column":44},"end":{"line":167,"column":1}},"line":160},"4":{"name":"(anonymous_4)","decl":{"start":{"line":176,"column":39},"end":{"line":176,"column":40}},"loc":{"start":{"line":176,"column":59},"end":{"line":211,"column":1}},"line":176},"5":{"name":"(anonymous_5)","decl":{"start":{"line":218,"column":35},"end":{"line":218,"column":36}},"loc":{"start":{"line":218,"column":55},"end":{"line":234,"column":1}},"line":218},"6":{"name":"(anonymous_6)","decl":{"start":{"line":241,"column":38},"end":{"line":241,"column":39}},"loc":{"start":{"line":241,"column":58},"end":{"line":258,"column":1}},"line":241},"7":{"name":"(anonymous_7)","decl":{"start":{"line":266,"column":37},"end":{"line":266,"column":38}},"loc":{"start":{"line":266,"column":57},"end":{"line":286,"column":1}},"line":266}},"branchMap":{"0":{"loc":{"start":{"line":13,"column":4},"end":{"line":15,"column":5}},"type":"if","locations":[{"start":{"line":13,"column":4},"end":{"line":15,"column":5}},{"start":{},"end":{}}],"line":13},"1":{"loc":{"start":{"line":16,"column":4},"end":{"line":18,"column":5}},"type":"if","locations":[{"start":{"line":16,"column":4},"end":{"line":18,"column":5}},{"start":{},"end":{}}],"line":16},"2":{"loc":{"start":{"line":19,"column":4},"end":{"line":21,"column":5}},"type":"if","locations":[{"start":{"line":19,"column":4},"end":{"line":21,"column":5}},{"start":{},"end":{}}],"line":19},"3":{"loc":{"start":{"line":22,"column":4},"end":{"line":24,"column":5}},"type":"if","locations":[{"start":{"line":22,"column":4},"end":{"line":24,"column":5}},{"start":{},"end":{}}],"line":22},"4":{"loc":{"start":{"line":25,"column":4},"end":{"line":27,"column":5}},"type":"if","locations":[{"start":{"line":25,"column":4},"end":{"line":27,"column":5}},{"start":{},"end":{}}],"line":25},"5":{"loc":{"start":{"line":28,"column":4},"end":{"line":30,"column":5}},"type":"if","locations":[{"start":{"line":28,"column":4},"end":{"line":30,"column":5}},{"start":{},"end":{}}],"line":28},"6":{"loc":{"start":{"line":34,"column":4},"end":{"line":39,"column":5}},"type":"if","locations":[{"start":{"line":34,"column":4},"end":{"line":39,"column":5}},{"start":{},"end":{}}],"line":34},"7":{"loc":{"start":{"line":72,"column":4},"end":{"line":77,"column":5}},"type":"if","locations":[{"start":{"line":72,"column":4},"end":{"line":77,"column":5}},{"start":{},"end":{}}],"line":72},"8":{"loc":{"start":{"line":72,"column":8},"end":{"line":72,"column":27}},"type":"binary-expr","locations":[{"start":{"line":72,"column":8},"end":{"line":72,"column":14}},{"start":{"line":72,"column":18},"end":{"line":72,"column":27}}],"line":72},"9":{"loc":{"start":{"line":80,"column":4},"end":{"line":85,"column":5}},"type":"if","locations":[{"start":{"line":80,"column":4},"end":{"line":85,"column":5}},{"start":{},"end":{}}],"line":80},"10":{"loc":{"start":{"line":87,"column":4},"end":{"line":92,"column":5}},"type":"if","locations":[{"start":{"line":87,"column":4},"end":{"line":92,"column":5}},{"start":{},"end":{}}],"line":87},"11":{"loc":{"start":{"line":125,"column":4},"end":{"line":127,"column":5}},"type":"if","locations":[{"start":{"line":125,"column":4},"end":{"line":127,"column":5}},{"start":{},"end":{}}],"line":125},"12":{"loc":{"start":{"line":128,"column":4},"end":{"line":130,"column":5}},"type":"if","locations":[{"start":{"line":128,"column":4},"end":{"line":130,"column":5}},{"start":{},"end":{}}],"line":128},"13":{"loc":{"start":{"line":131,"column":4},"end":{"line":133,"column":5}},"type":"if","locations":[{"start":{"line":131,"column":4},"end":{"line":133,"column":5}},{"start":{},"end":{}}],"line":131},"14":{"loc":{"start":{"line":137,"column":4},"end":{"line":142,"column":5}},"type":"if","locations":[{"start":{"line":137,"column":4},"end":{"line":142,"column":5}},{"start":{},"end":{}}],"line":137},"15":{"loc":{"start":{"line":182,"column":4},"end":{"line":184,"column":5}},"type":"if","locations":[{"start":{"line":182,"column":4},"end":{"line":184,"column":5}},{"start":{},"end":{}}],"line":182},"16":{"loc":{"start":{"line":182,"column":8},"end":{"line":182,"column":39}},"type":"binary-expr","locations":[{"start":{"line":182,"column":8},"end":{"line":182,"column":16}},{"start":{"line":182,"column":20},"end":{"line":182,"column":39}}],"line":182},"17":{"loc":{"start":{"line":185,"column":27},"end":{"line":185,"column":78}},"type":"cond-expr","locations":[{"start":{"line":185,"column":38},"end":{"line":185,"column":66}},{"start":{"line":185,"column":69},"end":{"line":185,"column":78}}],"line":185},"18":{"loc":{"start":{"line":189,"column":14},"end":{"line":189,"column":31}},"type":"binary-expr","locations":[{"start":{"line":189,"column":14},"end":{"line":189,"column":18}},{"start":{"line":189,"column":22},"end":{"line":189,"column":31}}],"line":189},"19":{"loc":{"start":{"line":190,"column":18},"end":{"line":190,"column":49}},"type":"binary-expr","locations":[{"start":{"line":190,"column":18},"end":{"line":190,"column":32}},{"start":{"line":190,"column":36},"end":{"line":190,"column":49}}],"line":190},"20":{"loc":{"start":{"line":191,"column":15},"end":{"line":191,"column":34}},"type":"binary-expr","locations":[{"start":{"line":191,"column":15},"end":{"line":191,"column":20}},{"start":{"line":191,"column":24},"end":{"line":191,"column":34}}],"line":191},"21":{"loc":{"start":{"line":192,"column":17},"end":{"line":192,"column":40}},"type":"binary-expr","locations":[{"start":{"line":192,"column":17},"end":{"line":192,"column":24}},{"start":{"line":192,"column":28},"end":{"line":192,"column":40}}],"line":192}},"s":{"0":3,"1":2,"2":2,"3":2,"4":1,"5":1,"6":0,"7":1,"8":0,"9":1,"10":0,"11":1,"12":0,"13":1,"14":0,"15":1,"16":1,"17":0,"18":1,"19":1,"20":1,"21":0,"22":0,"23":3,"24":1,"25":1,"26":1,"27":0,"28":1,"29":1,"30":0,"31":1,"32":1,"33":0,"34":1,"35":1,"36":0,"37":0,"38":3,"39":3,"40":3,"41":3,"42":1,"43":3,"44":0,"45":3,"46":0,"47":3,"48":3,"49":2,"50":1,"51":1,"52":1,"53":0,"54":0,"55":3,"56":2,"57":2,"58":0,"59":0,"60":3,"61":7,"62":7,"63":7,"64":6,"65":1,"66":5,"67":4,"68":3,"69":3,"70":3,"71":3,"72":2,"73":2,"74":1,"75":1,"76":1,"77":3,"78":2,"79":2,"80":1,"81":1,"82":1,"83":3,"84":2,"85":2,"86":2,"87":2,"88":1,"89":1,"90":1},"f":{"0":2,"1":1,"2":3,"3":2,"4":7,"5":2,"6":2,"7":2},"b":{"0":[1,1],"1":[0,1],"2":[0,1],"3":[0,1],"4":[0,1],"5":[0,1],"6":[0,1],"7":[0,1],"8":[1,1],"9":[0,1],"10":[0,1],"11":[1,2],"12":[0,3],"13":[0,3],"14":[2,1],"15":[1,5],"16":[6,4],"17":[3,2],"18":[4,1],"19":[4,2],"20":[4,3],"21":[4,3]},"_coverageSchema":"1a1c01bbd47fc00a2c39e90264f33305004495a9","hash":"ee373608a60f1147dbfb3514e710ba1b92bcadd1"}
,"C:\\Foo Chao\\NUS\\Y3S2\\CS4218\\CS4218 project\\controllers\\categoryController.js": {"path":"C:\\Foo Chao\\NUS\\Y3S2\\CS4218\\CS4218 project\\controllers\\categoryController.js","statementMap":{"0":{"start":{"line":6,"column":40},"end":{"line":48,"column":1}},"1":{"start":{"line":7,"column":2},"end":{"line":47,"column":3}},"2":{"start":{"line":8,"column":21},"end":{"line":8,"column":29}},"3":{"start":{"line":9,"column":4},"end":{"line":14,"column":5}},"4":{"start":{"line":13,"column":6},"end":{"line":13,"column":67}},"5":{"start":{"line":15,"column":29},"end":{"line":15,"column":66}},"6":{"start":{"line":16,"column":4},"end":{"line":24,"column":5}},"7":{"start":{"line":17,"column":6},"end":{"line":23,"column":9}},"8":{"start":{"line":25,"column":21},"end":{"line":28,"column":13}},"9":{"start":{"line":29,"column":4},"end":{"line":36,"column":7}},"10":{"start":{"line":38,"column":4},"end":{"line":38,"column":23}},"11":{"start":{"line":39,"column":4},"end":{"line":46,"column":7}},"12":{"start":{"line":51,"column":40},"end":{"line":102,"column":1}},"13":{"start":{"line":52,"column":2},"end":{"line":101,"column":3}},"14":{"start":{"line":53,"column":21},"end":{"line":53,"column":29}},"15":{"start":{"line":54,"column":19},"end":{"line":54,"column":29}},"16":{"start":{"line":57,"column":4},"end":{"line":62,"column":5}},"17":{"start":{"line":58,"column":6},"end":{"line":61,"column":9}},"18":{"start":{"line":65,"column":4},"end":{"line":70,"column":5}},"19":{"start":{"line":66,"column":6},"end":{"line":69,"column":9}},"20":{"start":{"line":72,"column":21},"end":{"line":76,"column":5}},"21":{"start":{"line":79,"column":4},"end":{"line":84,"column":5}},"22":{"start":{"line":80,"column":6},"end":{"line":83,"column":9}},"23":{"start":{"line":86,"column":4},"end":{"line":93,"column":7}},"24":{"start":{"line":95,"column":4},"end":{"line":95,"column":23}},"25":{"start":{"line":96,"column":4},"end":{"line":100,"column":7}},"26":{"start":{"line":108,"column":34},"end":{"line":124,"column":1}},"27":{"start":{"line":109,"column":2},"end":{"line":123,"column":3}},"28":{"start":{"line":110,"column":21},"end":{"line":110,"column":49}},"29":{"start":{"line":111,"column":4},"end":{"line":115,"column":7}},"30":{"start":{"line":117,"column":4},"end":{"line":117,"column":23}},"31":{"start":{"line":118,"column":4},"end":{"line":122,"column":7}},"32":{"start":{"line":131,"column":40},"end":{"line":147,"column":1}},"33":{"start":{"line":132,"column":2},"end":{"line":146,"column":3}},"34":{"start":{"line":133,"column":21},"end":{"line":133,"column":75}},"35":{"start":{"line":134,"column":4},"end":{"line":138,"column":7}},"36":{"start":{"line":140,"column":4},"end":{"line":140,"column":23}},"37":{"start":{"line":141,"column":4},"end":{"line":145,"column":7}},"38":{"start":{"line":150,"column":40},"end":{"line":184,"column":1}},"39":{"start":{"line":151,"column":2},"end":{"line":183,"column":3}},"40":{"start":{"line":152,"column":19},"end":{"line":152,"column":29}},"41":{"start":{"line":155,"column":4},"end":{"line":160,"column":5}},"42":{"start":{"line":156,"column":6},"end":{"line":159,"column":9}},"43":{"start":{"line":162,"column":21},"end":{"line":162,"column":62}},"44":{"start":{"line":165,"column":4},"end":{"line":170,"column":5}},"45":{"start":{"line":166,"column":6},"end":{"line":169,"column":9}},"46":{"start":{"line":172,"column":4},"end":{"line":175,"column":7}},"47":{"start":{"line":177,"column":4},"end":{"line":177,"column":23}},"48":{"start":{"line":178,"column":4},"end":{"line":182,"column":7}}},"fnMap":{"0":{"name":"(anonymous_0)","decl":{"start":{"line":6,"column":40},"end":{"line":6,"column":41}},"loc":{"start":{"line":6,"column":60},"end":{"line":48,"column":1}},"line":6},"1":{"name":"(anonymous_1)","decl":{"start":{"line":51,"column":40},"end":{"line":51,"column":41}},"loc":{"start":{"line":51,"column":60},"end":{"line":102,"column":1}},"line":51},"2":{"name":"(anonymous_2)","decl":{"start":{"line":108,"column":34},"end":{"line":108,"column":35}},"loc":{"start":{"line":108,"column":54},"end":{"line":124,"column":1}},"line":108},"3":{"name":"(anonymous_3)","decl":{"start":{"line":131,"column":40},"end":{"line":131,"column":41}},"loc":{"start":{"line":131,"column":60},"end":{"line":147,"column":1}},"line":131},"4":{"name":"(anonymous_4)","decl":{"start":{"line":150,"column":40},"end":{"line":150,"column":41}},"loc":{"start":{"line":150,"column":60},"end":{"line":184,"column":1}},"line":150}},"branchMap":{"0":{"loc":{"start":{"line":9,"column":4},"end":{"line":14,"column":5}},"type":"if","locations":[{"start":{"line":9,"column":4},"end":{"line":14,"column":5}},{"start":{},"end":{}}],"line":9},"1":{"loc":{"start":{"line":16,"column":4},"end":{"line":24,"column":5}},"type":"if","locations":[{"start":{"line":16,"column":4},"end":{"line":24,"column":5}},{"start":{},"end":{}}],"line":16},"2":{"loc":{"start":{"line":57,"column":4},"end":{"line":62,"column":5}},"type":"if","locations":[{"start":{"line":57,"column":4},"end":{"line":62,"column":5}},{"start":{},"end":{}}],"line":57},"3":{"loc":{"start":{"line":65,"column":4},"end":{"line":70,"column":5}},"type":"if","locations":[{"start":{"line":65,"column":4},"end":{"line":70,"column":5}},{"start":{},"end":{}}],"line":65},"4":{"loc":{"start":{"line":79,"column":4},"end":{"line":84,"column":5}},"type":"if","locations":[{"start":{"line":79,"column":4},"end":{"line":84,"column":5}},{"start":{},"end":{}}],"line":79},"5":{"loc":{"start":{"line":155,"column":4},"end":{"line":160,"column":5}},"type":"if","locations":[{"start":{"line":155,"column":4},"end":{"line":160,"column":5}},{"start":{},"end":{}}],"line":155},"6":{"loc":{"start":{"line":165,"column":4},"end":{"line":170,"column":5}},"type":"if","locations":[{"start":{"line":165,"column":4},"end":{"line":170,"column":5}},{"start":{},"end":{}}],"line":165}},"s":{"0":3,"1":32,"2":32,"3":32,"4":7,"5":25,"6":24,"7":4,"8":20,"9":19,"10":2,"11":2,"12":3,"13":21,"14":21,"15":21,"16":21,"17":2,"18":19,"19":5,"20":14,"21":12,"22":4,"23":8,"24":2,"25":2,"26":3,"27":2,"28":2,"29":1,"30":1,"31":1,"32":3,"33":3,"34":3,"35":2,"36":1,"37":1,"38":3,"39":16,"40":16,"41":16,"42":2,"43":14,"44":12,"45":4,"46":8,"47":2,"48":2},"f":{"0":32,"1":21,"2":2,"3":3,"4":16},"b":{"0":[7,25],"1":[4,20],"2":[2,19],"3":[5,14],"4":[4,8],"5":[2,14],"6":[4,8]},"_coverageSchema":"1a1c01bbd47fc00a2c39e90264f33305004495a9","hash":"101c7e12b607d77e066d1f55f0cc894b4a258747"}
,"C:\\Foo Chao\\NUS\\Y3S2\\CS4218\\CS4218 project\\controllers\\productController.js": {"path":"C:\\Foo Chao\\NUS\\Y3S2\\CS4218\\CS4218 project\\controllers\\productController.js","statementMap":{"0":{"start":{"line":10,"column":0},"end":{"line":10,"column":16}},"1":{"start":{"line":13,"column":14},"end":{"line":18,"column":2}},"2":{"start":{"line":30,"column":39},"end":{"line":84,"column":1}},"3":{"start":{"line":31,"column":2},"end":{"line":83,"column":3}},"4":{"start":{"line":32,"column":4},"end":{"line":34,"column":5}},"5":{"start":{"line":33,"column":6},"end":{"line":33,"column":76}},"6":{"start":{"line":36,"column":6},"end":{"line":36,"column":16}},"7":{"start":{"line":37,"column":18},"end":{"line":37,"column":35}},"8":{"start":{"line":39,"column":4},"end":{"line":54,"column":5}},"9":{"start":{"line":41,"column":8},"end":{"line":41,"column":67}},"10":{"start":{"line":43,"column":8},"end":{"line":43,"column":74}},"11":{"start":{"line":45,"column":8},"end":{"line":45,"column":68}},"12":{"start":{"line":47,"column":8},"end":{"line":47,"column":71}},"13":{"start":{"line":49,"column":8},"end":{"line":49,"column":71}},"14":{"start":{"line":51,"column":8},"end":{"line":53,"column":79}},"15":{"start":{"line":56,"column":21},"end":{"line":64,"column":6}},"16":{"start":{"line":65,"column":4},"end":{"line":70,"column":5}},"17":{"start":{"line":66,"column":6},"end":{"line":69,"column":8}},"18":{"start":{"line":71,"column":4},"end":{"line":71,"column":26}},"19":{"start":{"line":72,"column":4},"end":{"line":76,"column":7}},"20":{"start":{"line":78,"column":4},"end":{"line":82,"column":7}},"21":{"start":{"line":87,"column":36},"end":{"line":108,"column":1}},"22":{"start":{"line":88,"column":2},"end":{"line":107,"column":3}},"23":{"start":{"line":89,"column":21},"end":{"line":94,"column":30}},"24":{"start":{"line":95,"column":4},"end":{"line":100,"column":7}},"25":{"start":{"line":102,"column":4},"end":{"line":106,"column":7}},"26":{"start":{"line":110,"column":42},"end":{"line":128,"column":1}},"27":{"start":{"line":111,"column":2},"end":{"line":127,"column":3}},"28":{"start":{"line":112,"column":20},"end":{"line":115,"column":27}},"29":{"start":{"line":116,"column":4},"end":{"line":120,"column":7}},"30":{"start":{"line":122,"column":4},"end":{"line":126,"column":7}},"31":{"start":{"line":131,"column":38},"end":{"line":145,"column":1}},"32":{"start":{"line":132,"column":2},"end":{"line":144,"column":3}},"33":{"start":{"line":133,"column":20},"end":{"line":133,"column":79}},"34":{"start":{"line":134,"column":4},"end":{"line":137,"column":5}},"35":{"start":{"line":135,"column":6},"end":{"line":135,"column":57}},"36":{"start":{"line":136,"column":6},"end":{"line":136,"column":54}},"37":{"start":{"line":139,"column":4},"end":{"line":143,"column":7}},"38":{"start":{"line":152,"column":39},"end":{"line":182,"column":1}},"39":{"start":{"line":153,"column":2},"end":{"line":181,"column":3}},"40":{"start":{"line":154,"column":20},"end":{"line":154,"column":30}},"41":{"start":{"line":157,"column":4},"end":{"line":162,"column":5}},"42":{"start":{"line":158,"column":6},"end":{"line":161,"column":9}},"43":{"start":{"line":164,"column":20},"end":{"line":164,"column":78}},"44":{"start":{"line":165,"column":4},"end":{"line":170,"column":5}},"45":{"start":{"line":166,"column":6},"end":{"line":169,"column":9}},"46":{"start":{"line":171,"column":4},"end":{"line":174,"column":7}},"47":{"start":{"line":176,"column":4},"end":{"line":180,"column":7}},"48":{"start":{"line":196,"column":39},"end":{"line":264,"column":1}},"49":{"start":{"line":197,"column":2},"end":{"line":263,"column":3}},"50":{"start":{"line":198,"column":20},"end":{"line":198,"column":30}},"51":{"start":{"line":201,"column":4},"end":{"line":206,"column":5}},"52":{"start":{"line":202,"column":6},"end":{"line":205,"column":9}},"53":{"start":{"line":208,"column":4},"end":{"line":210,"column":5}},"54":{"start":{"line":209,"column":6},"end":{"line":209,"column":76}},"55":{"start":{"line":212,"column":6},"end":{"line":212,"column":16}},"56":{"start":{"line":213,"column":18},"end":{"line":213,"column":35}},"57":{"start":{"line":215,"column":4},"end":{"line":230,"column":5}},"58":{"start":{"line":217,"column":8},"end":{"line":217,"column":67}},"59":{"start":{"line":219,"column":8},"end":{"line":219,"column":74}},"60":{"start":{"line":221,"column":8},"end":{"line":221,"column":68}},"61":{"start":{"line":223,"column":8},"end":{"line":223,"column":71}},"62":{"start":{"line":225,"column":8},"end":{"line":225,"column":71}},"63":{"start":{"line":227,"column":8},"end":{"line":229,"column":79}},"64":{"start":{"line":232,"column":21},"end":{"line":236,"column":5}},"65":{"start":{"line":238,"column":4},"end":{"line":243,"column":5}},"66":{"start":{"line":239,"column":6},"end":{"line":242,"column":9}},"67":{"start":{"line":245,"column":4},"end":{"line":250,"column":5}},"68":{"start":{"line":246,"column":6},"end":{"line":249,"column":8}},"69":{"start":{"line":251,"column":4},"end":{"line":251,"column":26}},"70":{"start":{"line":252,"column":4},"end":{"line":256,"column":7}},"71":{"start":{"line":258,"column":4},"end":{"line":262,"column":7}},"72":{"start":{"line":267,"column":40},"end":{"line":285,"column":1}},"73":{"start":{"line":268,"column":2},"end":{"line":284,"column":3}},"74":{"start":{"line":269,"column":31},"end":{"line":269,"column":39}},"75":{"start":{"line":270,"column":15},"end":{"line":270,"column":17}},"76":{"start":{"line":271,"column":4},"end":{"line":271,"column":52}},"77":{"start":{"line":271,"column":28},"end":{"line":271,"column":52}},"78":{"start":{"line":272,"column":4},"end":{"line":272,"column":70}},"79":{"start":{"line":272,"column":22},"end":{"line":272,"column":70}},"80":{"start":{"line":273,"column":21},"end":{"line":273,"column":50}},"81":{"start":{"line":274,"column":4},"end":{"line":277,"column":7}},"82":{"start":{"line":279,"column":4},"end":{"line":283,"column":7}},"83":{"start":{"line":288,"column":38},"end":{"line":302,"column":1}},"84":{"start":{"line":289,"column":2},"end":{"line":301,"column":3}},"85":{"start":{"line":290,"column":18},"end":{"line":290,"column":70}},"86":{"start":{"line":291,"column":4},"end":{"line":294,"column":7}},"87":{"start":{"line":296,"column":4},"end":{"line":300,"column":7}},"88":{"start":{"line":305,"column":37},"end":{"line":326,"column":1}},"89":{"start":{"line":306,"column":2},"end":{"line":325,"column":3}},"90":{"start":{"line":307,"column":20},"end":{"line":307,"column":21}},"91":{"start":{"line":308,"column":17},"end":{"line":308,"column":54}},"92":{"start":{"line":309,"column":21},"end":{"line":314,"column":30}},"93":{"start":{"line":315,"column":4},"end":{"line":318,"column":7}},"94":{"start":{"line":320,"column":4},"end":{"line":324,"column":7}},"95":{"start":{"line":330,"column":39},"end":{"line":349,"column":1}},"96":{"start":{"line":331,"column":2},"end":{"line":348,"column":3}},"97":{"start":{"line":332,"column":24},"end":{"line":332,"column":34}},"98":{"start":{"line":333,"column":20},"end":{"line":340,"column":23}},"99":{"start":{"line":341,"column":4},"end":{"line":341,"column":22}},"100":{"start":{"line":343,"column":4},"end":{"line":347,"column":7}},"101":{"start":{"line":357,"column":40},"end":{"line":387,"column":1}},"102":{"start":{"line":358,"column":2},"end":{"line":386,"column":3}},"103":{"start":{"line":359,"column":25},"end":{"line":359,"column":35}},"104":{"start":{"line":361,"column":4},"end":{"line":366,"column":5}},"105":{"start":{"line":362,"column":6},"end":{"line":365,"column":9}},"106":{"start":{"line":368,"column":21},"end":{"line":375,"column":27}},"107":{"start":{"line":376,"column":4},"end":{"line":379,"column":7}},"108":{"start":{"line":381,"column":4},"end":{"line":385,"column":7}},"109":{"start":{"line":392,"column":41},"end":{"line":408,"column":1}},"110":{"start":{"line":393,"column":2},"end":{"line":407,"column":3}},"111":{"start":{"line":394,"column":21},"end":{"line":394,"column":75}},"112":{"start":{"line":395,"column":21},"end":{"line":395,"column":79}},"113":{"start":{"line":396,"column":4},"end":{"line":400,"column":7}},"114":{"start":{"line":402,"column":4},"end":{"line":406,"column":7}},"115":{"start":{"line":412,"column":40},"end":{"line":423,"column":1}},"116":{"start":{"line":413,"column":2},"end":{"line":422,"column":3}},"117":{"start":{"line":414,"column":4},"end":{"line":420,"column":7}},"118":{"start":{"line":415,"column":6},"end":{"line":419,"column":7}},"119":{"start":{"line":416,"column":8},"end":{"line":416,"column":34}},"120":{"start":{"line":418,"column":8},"end":{"line":418,"column":27}},"121":{"start":{"line":426,"column":42},"end":{"line":456,"column":1}},"122":{"start":{"line":427,"column":2},"end":{"line":455,"column":3}},"123":{"start":{"line":428,"column":28},"end":{"line":428,"column":36}},"124":{"start":{"line":429,"column":16},"end":{"line":429,"column":17}},"125":{"start":{"line":430,"column":4},"end":{"line":432,"column":7}},"126":{"start":{"line":431,"column":6},"end":{"line":431,"column":23}},"127":{"start":{"line":433,"column":25},"end":{"line":453,"column":5}},"128":{"start":{"line":442,"column":8},"end":{"line":451,"column":9}},"129":{"start":{"line":443,"column":24},"end":{"line":447,"column":19}},"130":{"start":{"line":448,"column":10},"end":{"line":448,"column":33}},"131":{"start":{"line":450,"column":10},"end":{"line":450,"column":38}}},"fnMap":{"0":{"name":"(anonymous_0)","decl":{"start":{"line":30,"column":39},"end":{"line":30,"column":40}},"loc":{"start":{"line":30,"column":59},"end":{"line":84,"column":1}},"line":30},"1":{"name":"(anonymous_1)","decl":{"start":{"line":87,"column":36},"end":{"line":87,"column":37}},"loc":{"start":{"line":87,"column":56},"end":{"line":108,"column":1}},"line":87},"2":{"name":"(anonymous_2)","decl":{"start":{"line":110,"column":42},"end":{"line":110,"column":43}},"loc":{"start":{"line":110,"column":62},"end":{"line":128,"column":1}},"line":110},"3":{"name":"(anonymous_3)","decl":{"start":{"line":131,"column":38},"end":{"line":131,"column":39}},"loc":{"start":{"line":131,"column":58},"end":{"line":145,"column":1}},"line":131},"4":{"name":"(anonymous_4)","decl":{"start":{"line":152,"column":39},"end":{"line":152,"column":40}},"loc":{"start":{"line":152,"column":59},"end":{"line":182,"column":1}},"line":152},"5":{"name":"(anonymous_5)","decl":{"start":{"line":196,"column":39},"end":{"line":196,"column":40}},"loc":{"start":{"line":196,"column":59},"end":{"line":264,"column":1}},"line":196},"6":{"name":"(anonymous_6)","decl":{"start":{"line":267,"column":40},"end":{"line":267,"column":41}},"loc":{"start":{"line":267,"column":60},"end":{"line":285,"column":1}},"line":267},"7":{"name":"(anonymous_7)","decl":{"start":{"line":288,"column":38},"end":{"line":288,"column":39}},"loc":{"start":{"line":288,"column":58},"end":{"line":302,"column":1}},"line":288},"8":{"name":"(anonymous_8)","decl":{"start":{"line":305,"column":37},"end":{"line":305,"column":38}},"loc":{"start":{"line":305,"column":57},"end":{"line":326,"column":1}},"line":305},"9":{"name":"(anonymous_9)","decl":{"start":{"line":330,"column":39},"end":{"line":330,"column":40}},"loc":{"start":{"line":330,"column":59},"end":{"line":349,"column":1}},"line":330},"10":{"name":"(anonymous_10)","decl":{"start":{"line":357,"column":40},"end":{"line":357,"column":41}},"loc":{"start":{"line":357,"column":60},"end":{"line":387,"column":1}},"line":357},"11":{"name":"(anonymous_11)","decl":{"start":{"line":392,"column":41},"end":{"line":392,"column":42}},"loc":{"start":{"line":392,"column":61},"end":{"line":408,"column":1}},"line":392},"12":{"name":"(anonymous_12)","decl":{"start":{"line":412,"column":40},"end":{"line":412,"column":41}},"loc":{"start":{"line":412,"column":60},"end":{"line":423,"column":1}},"line":412},"13":{"name":"(anonymous_13)","decl":{"start":{"line":414,"column":37},"end":{"line":414,"column":38}},"loc":{"start":{"line":414,"column":62},"end":{"line":420,"column":5}},"line":414},"14":{"name":"(anonymous_14)","decl":{"start":{"line":426,"column":42},"end":{"line":426,"column":43}},"loc":{"start":{"line":426,"column":62},"end":{"line":456,"column":1}},"line":426},"15":{"name":"(anonymous_15)","decl":{"start":{"line":430,"column":13},"end":{"line":430,"column":14}},"loc":{"start":{"line":430,"column":20},"end":{"line":432,"column":5}},"line":430},"16":{"name":"(anonymous_16)","decl":{"start":{"line":441,"column":6},"end":{"line":441,"column":7}},"loc":{"start":{"line":441,"column":31},"end":{"line":452,"column":7}},"line":441}},"branchMap":{"0":{"loc":{"start":{"line":32,"column":4},"end":{"line":34,"column":5}},"type":"if","locations":[{"start":{"line":32,"column":4},"end":{"line":34,"column":5}},{"start":{},"end":{}}],"line":32},"1":{"loc":{"start":{"line":39,"column":4},"end":{"line":54,"column":5}},"type":"switch","locations":[{"start":{"line":40,"column":6},"end":{"line":41,"column":67}},{"start":{"line":42,"column":6},"end":{"line":43,"column":74}},{"start":{"line":44,"column":6},"end":{"line":45,"column":68}},{"start":{"line":46,"column":6},"end":{"line":47,"column":71}},{"start":{"line":48,"column":6},"end":{"line":49,"column":71}},{"start":{"line":50,"column":6},"end":{"line":53,"column":79}}],"line":39},"2":{"loc":{"start":{"line":50,"column":11},"end":{"line":50,"column":61}},"type":"binary-expr","locations":[{"start":{"line":50,"column":11},"end":{"line":50,"column":16}},{"start":{"line":50,"column":21},"end":{"line":50,"column":41}},{"start":{"line":50,"column":45},"end":{"line":50,"column":60}}],"line":50},"3":{"loc":{"start":{"line":65,"column":4},"end":{"line":70,"column":5}},"type":"if","locations":[{"start":{"line":65,"column":4},"end":{"line":70,"column":5}},{"start":{},"end":{}}],"line":65},"4":{"loc":{"start":{"line":134,"column":4},"end":{"line":137,"column":5}},"type":"if","locations":[{"start":{"line":134,"column":4},"end":{"line":137,"column":5}},{"start":{},"end":{}}],"line":134},"5":{"loc":{"start":{"line":157,"column":4},"end":{"line":162,"column":5}},"type":"if","locations":[{"start":{"line":157,"column":4},"end":{"line":162,"column":5}},{"start":{},"end":{}}],"line":157},"6":{"loc":{"start":{"line":165,"column":4},"end":{"line":170,"column":5}},"type":"if","locations":[{"start":{"line":165,"column":4},"end":{"line":170,"column":5}},{"start":{},"end":{}}],"line":165},"7":{"loc":{"start":{"line":201,"column":4},"end":{"line":206,"column":5}},"type":"if","locations":[{"start":{"line":201,"column":4},"end":{"line":206,"column":5}},{"start":{},"end":{}}],"line":201},"8":{"loc":{"start":{"line":208,"column":4},"end":{"line":210,"column":5}},"type":"if","locations":[{"start":{"line":208,"column":4},"end":{"line":210,"column":5}},{"start":{},"end":{}}],"line":208},"9":{"loc":{"start":{"line":215,"column":4},"end":{"line":230,"column":5}},"type":"switch","locations":[{"start":{"line":216,"column":6},"end":{"line":217,"column":67}},{"start":{"line":218,"column":6},"end":{"line":219,"column":74}},{"start":{"line":220,"column":6},"end":{"line":221,"column":68}},{"start":{"line":222,"column":6},"end":{"line":223,"column":71}},{"start":{"line":224,"column":6},"end":{"line":225,"column":71}},{"start":{"line":226,"column":6},"end":{"line":229,"column":79}}],"line":215},"10":{"loc":{"start":{"line":226,"column":11},"end":{"line":226,"column":61}},"type":"binary-expr","locations":[{"start":{"line":226,"column":11},"end":{"line":226,"column":16}},{"start":{"line":226,"column":21},"end":{"line":226,"column":41}},{"start":{"line":226,"column":45},"end":{"line":226,"column":60}}],"line":226},"11":{"loc":{"start":{"line":238,"column":4},"end":{"line":243,"column":5}},"type":"if","locations":[{"start":{"line":238,"column":4},"end":{"line":243,"column":5}},{"start":{},"end":{}}],"line":238},"12":{"loc":{"start":{"line":245,"column":4},"end":{"line":250,"column":5}},"type":"if","locations":[{"start":{"line":245,"column":4},"end":{"line":250,"column":5}},{"start":{},"end":{}}],"line":245},"13":{"loc":{"start":{"line":271,"column":4},"end":{"line":271,"column":52}},"type":"if","locations":[{"start":{"line":271,"column":4},"end":{"line":271,"column":52}},{"start":{},"end":{}}],"line":271},"14":{"loc":{"start":{"line":272,"column":4},"end":{"line":272,"column":70}},"type":"if","locations":[{"start":{"line":272,"column":4},"end":{"line":272,"column":70}},{"start":{},"end":{}}],"line":272},"15":{"loc":{"start":{"line":308,"column":17},"end":{"line":308,"column":54}},"type":"cond-expr","locations":[{"start":{"line":308,"column":35},"end":{"line":308,"column":50}},{"start":{"line":308,"column":53},"end":{"line":308,"column":54}}],"line":308},"16":{"loc":{"start":{"line":361,"column":4},"end":{"line":366,"column":5}},"type":"if","locations":[{"start":{"line":361,"column":4},"end":{"line":366,"column":5}},{"start":{},"end":{}}],"line":361},"17":{"loc":{"start":{"line":361,"column":8},"end":{"line":361,"column":20}},"type":"binary-expr","locations":[{"start":{"line":361,"column":8},"end":{"line":361,"column":12}},{"start":{"line":361,"column":16},"end":{"line":361,"column":20}}],"line":361},"18":{"loc":{"start":{"line":415,"column":6},"end":{"line":419,"column":7}},"type":"if","locations":[{"start":{"line":415,"column":6},"end":{"line":419,"column":7}},{"start":{"line":417,"column":13},"end":{"line":419,"column":7}}],"line":415},"19":{"loc":{"start":{"line":442,"column":8},"end":{"line":451,"column":9}},"type":"if","locations":[{"start":{"line":442,"column":8},"end":{"line":451,"column":9}},{"start":{"line":449,"column":15},"end":{"line":451,"column":9}}],"line":442}},"s":{"0":3,"1":3,"2":3,"3":53,"4":53,"5":2,"6":51,"7":51,"8":51,"9":6,"10":4,"11":4,"12":4,"13":4,"14":6,"15":23,"16":23,"17":9,"18":22,"19":21,"20":2,"21":3,"22":18,"23":18,"24":14,"25":4,"26":3,"27":17,"28":17,"29":12,"30":5,"31":3,"32":18,"33":18,"34":13,"35":10,"36":10,"37":5,"38":3,"39":16,"40":16,"41":16,"42":2,"43":14,"44":12,"45":4,"46":8,"47":2,"48":3,"49":42,"50":42,"51":42,"52":2,"53":40,"54":2,"55":38,"56":38,"57":38,"58":3,"59":2,"60":2,"61":2,"62":2,"63":4,"64":23,"65":21,"66":4,"67":17,"68":7,"69":16,"70":15,"71":4,"72":3,"73":18,"74":18,"75":18,"76":18,"77":4,"78":18,"79":3,"80":18,"81":13,"82":5,"83":3,"84":16,"85":16,"86":11,"87":5,"88":3,"89":5,"90":5,"91":5,"92":5,"93":4,"94":1,"95":3,"96":4,"97":4,"98":4,"99":3,"100":1,"101":3,"102":5,"103":5,"104":5,"105":1,"106":4,"107":3,"108":1,"109":3,"110":4,"111":4,"112":3,"113":3,"114":1,"115":3,"116":5,"117":5,"118":5,"119":2,"120":3,"121":3,"122":8,"123":8,"124":8,"125":8,"126":15,"127":8,"128":8,"129":8,"130":8,"131":0},"f":{"0":53,"1":18,"2":17,"3":18,"4":16,"5":42,"6":18,"7":16,"8":5,"9":4,"10":5,"11":4,"12":5,"13":5,"14":8,"15":15,"16":8},"b":{"0":[2,51],"1":[6,4,4,4,4,6],"2":[29,15,12],"3":[9,14],"4":[10,3],"5":[2,14],"6":[4,8],"7":[2,40],"8":[2,38],"9":[3,2,2,2,2,4],"10":[27,11,9],"11":[4,17],"12":[7,10],"13":[4,14],"14":[3,15],"15":[1,4],"16":[1,4],"17":[5,4],"18":[2,3],"19":[8,0]},"_coverageSchema":"1a1c01bbd47fc00a2c39e90264f33305004495a9","hash":"f7f49deff4220e4d8613c94b91f9f45d5b1262d6"}
,"C:\\Foo Chao\\NUS\\Y3S2\\CS4218\\CS4218 project\\helpers\\authHelper.js": {"path":"C:\\Foo Chao\\NUS\\Y3S2\\CS4218\\CS4218 project\\helpers\\authHelper.js","statementMap":{"0":{"start":{"line":3,"column":28},"end":{"line":12,"column":1}},"1":{"start":{"line":4,"column":4},"end":{"line":11,"column":5}},"2":{"start":{"line":5,"column":27},"end":{"line":5,"column":29}},"3":{"start":{"line":6,"column":31},"end":{"line":6,"column":70}},"4":{"start":{"line":7,"column":8},"end":{"line":7,"column":30}},"5":{"start":{"line":10,"column":8},"end":{"line":10,"column":27}},"6":{"start":{"line":14,"column":31},"end":{"line":16,"column":1}},"7":{"start":{"line":15,"column":4},"end":{"line":15,"column":52}}},"fnMap":{"0":{"name":"(anonymous_0)","decl":{"start":{"line":3,"column":28},"end":{"line":3,"column":29}},"loc":{"start":{"line":3,"column":48},"end":{"line":12,"column":1}},"line":3},"1":{"name":"(anonymous_1)","decl":{"start":{"line":14,"column":31},"end":{"line":14,"column":32}},"loc":{"start":{"line":14,"column":66},"end":{"line":16,"column":1}},"line":14}},"branchMap":{},"s":{"0":3,"1":2,"2":2,"3":2,"4":1,"5":1,"6":3,"7":2},"f":{"0":2,"1":2},"b":{},"_coverageSchema":"1a1c01bbd47fc00a2c39e90264f33305004495a9","hash":"eca16dd9e30364023dcc7dbd76af5e7ca144ca32"}
,"C:\\Foo Chao\\NUS\\Y3S2\\CS4218\\CS4218 project\\middlewares\\authMiddleware.js": {"path":"C:\\Foo Chao\\NUS\\Y3S2\\CS4218\\CS4218 project\\middlewares\\authMiddleware.js","statementMap":{"0":{"start":{"line":5,"column":29},"end":{"line":20,"column":1}},"1":{"start":{"line":6,"column":4},"end":{"line":19,"column":5}},"2":{"start":{"line":7,"column":23},"end":{"line":10,"column":9}},"3":{"start":{"line":11,"column":8},"end":{"line":11,"column":26}},"4":{"start":{"line":12,"column":8},"end":{"line":12,"column":15}},"5":{"start":{"line":14,"column":8},"end":{"line":14,"column":27}},"6":{"start":{"line":18,"column":8},"end":{"line":18,"column":107}},"7":{"start":{"line":23,"column":23},"end":{"line":53,"column":1}},"8":{"start":{"line":24,"column":4},"end":{"line":52,"column":5}},"9":{"start":{"line":25,"column":21},"end":{"line":25,"column":59}},"10":{"start":{"line":29,"column":8},"end":{"line":34,"column":9}},"11":{"start":{"line":30,"column":12},"end":{"line":33,"column":15}},"12":{"start":{"line":35,"column":8},"end":{"line":40,"column":9}},"13":{"start":{"line":36,"column":12},"end":{"line":39,"column":15}},"14":{"start":{"line":41,"column":8},"end":{"line":41,"column":15}},"15":{"start":{"line":43,"column":8},"end":{"line":43,"column":27}},"16":{"start":{"line":47,"column":8},"end":{"line":51,"column":11}}},"fnMap":{"0":{"name":"(anonymous_0)","decl":{"start":{"line":5,"column":29},"end":{"line":5,"column":30}},"loc":{"start":{"line":5,"column":55},"end":{"line":20,"column":1}},"line":5},"1":{"name":"(anonymous_1)","decl":{"start":{"line":23,"column":23},"end":{"line":23,"column":24}},"loc":{"start":{"line":23,"column":49},"end":{"line":53,"column":1}},"line":23}},"branchMap":{"0":{"loc":{"start":{"line":29,"column":8},"end":{"line":34,"column":9}},"type":"if","locations":[{"start":{"line":29,"column":8},"end":{"line":34,"column":9}},{"start":{},"end":{}}],"line":29},"1":{"loc":{"start":{"line":35,"column":8},"end":{"line":40,"column":9}},"type":"if","locations":[{"start":{"line":35,"column":8},"end":{"line":40,"column":9}},{"start":{},"end":{}}],"line":35}},"s":{"0":3,"1":71,"2":71,"3":51,"4":51,"5":20,"6":20,"7":3,"8":54,"9":54,"10":53,"11":1,"12":52,"13":13,"14":39,"15":1,"16":1},"f":{"0":71,"1":54},"b":{"0":[1,52],"1":[13,39]},"_coverageSchema":"1a1c01bbd47fc00a2c39e90264f33305004495a9","hash":"0bcca8d1d59f40af1cc5780e3c6e2f40d280dfd9"}
,"C:\\Foo Chao\\NUS\\Y3S2\\CS4218\\CS4218 project\\models\\categoryModel.js": {"path":"C:\\Foo Chao\\NUS\\Y3S2\\CS4218\\CS4218 project\\models\\categoryModel.js","statementMap":{"0":{"start":{"line":3,"column":23},"end":{"line":13,"column":2}}},"fnMap":{},"branchMap":{},"s":{"0":5},"f":{},"b":{},"_coverageSchema":"1a1c01bbd47fc00a2c39e90264f33305004495a9","hash":"ea03b2d1b5f77a69fd946db48968d23f34c2c315"}
,"C:\\Foo Chao\\NUS\\Y3S2\\CS4218\\CS4218 project\\models\\orderModel.js": {"path":"C:\\Foo Chao\\NUS\\Y3S2\\CS4218\\CS4218 project\\models\\orderModel.js","statementMap":{"0":{"start":{"line":11,"column":20},"end":{"line":31,"column":1}}},"fnMap":{},"branchMap":{},"s":{"0":5},"f":{},"b":{},"_coverageSchema":"1a1c01bbd47fc00a2c39e90264f33305004495a9","hash":"4356f2e99c14252c491a1f23744d8ddbc4680ac7"}
,"C:\\Foo Chao\\NUS\\Y3S2\\CS4218\\CS4218 project\\models\\productModel.js": {"path":"C:\\Foo Chao\\NUS\\Y3S2\\CS4218\\CS4218 project\\models\\productModel.js","statementMap":{"0":{"start":{"line":3,"column":22},"end":{"line":39,"column":1}}},"fnMap":{},"branchMap":{},"s":{"0":4},"f":{},"b":{},"_coverageSchema":"1a1c01bbd47fc00a2c39e90264f33305004495a9","hash":"e785a3bbaa3bdc37def85b5bdea43031ec2f5c39"}
,"C:\\Foo Chao\\NUS\\Y3S2\\CS4218\\CS4218 project\\models\\userModel.js": {"path":"C:\\Foo Chao\\NUS\\Y3S2\\CS4218\\CS4218 project\\models\\userModel.js","statementMap":{"0":{"start":{"line":6,"column":19},"end":{"line":43,"column":1}}},"fnMap":{},"branchMap":{},"s":{"0":5},"f":{},"b":{},"_coverageSchema":"1a1c01bbd47fc00a2c39e90264f33305004495a9","hash":"58ad989c8dc7b46e0109b4282c4a271522a7940d"}
,"C:\\Foo Chao\\NUS\\Y3S2\\CS4218\\CS4218 project\\routes\\authRoute.js": {"path":"C:\\Foo Chao\\NUS\\Y3S2\\CS4218\\CS4218 project\\routes\\authRoute.js","statementMap":{"0":{"start":{"line":15,"column":15},"end":{"line":15,"column":31}},"1":{"start":{"line":19,"column":0},"end":{"line":19,"column":45}},"2":{"start":{"line":22,"column":0},"end":{"line":22,"column":39}},"3":{"start":{"line":25,"column":0},"end":{"line":25,"column":58}},"4":{"start":{"line":28,"column":0},"end":{"line":28,"column":60}},"5":{"start":{"line":31,"column":0},"end":{"line":33,"column":3}},"6":{"start":{"line":32,"column":2},"end":{"line":32,"column":37}},"7":{"start":{"line":35,"column":0},"end":{"line":37,"column":3}},"8":{"start":{"line":36,"column":2},"end":{"line":36,"column":37}},"9":{"start":{"line":40,"column":0},"end":{"line":40,"column":63}},"10":{"start":{"line":43,"column":0},"end":{"line":43,"column":58}},"11":{"start":{"line":46,"column":0},"end":{"line":46,"column":74}},"12":{"start":{"line":49,"column":0},"end":{"line":54,"column":2}}},"fnMap":{"0":{"name":"(anonymous_0)","decl":{"start":{"line":31,"column":40},"end":{"line":31,"column":41}},"loc":{"start":{"line":31,"column":54},"end":{"line":33,"column":1}},"line":31},"1":{"name":"(anonymous_1)","decl":{"start":{"line":35,"column":50},"end":{"line":35,"column":51}},"loc":{"start":{"line":35,"column":64},"end":{"line":37,"column":1}},"line":35}},"branchMap":{},"s":{"0":2,"1":2,"2":2,"3":2,"4":2,"5":2,"6":0,"7":2,"8":0,"9":2,"10":2,"11":2,"12":2},"f":{"0":0,"1":0},"b":{},"_coverageSchema":"1a1c01bbd47fc00a2c39e90264f33305004495a9","hash":"20feca4beb82eb641db706c637776c84dfffe902"}
,"C:\\Foo Chao\\NUS\\Y3S2\\CS4218\\CS4218 project\\routes\\categoryRoutes.js": {"path":"C:\\Foo Chao\\NUS\\Y3S2\\CS4218\\CS4218 project\\routes\\categoryRoutes.js","statementMap":{"0":{"start":{"line":13,"column":15},"end":{"line":13,"column":31}},"1":{"start":{"line":17,"column":0},"end":{"line":22,"column":2}},"2":{"start":{"line":25,"column":0},"end":{"line":30,"column":2}},"3":{"start":{"line":35,"column":0},"end":{"line":35,"column":48}},"4":{"start":{"line":38,"column":0},"end":{"line":38,"column":63}},"5":{"start":{"line":41,"column":0},"end":{"line":46,"column":2}}},"fnMap":{},"branchMap":{},"s":{"0":2,"1":2,"2":2,"3":2,"4":2,"5":2},"f":{},"b":{},"_coverageSchema":"1a1c01bbd47fc00a2c39e90264f33305004495a9","hash":"997ca897da93927bd1ee1eb298748ae5a53e5e8f"}
,"C:\\Foo Chao\\NUS\\Y3S2\\CS4218\\CS4218 project\\routes\\productRoutes.js": {"path":"C:\\Foo Chao\\NUS\\Y3S2\\CS4218\\CS4218 project\\routes\\productRoutes.js","statementMap":{"0":{"start":{"line":23,"column":15},"end":{"line":23,"column":31}},"1":{"start":{"line":26,"column":0},"end":{"line":32,"column":2}},"2":{"start":{"line":34,"column":0},"end":{"line":40,"column":2}},"3":{"start":{"line":43,"column":0},"end":{"line":43,"column":49}},"4":{"start":{"line":46,"column":0},"end":{"line":46,"column":61}},"5":{"start":{"line":49,"column":0},"end":{"line":49,"column":58}},"6":{"start":{"line":52,"column":0},"end":{"line":52,"column":87}},"7":{"start":{"line":55,"column":0},"end":{"line":55,"column":58}},"8":{"start":{"line":58,"column":0},"end":{"line":58,"column":53}},"9":{"start":{"line":61,"column":0},"end":{"line":61,"column":57}},"10":{"start":{"line":64,"column":0},"end":{"line":64,"column":56}},"11":{"start":{"line":70,"column":0},"end":{"line":70,"column":67}},"12":{"start":{"line":73,"column":0},"end":{"line":73,"column":65}},"13":{"start":{"line":77,"column":0},"end":{"line":77,"column":57}},"14":{"start":{"line":80,"column":0},"end":{"line":80,"column":77}}},"fnMap":{},"branchMap":{},"s":{"0":2,"1":2,"2":2,"3":2,"4":2,"5":2,"6":2,"7":2,"8":2,"9":2,"10":2,"11":2,"12":2,"13":2,"14":2},"f":{},"b":{},"_coverageSchema":"1a1c01bbd47fc00a2c39e90264f33305004495a9","hash":"204e5c7fc8c3e51dde042614c94ec36a05560a51"}
}
