TN:
SF:controllers/authController.js
FN:9,(anonymous_0)
FN:68,(anonymous_1)
FN:122,(anonymous_2)
FN:160,(anonymous_3)
FN:176,(anonymous_4)
FN:218,(anonymous_5)
FN:241,(anonymous_6)
FN:266,(anonymous_7)
FNF:8
FNH:0
FNDA:0,(anonymous_0)
FNDA:0,(anonymous_1)
FNDA:0,(anonymous_2)
FNDA:0,(anonymous_3)
FNDA:0,(anonymous_4)
FNDA:0,(anonymous_5)
FNDA:0,(anonymous_6)
FNDA:0,(anonymous_7)
DA:9,1
DA:10,0
DA:11,0
DA:13,0
DA:14,0
DA:16,0
DA:17,0
DA:19,0
DA:20,0
DA:22,0
DA:23,0
DA:25,0
DA:26,0
DA:28,0
DA:29,0
DA:32,0
DA:34,0
DA:35,0
DA:41,0
DA:43,0
DA:52,0
DA:58,0
DA:59,0
DA:68,1
DA:69,0
DA:70,0
DA:72,0
DA:73,0
DA:79,0
DA:80,0
DA:81,0
DA:86,0
DA:87,0
DA:88,0
DA:94,0
DA:97,0
DA:111,0
DA:112,0
DA:122,1
DA:123,0
DA:124,0
DA:125,0
DA:126,0
DA:128,0
DA:129,0
DA:131,0
DA:132,0
DA:135,0
DA:137,0
DA:138,0
DA:143,0
DA:144,0
DA:145,0
DA:150,0
DA:151,0
DA:160,1
DA:161,0
DA:162,0
DA:164,0
DA:165,0
DA:176,1
DA:177,0
DA:178,0
DA:179,0
DA:182,0
DA:183,0
DA:185,0
DA:186,0
DA:196,0
DA:203,0
DA:204,0
DA:218,1
DA:219,0
DA:220,0
DA:224,0
DA:226,0
DA:227,0
DA:241,1
DA:242,0
DA:243,0
DA:248,0
DA:250,0
DA:251,0
DA:266,1
DA:267,0
DA:268,0
DA:269,0
DA:270,0
DA:276,0
DA:278,0
DA:279,0
LF:91
LH:8
BRDA:13,0,0,0
BRDA:13,0,1,0
BRDA:16,1,0,0
BRDA:16,1,1,0
BRDA:19,2,0,0
BRDA:19,2,1,0
BRDA:22,3,0,0
BRDA:22,3,1,0
BRDA:25,4,0,0
BRDA:25,4,1,0
BRDA:28,5,0,0
BRDA:28,5,1,0
BRDA:34,6,0,0
BRDA:34,6,1,0
BRDA:72,7,0,0
BRDA:72,7,1,0
BRDA:72,8,0,0
BRDA:72,8,1,0
BRDA:80,9,0,0
BRDA:80,9,1,0
BRDA:87,10,0,0
BRDA:87,10,1,0
BRDA:125,11,0,0
BRDA:125,11,1,0
BRDA:128,12,0,0
BRDA:128,12,1,0
BRDA:131,13,0,0
BRDA:131,13,1,0
BRDA:137,14,0,0
BRDA:137,14,1,0
BRDA:182,15,0,0
BRDA:182,15,1,0
BRDA:182,16,0,0
BRDA:182,16,1,0
BRDA:185,17,0,0
BRDA:185,17,1,0
BRDA:189,18,0,0
BRDA:189,18,1,0
BRDA:190,19,0,0
BRDA:190,19,1,0
BRDA:191,20,0,0
BRDA:191,20,1,0
BRDA:192,21,0,0
BRDA:192,21,1,0
BRF:44
BRH:0
end_of_record
TN:
SF:controllers/authController.test.js
FN:10,(anonymous_0)
FN:14,(anonymous_1)
FN:18,(anonymous_2)
FN:25,(anonymous_3)
FN:28,(anonymous_4)
FN:46,(anonymous_5)
FN:109,(anonymous_6)
FN:156,(anonymous_7)
FN:200,(anonymous_8)
FN:224,(anonymous_9)
FN:250,(anonymous_10)
FN:276,(anonymous_11)
FN:318,(anonymous_12)
FN:322,(anonymous_13)
FN:336,(anonymous_14)
FN:341,(anonymous_15)
FN:356,(anonymous_16)
FN:357,(anonymous_17)
FN:379,(anonymous_18)
FN:383,(anonymous_19)
FN:394,(anonymous_20)
FN:402,(anonymous_21)
FN:417,(anonymous_22)
FN:420,(anonymous_23)
FN:442,(anonymous_24)
FN:446,(anonymous_25)
FN:455,(anonymous_26)
FN:480,(anonymous_27)
FN:487,(anonymous_28)
FN:510,(anonymous_29)
FN:512,(anonymous_30)
FN:519,(anonymous_31)
FN:535,(anonymous_32)
FN:550,(anonymous_33)
FN:560,(anonymous_34)
FN:562,(anonymous_35)
FN:569,(anonymous_36)
FN:593,(anonymous_37)
FN:595,(anonymous_38)
FN:602,(anonymous_39)
FN:634,(anonymous_40)
FN:651,(anonymous_41)
FN:663,(anonymous_42)
FN:666,(anonymous_43)
FN:674,(anonymous_44)
FN:680,(anonymous_45)
FN:682,(anonymous_46)
FNF:47
FNH:0
FNDA:0,(anonymous_0)
FNDA:0,(anonymous_1)
FNDA:0,(anonymous_2)
FNDA:0,(anonymous_3)
FNDA:0,(anonymous_4)
FNDA:0,(anonymous_5)
FNDA:0,(anonymous_6)
FNDA:0,(anonymous_7)
FNDA:0,(anonymous_8)
FNDA:0,(anonymous_9)
FNDA:0,(anonymous_10)
FNDA:0,(anonymous_11)
FNDA:0,(anonymous_12)
FNDA:0,(anonymous_13)
FNDA:0,(anonymous_14)
FNDA:0,(anonymous_15)
FNDA:0,(anonymous_16)
FNDA:0,(anonymous_17)
FNDA:0,(anonymous_18)
FNDA:0,(anonymous_19)
FNDA:0,(anonymous_20)
FNDA:0,(anonymous_21)
FNDA:0,(anonymous_22)
FNDA:0,(anonymous_23)
FNDA:0,(anonymous_24)
FNDA:0,(anonymous_25)
FNDA:0,(anonymous_26)
FNDA:0,(anonymous_27)
FNDA:0,(anonymous_28)
FNDA:0,(anonymous_29)
FNDA:0,(anonymous_30)
FNDA:0,(anonymous_31)
FNDA:0,(anonymous_32)
FNDA:0,(anonymous_33)
FNDA:0,(anonymous_34)
FNDA:0,(anonymous_35)
FNDA:0,(anonymous_36)
FNDA:0,(anonymous_37)
FNDA:0,(anonymous_38)
FNDA:0,(anonymous_39)
FNDA:0,(anonymous_40)
FNDA:0,(anonymous_41)
FNDA:0,(anonymous_42)
FNDA:0,(anonymous_43)
FNDA:0,(anonymous_44)
FNDA:0,(anonymous_45)
FNDA:0,(anonymous_46)
DA:8,0
DA:9,0
DA:10,0
DA:14,0
DA:18,0
DA:25,0
DA:28,0
DA:29,0
DA:31,0
DA:39,0
DA:46,0
DA:48,0
DA:58,0
DA:59,0
DA:61,0
DA:69,0
DA:72,0
DA:75,0
DA:76,0
DA:78,0
DA:90,0
DA:91,0
DA:109,0
DA:111,0
DA:118,0
DA:119,0
DA:125,0
DA:128,0
DA:129,0
DA:130,0
DA:141,0
DA:142,0
DA:156,0
DA:158,0
DA:165,0
DA:166,0
DA:167,0
DA:173,0
DA:176,0
DA:177,0
DA:178,0
DA:189,0
DA:190,0
DA:200,0
DA:202,0
DA:208,0
DA:211,0
DA:214,0
DA:215,0
DA:216,0
DA:218,0
DA:219,0
DA:224,0
DA:226,0
DA:232,0
DA:235,0
DA:237,0
DA:239,0
DA:240,0
DA:250,0
DA:252,0
DA:256,0
DA:257,0
DA:260,0
DA:263,0
DA:264,0
DA:265,0
DA:266,0
DA:276,0
DA:278,0
DA:282,0
DA:283,0
DA:286,0
DA:289,0
DA:290,0
DA:301,0
DA:302,0
DA:318,0
DA:322,0
DA:323,0
DA:324,0
DA:328,0
DA:336,0
DA:337,0
DA:339,0
DA:342,0
DA:348,0
DA:350,0
DA:351,0
DA:356,0
DA:357,0
DA:358,0
DA:361,0
DA:363,0
DA:364,0
DA:379,0
DA:383,0
DA:384,0
DA:386,0
DA:394,0
DA:396,0
DA:397,0
DA:399,0
DA:403,0
DA:410,0
DA:413,0
DA:414,0
DA:417,0
DA:419,0
DA:420,0
DA:421,0
DA:425,0
DA:428,0
DA:429,0
DA:442,0
DA:446,0
DA:447,0
DA:448,0
DA:455,0
DA:456,0
DA:461,0
DA:466,0
DA:468,0
DA:470,0
DA:475,0
DA:476,0
DA:480,0
DA:482,0
DA:487,0
DA:488,0
DA:492,0
DA:495,0
DA:496,0
DA:510,0
DA:512,0
DA:513,0
DA:519,0
DA:520,0
DA:531,0
DA:532,0
DA:534,0
DA:535,0
DA:539,0
DA:541,0
DA:542,0
DA:550,0
DA:551,0
DA:552,0
DA:553,0
DA:560,0
DA:562,0
DA:563,0
DA:569,0
DA:570,0
DA:571,0
DA:578,0
DA:579,0
DA:581,0
DA:583,0
DA:584,0
DA:593,0
DA:595,0
DA:596,0
DA:602,0
DA:603,0
DA:611,0
DA:612,0
DA:613,0
DA:615,0
DA:617,0
DA:621,0
DA:622,0
DA:625,0
DA:626,0
DA:634,0
DA:635,0
DA:638,0
DA:640,0
DA:642,0
DA:643,0
DA:651,0
DA:652,0
DA:653,0
DA:654,0
DA:655,0
DA:663,0
DA:666,0
DA:667,0
DA:668,0
DA:669,0
DA:674,0
DA:675,0
DA:677,0
DA:680,0
DA:682,0
DA:683,0
LF:196
LH:0
BRF:0
BRH:0
end_of_record
TN:
SF:controllers/categoryController.js
FN:6,(anonymous_0)
FN:52,(anonymous_1)
FN:109,(anonymous_2)
FN:132,(anonymous_3)
FN:151,(anonymous_4)
FNF:5
FNH:0
FNDA:0,(anonymous_0)
FNDA:0,(anonymous_1)
FNDA:0,(anonymous_2)
FNDA:0,(anonymous_3)
FNDA:0,(anonymous_4)
DA:6,1
DA:7,0
DA:8,0
DA:9,0
DA:13,0
DA:15,0
DA:16,0
DA:21,0
DA:26,0
DA:30,0
DA:39,0
DA:40,0
DA:52,1
DA:53,0
DA:54,0
DA:55,0
DA:58,0
DA:59,0
DA:66,0
DA:67,0
DA:73,0
DA:80,0
DA:81,0
DA:87,0
DA:96,0
DA:97,0
DA:109,1
DA:110,0
DA:111,0
DA:112,0
DA:118,0
DA:119,0
DA:132,1
DA:133,0
DA:134,0
DA:135,0
DA:141,0
DA:142,0
DA:151,1
DA:152,0
DA:153,0
DA:156,0
DA:157,0
DA:163,0
DA:166,0
DA:167,0
DA:173,0
DA:178,0
DA:179,0
LF:49
LH:5
BRDA:9,0,0,0
BRDA:9,0,1,0
BRDA:16,1,0,0
BRDA:16,1,1,0
BRDA:58,2,0,0
BRDA:58,2,1,0
BRDA:66,3,0,0
BRDA:66,3,1,0
BRDA:80,4,0,0
BRDA:80,4,1,0
BRDA:156,5,0,0
BRDA:156,5,1,0
BRDA:166,6,0,0
BRDA:166,6,1,0
BRF:14
BRH:0
end_of_record
TN:
SF:controllers/categoryController.test.js
FN:18,(anonymous_0)
FN:19,(anonymous_1)
FN:34,(anonymous_2)
FN:50,(anonymous_3)
FN:65,(anonymous_4)
FN:66,(anonymous_5)
FN:80,(anonymous_6)
FN:94,(anonymous_7)
FN:108,(anonymous_8)
FN:122,(anonymous_9)
FN:137,(anonymous_10)
FN:147,(anonymous_11)
FN:162,(anonymous_12)
FN:173,(anonymous_13)
FN:188,(anonymous_14)
FN:199,(anonymous_15)
FN:214,(anonymous_16)
FN:225,(anonymous_17)
FN:226,(anonymous_18)
FN:255,(anonymous_19)
FN:278,(anonymous_20)
FN:290,(anonymous_21)
FN:291,(anonymous_22)
FN:312,(anonymous_23)
FN:330,(anonymous_24)
FN:346,(anonymous_25)
FN:358,(anonymous_26)
FN:374,(anonymous_27)
FN:385,(anonymous_28)
FN:401,(anonymous_29)
FN:412,(anonymous_30)
FN:429,(anonymous_31)
FN:441,(anonymous_32)
FN:442,(anonymous_33)
FN:457,(anonymous_34)
FN:473,(anonymous_35)
FN:489,(anonymous_36)
FN:501,(anonymous_37)
FN:502,(anonymous_38)
FN:510,(anonymous_39)
FN:521,(anonymous_40)
FN:529,(anonymous_41)
FN:540,(anonymous_42)
FN:548,(anonymous_43)
FN:560,(anonymous_44)
FN:561,(anonymous_45)
FN:580,(anonymous_46)
FN:592,(anonymous_47)
FN:609,(anonymous_48)
FN:626,(anonymous_49)
FN:641,(anonymous_50)
FN:642,(anonymous_51)
FN:658,(anonymous_52)
FN:674,(anonymous_53)
FN:690,(anonymous_54)
FN:706,(anonymous_55)
FN:722,(anonymous_56)
FN:739,(anonymous_57)
FN:740,(anonymous_58)
FN:764,(anonymous_59)
FN:765,(anonymous_60)
FN:797,(anonymous_61)
FN:819,(anonymous_62)
FN:841,(anonymous_63)
FN:868,(anonymous_64)
FN:869,(anonymous_65)
FN:895,(anonymous_66)
FN:896,(anonymous_67)
FN:917,(anonymous_68)
FN:941,(anonymous_69)
FN:957,(anonymous_70)
FN:972,(anonymous_71)
FN:973,(anonymous_72)
FN:988,(anonymous_73)
FN:1004,(anonymous_74)
FN:1005,(anonymous_75)
FN:1024,(anonymous_76)
FN:1025,(anonymous_77)
FN:1049,(anonymous_78)
FN:1069,(anonymous_79)
FN:1094,(anonymous_80)
FN:1095,(anonymous_81)
FN:1114,(anonymous_82)
FN:1143,(anonymous_83)
FN:1147,(anonymous_84)
FN:1160,(anonymous_85)
FN:1166,(anonymous_86)
FN:1185,(anonymous_87)
FN:1201,(anonymous_88)
FN:1206,(anonymous_89)
FN:1219,(anonymous_90)
FN:1225,(anonymous_91)
FN:1247,(anonymous_92)
FN:1260,(anonymous_93)
FNF:94
FNH:0
FNDA:0,(anonymous_0)
FNDA:0,(anonymous_1)
FNDA:0,(anonymous_2)
FNDA:0,(anonymous_3)
FNDA:0,(anonymous_4)
FNDA:0,(anonymous_5)
FNDA:0,(anonymous_6)
FNDA:0,(anonymous_7)
FNDA:0,(anonymous_8)
FNDA:0,(anonymous_9)
FNDA:0,(anonymous_10)
FNDA:0,(anonymous_11)
FNDA:0,(anonymous_12)
FNDA:0,(anonymous_13)
FNDA:0,(anonymous_14)
FNDA:0,(anonymous_15)
FNDA:0,(anonymous_16)
FNDA:0,(anonymous_17)
FNDA:0,(anonymous_18)
FNDA:0,(anonymous_19)
FNDA:0,(anonymous_20)
FNDA:0,(anonymous_21)
FNDA:0,(anonymous_22)
FNDA:0,(anonymous_23)
FNDA:0,(anonymous_24)
FNDA:0,(anonymous_25)
FNDA:0,(anonymous_26)
FNDA:0,(anonymous_27)
FNDA:0,(anonymous_28)
FNDA:0,(anonymous_29)
FNDA:0,(anonymous_30)
FNDA:0,(anonymous_31)
FNDA:0,(anonymous_32)
FNDA:0,(anonymous_33)
FNDA:0,(anonymous_34)
FNDA:0,(anonymous_35)
FNDA:0,(anonymous_36)
FNDA:0,(anonymous_37)
FNDA:0,(anonymous_38)
FNDA:0,(anonymous_39)
FNDA:0,(anonymous_40)
FNDA:0,(anonymous_41)
FNDA:0,(anonymous_42)
FNDA:0,(anonymous_43)
FNDA:0,(anonymous_44)
FNDA:0,(anonymous_45)
FNDA:0,(anonymous_46)
FNDA:0,(anonymous_47)
FNDA:0,(anonymous_48)
FNDA:0,(anonymous_49)
FNDA:0,(anonymous_50)
FNDA:0,(anonymous_51)
FNDA:0,(anonymous_52)
FNDA:0,(anonymous_53)
FNDA:0,(anonymous_54)
FNDA:0,(anonymous_55)
FNDA:0,(anonymous_56)
FNDA:0,(anonymous_57)
FNDA:0,(anonymous_58)
FNDA:0,(anonymous_59)
FNDA:0,(anonymous_60)
FNDA:0,(anonymous_61)
FNDA:0,(anonymous_62)
FNDA:0,(anonymous_63)
FNDA:0,(anonymous_64)
FNDA:0,(anonymous_65)
FNDA:0,(anonymous_66)
FNDA:0,(anonymous_67)
FNDA:0,(anonymous_68)
FNDA:0,(anonymous_69)
FNDA:0,(anonymous_70)
FNDA:0,(anonymous_71)
FNDA:0,(anonymous_72)
FNDA:0,(anonymous_73)
FNDA:0,(anonymous_74)
FNDA:0,(anonymous_75)
FNDA:0,(anonymous_76)
FNDA:0,(anonymous_77)
FNDA:0,(anonymous_78)
FNDA:0,(anonymous_79)
FNDA:0,(anonymous_80)
FNDA:0,(anonymous_81)
FNDA:0,(anonymous_82)
FNDA:0,(anonymous_83)
FNDA:0,(anonymous_84)
FNDA:0,(anonymous_85)
FNDA:0,(anonymous_86)
FNDA:0,(anonymous_87)
FNDA:0,(anonymous_88)
FNDA:0,(anonymous_89)
FNDA:0,(anonymous_90)
FNDA:0,(anonymous_91)
FNDA:0,(anonymous_92)
FNDA:0,(anonymous_93)
DA:9,0
DA:10,0
DA:11,0
DA:15,0
DA:16,0
DA:17,0
DA:18,0
DA:19,0
DA:34,0
DA:50,0
DA:52,0
DA:56,0
DA:62,0
DA:65,0
DA:66,0
DA:68,0
DA:71,0
DA:74,0
DA:75,0
DA:80,0
DA:82,0
DA:85,0
DA:88,0
DA:89,0
DA:94,0
DA:96,0
DA:99,0
DA:102,0
DA:103,0
DA:108,0
DA:110,0
DA:113,0
DA:116,0
DA:117,0
DA:122,0
DA:124,0
DA:125,0
DA:127,0
DA:128,0
DA:130,0
DA:137,0
DA:138,0
DA:141,0
DA:144,0
DA:147,0
DA:149,0
DA:150,0
DA:152,0
DA:153,0
DA:155,0
DA:162,0
DA:163,0
DA:166,0
DA:169,0
DA:170,0
DA:173,0
DA:175,0
DA:176,0
DA:178,0
DA:179,0
DA:181,0
DA:188,0
DA:189,0
DA:192,0
DA:195,0
DA:196,0
DA:199,0
DA:201,0
DA:202,0
DA:204,0
DA:205,0
DA:207,0
DA:214,0
DA:215,0
DA:218,0
DA:221,0
DA:225,0
DA:226,0
DA:228,0
DA:229,0
DA:231,0
DA:237,0
DA:240,0
DA:243,0
DA:248,0
DA:249,0
DA:255,0
DA:257,0
DA:258,0
DA:261,0
DA:268,0
DA:269,0
DA:271,0
DA:278,0
DA:279,0
DA:282,0
DA:285,0
DA:286,0
DA:290,0
DA:291,0
DA:293,0
DA:294,0
DA:295,0
DA:298,0
DA:301,0
DA:304,0
DA:312,0
DA:313,0
DA:316,0
DA:319,0
DA:320,0
DA:321,0
DA:322,0
DA:323,0
DA:330,0
DA:332,0
DA:333,0
DA:334,0
DA:336,0
DA:337,0
DA:339,0
DA:346,0
DA:347,0
DA:350,0
DA:353,0
DA:354,0
DA:355,0
DA:358,0
DA:360,0
DA:361,0
DA:362,0
DA:364,0
DA:365,0
DA:367,0
DA:374,0
DA:375,0
DA:378,0
DA:381,0
DA:382,0
DA:385,0
DA:387,0
DA:388,0
DA:389,0
DA:391,0
DA:392,0
DA:394,0
DA:401,0
DA:402,0
DA:405,0
DA:408,0
DA:409,0
DA:412,0
DA:414,0
DA:416,0
DA:417,0
DA:419,0
DA:420,0
DA:422,0
DA:429,0
DA:430,0
DA:433,0
DA:436,0
DA:437,0
DA:441,0
DA:442,0
DA:444,0
DA:445,0
DA:447,0
DA:448,0
DA:450,0
DA:457,0
DA:458,0
DA:461,0
DA:464,0
DA:465,0
DA:466,0
DA:467,0
DA:468,0
DA:469,0
DA:470,0
DA:473,0
DA:475,0
DA:476,0
DA:478,0
DA:479,0
DA:481,0
DA:489,0
DA:490,0
DA:493,0
DA:496,0
DA:497,0
DA:501,0
DA:502,0
DA:504,0
DA:506,0
DA:507,0
DA:509,0
DA:510,0
DA:511,0
DA:514,0
DA:517,0
DA:518,0
DA:521,0
DA:523,0
DA:525,0
DA:526,0
DA:528,0
DA:529,0
DA:530,0
DA:533,0
DA:536,0
DA:537,0
DA:540,0
DA:542,0
DA:544,0
DA:545,0
DA:547,0
DA:548,0
DA:549,0
DA:552,0
DA:555,0
DA:556,0
DA:560,0
DA:561,0
DA:563,0
DA:564,0
DA:566,0
DA:569,0
DA:572,0
DA:573,0
DA:580,0
DA:582,0
DA:583,0
DA:585,0
DA:586,0
DA:588,0
DA:592,0
DA:595,0
DA:598,0
DA:599,0
DA:609,0
DA:626,0
DA:628,0
DA:632,0
DA:638,0
DA:641,0
DA:642,0
DA:644,0
DA:645,0
DA:648,0
DA:651,0
DA:652,0
DA:658,0
DA:660,0
DA:661,0
DA:664,0
DA:667,0
DA:668,0
DA:674,0
DA:676,0
DA:677,0
DA:680,0
DA:683,0
DA:684,0
DA:690,0
DA:692,0
DA:693,0
DA:696,0
DA:699,0
DA:700,0
DA:706,0
DA:708,0
DA:709,0
DA:712,0
DA:715,0
DA:716,0
DA:722,0
DA:724,0
DA:725,0
DA:728,0
DA:731,0
DA:732,0
DA:739,0
DA:740,0
DA:742,0
DA:743,0
DA:745,0
DA:748,0
DA:751,0
DA:756,0
DA:757,0
DA:764,0
DA:765,0
DA:767,0
DA:768,0
DA:770,0
DA:776,0
DA:777,0
DA:780,0
DA:783,0
DA:784,0
DA:789,0
DA:790,0
DA:797,0
DA:799,0
DA:800,0
DA:802,0
DA:808,0
DA:809,0
DA:812,0
DA:815,0
DA:816,0
DA:819,0
DA:821,0
DA:822,0
DA:824,0
DA:830,0
DA:831,0
DA:834,0
DA:837,0
DA:838,0
DA:841,0
DA:843,0
DA:844,0
DA:846,0
DA:852,0
DA:853,0
DA:856,0
DA:859,0
DA:860,0
DA:868,0
DA:869,0
DA:871,0
DA:872,0
DA:874,0
DA:880,0
DA:881,0
DA:884,0
DA:887,0
DA:888,0
DA:889,0
DA:890,0
DA:891,0
DA:895,0
DA:896,0
DA:898,0
DA:899,0
DA:900,0
DA:902,0
DA:903,0
DA:906,0
DA:909,0
DA:910,0
DA:917,0
DA:919,0
DA:920,0
DA:921,0
DA:923,0
DA:924,0
DA:927,0
DA:930,0
DA:931,0
DA:941,0
DA:957,0
DA:959,0
DA:963,0
DA:969,0
DA:972,0
DA:973,0
DA:975,0
DA:978,0
DA:981,0
DA:982,0
DA:988,0
DA:990,0
DA:993,0
DA:996,0
DA:997,0
DA:1004,0
DA:1005,0
DA:1007,0
DA:1009,0
DA:1012,0
DA:1015,0
DA:1016,0
DA:1017,0
DA:1024,0
DA:1025,0
DA:1027,0
DA:1029,0
DA:1035,0
DA:1038,0
DA:1041,0
DA:1042,0
DA:1043,0
DA:1049,0
DA:1051,0
DA:1053,0
DA:1059,0
DA:1062,0
DA:1065,0
DA:1066,0
DA:1069,0
DA:1071,0
DA:1073,0
DA:1079,0
DA:1082,0
DA:1085,0
DA:1086,0
DA:1087,0
DA:1094,0
DA:1095,0
DA:1097,0
DA:1098,0
DA:1100,0
DA:1103,0
DA:1106,0
DA:1107,0
DA:1114,0
DA:1116,0
DA:1117,0
DA:1119,0
DA:1122,0
DA:1125,0
DA:1126,0
DA:1143,0
DA:1147,0
DA:1148,0
DA:1154,0
DA:1160,0
DA:1161,0
DA:1166,0
DA:1167,0
DA:1172,0
DA:1174,0
DA:1176,0
DA:1177,0
DA:1178,0
DA:1185,0
DA:1186,0
DA:1188,0
DA:1190,0
DA:1191,0
DA:1201,0
DA:1206,0
DA:1207,0
DA:1213,0
DA:1219,0
DA:1220,0
DA:1225,0
DA:1226,0
DA:1231,0
DA:1233,0
DA:1235,0
DA:1239,0
DA:1240,0
DA:1247,0
DA:1248,0
DA:1250,0
DA:1252,0
DA:1253,0
DA:1260,0
DA:1261,0
DA:1263,0
DA:1265,0
DA:1266,0
LF:466
LH:0
BRF:0
BRH:0
end_of_record
TN:
SF:controllers/productController.js
FN:15,(anonymous_0)
FN:37,(anonymous_1)
FN:106,(anonymous_2)
FN:129,(anonymous_3)
FN:169,(anonymous_4)
FN:203,(anonymous_5)
FN:247,(anonymous_6)
FN:330,(anonymous_7)
FN:419,(anonymous_8)
FN:437,(anonymous_9)
FN:462,(anonymous_10)
FN:489,(anonymous_11)
FN:524,(anonymous_12)
FN:544,(anonymous_13)
FN:547,(anonymous_14)
FN:560,(anonymous_15)
FN:565,(anonymous_16)
FN:576,(anonymous_17)
FNF:18
FNH:12
FNDA:0,(anonymous_0)
FNDA:25,(anonymous_1)
FNDA:5,(anonymous_2)
FNDA:7,(anonymous_3)
FNDA:8,(anonymous_4)
FNDA:8,(anonymous_5)
FNDA:14,(anonymous_6)
FNDA:13,(anonymous_7)
FNDA:9,(anonymous_8)
FNDA:4,(anonymous_9)
FNDA:4,(anonymous_10)
FNDA:4,(anonymous_11)
FNDA:4,(anonymous_12)
FNDA:0,(anonymous_13)
FNDA:0,(anonymous_14)
FNDA:0,(anonymous_15)
FNDA:0,(anonymous_16)
FNDA:0,(anonymous_17)
DA:11,1
DA:15,1
DA:16,0
DA:17,0
DA:24,0
DA:37,1
DA:38,25
DA:39,25
DA:40,1
DA:43,24
DA:44,24
DA:46,24
DA:48,3
DA:50,3
DA:52,3
DA:57,0
DA:59,3
DA:61,3
DA:66,0
DA:68,2
DA:73,7
DA:82,7
DA:83,3
DA:88,7
DA:89,7
DA:95,0
DA:106,1
DA:107,5
DA:108,5
DA:114,4
DA:121,1
DA:129,1
DA:130,7
DA:131,7
DA:133,7
DA:134,2
DA:140,5
DA:145,4
DA:146,2
DA:152,2
DA:158,1
DA:169,1
DA:170,8
DA:171,8
DA:173,7
DA:174,2
DA:180,5
DA:181,2
DA:187,3
DA:188,3
DA:190,1
DA:203,1
DA:204,8
DA:205,8
DA:208,8
DA:209,0
DA:215,8
DA:216,8
DA:217,3
DA:222,5
DA:227,0
DA:247,1
DA:248,14
DA:249,14
DA:252,14
DA:253,0
DA:259,14
DA:260,1
DA:263,13
DA:264,13
DA:266,13
DA:268,1
DA:270,1
DA:272,1
DA:277,0
DA:279,1
DA:281,1
DA:286,0
DA:288,1
DA:293,7
DA:299,7
DA:300,3
DA:306,4
DA:307,1
DA:312,4
DA:313,4
DA:319,0
DA:330,1
DA:331,13
DA:342,13
DA:344,13
DA:346,13
DA:347,4
DA:350,13
DA:351,2
DA:359,13
DA:360,0
DA:361,0
DA:362,13
DA:363,6
DA:364,6
DA:367,13
DA:368,0
DA:371,13
DA:372,2
DA:375,11
DA:376,4
DA:377,4
DA:378,4
DA:381,11
DA:382,11
DA:383,11
DA:384,2
DA:387,9
DA:388,3
DA:389,3
DA:390,3
DA:393,9
DA:395,8
DA:396,3
DA:397,3
DA:398,3
DA:399,0
DA:401,3
DA:404,8
DA:405,8
DA:410,1
DA:419,1
DA:420,9
DA:421,9
DA:422,8
DA:427,1
DA:437,1
DA:438,4
DA:439,4
DA:440,4
DA:441,4
DA:447,3
DA:452,1
DA:462,1
DA:463,4
DA:464,4
DA:465,4
DA:473,3
DA:475,1
DA:489,1
DA:490,4
DA:491,4
DA:493,4
DA:494,0
DA:500,4
DA:508,3
DA:513,1
DA:524,1
DA:525,4
DA:526,4
DA:527,3
DA:528,3
DA:534,1
DA:544,1
DA:545,0
DA:546,0
DA:547,0
DA:548,0
DA:549,0
DA:551,0
DA:555,0
DA:560,1
DA:561,0
DA:562,0
DA:563,0
DA:564,0
DA:565,0
DA:566,0
DA:568,0
DA:577,0
DA:578,0
DA:583,0
DA:585,0
DA:590,0
LF:180
LH:144
BRDA:16,0,0,0
BRDA:16,0,1,0
BRDA:39,1,0,1
BRDA:39,1,1,24
BRDA:46,2,0,3
BRDA:46,2,1,3
BRDA:46,2,2,3
BRDA:46,2,3,0
BRDA:46,2,4,3
BRDA:46,2,5,3
BRDA:46,2,6,0
BRDA:46,2,7,2
BRDA:56,3,0,15
BRDA:56,3,1,15
BRDA:65,4,0,9
BRDA:65,4,1,9
BRDA:67,5,0,9
BRDA:67,5,1,5
BRDA:67,5,2,4
BRDA:82,6,0,3
BRDA:82,6,1,4
BRDA:133,7,0,2
BRDA:133,7,1,5
BRDA:145,8,0,2
BRDA:145,8,1,2
BRDA:173,9,0,2
BRDA:173,9,1,5
BRDA:180,10,0,2
BRDA:180,10,1,3
BRDA:180,11,0,5
BRDA:180,11,1,5
BRDA:187,12,0,3
BRDA:187,12,1,0
BRDA:208,13,0,0
BRDA:208,13,1,8
BRDA:216,14,0,3
BRDA:216,14,1,5
BRDA:252,15,0,0
BRDA:252,15,1,14
BRDA:259,16,0,1
BRDA:259,16,1,13
BRDA:266,17,0,1
BRDA:266,17,1,1
BRDA:266,17,2,1
BRDA:266,17,3,0
BRDA:266,17,4,1
BRDA:266,17,5,1
BRDA:266,17,6,0
BRDA:266,17,7,1
BRDA:276,18,0,10
BRDA:276,18,1,10
BRDA:285,19,0,8
BRDA:285,19,1,8
BRDA:287,20,0,8
BRDA:287,20,1,2
BRDA:287,20,2,1
BRDA:299,21,0,3
BRDA:299,21,1,4
BRDA:306,22,0,1
BRDA:306,22,1,3
BRDA:333,23,0,9
BRDA:334,24,0,13
BRDA:335,25,0,11
BRDA:342,26,0,13
BRDA:342,26,1,0
BRDA:346,27,0,4
BRDA:346,27,1,9
BRDA:346,28,0,13
BRDA:346,28,1,13
BRDA:350,29,0,2
BRDA:350,29,1,11
BRDA:350,30,0,13
BRDA:350,30,1,13
BRDA:352,31,0,1
BRDA:352,31,1,1
BRDA:359,32,0,0
BRDA:359,32,1,13
BRDA:359,33,0,13
BRDA:359,33,1,13
BRDA:362,34,0,6
BRDA:362,34,1,7
BRDA:362,35,0,13
BRDA:362,35,1,7
BRDA:367,36,0,0
BRDA:367,36,1,13
BRDA:367,37,0,13
BRDA:367,37,1,6
BRDA:367,37,2,13
BRDA:367,37,3,6
BRDA:371,38,0,2
BRDA:371,38,1,11
BRDA:371,39,0,13
BRDA:371,39,1,6
BRDA:371,39,2,11
BRDA:371,39,3,4
BRDA:375,40,0,4
BRDA:375,40,1,7
BRDA:375,41,0,11
BRDA:375,41,1,7
BRDA:377,42,0,4
BRDA:377,42,1,0
BRDA:378,43,0,4
BRDA:378,43,1,0
BRDA:381,44,0,5
BRDA:381,44,1,6
BRDA:382,45,0,0
BRDA:382,45,1,11
BRDA:383,46,0,2
BRDA:383,46,1,9
BRDA:383,47,0,11
BRDA:383,47,1,5
BRDA:383,47,2,9
BRDA:383,47,3,0
BRDA:387,48,0,3
BRDA:387,48,1,6
BRDA:387,49,0,9
BRDA:387,49,1,6
BRDA:389,50,0,3
BRDA:389,50,1,0
BRDA:390,51,0,0
BRDA:390,51,1,3
BRDA:395,52,0,3
BRDA:395,52,1,5
BRDA:395,53,0,8
BRDA:395,53,1,5
BRDA:396,54,0,3
BRDA:396,54,1,0
BRDA:397,55,0,3
BRDA:397,55,1,0
BRDA:398,56,0,0
BRDA:398,56,1,3
BRDA:398,57,0,3
BRDA:398,57,1,3
BRDA:398,57,2,3
BRDA:398,57,3,3
BRDA:440,58,0,4
BRDA:440,58,1,0
BRDA:493,59,0,0
BRDA:493,59,1,4
BRDA:493,60,0,4
BRDA:493,60,1,4
BRDA:548,61,0,0
BRDA:548,61,1,0
BRDA:577,62,0,0
BRDA:577,62,1,0
BRF:145
BRH:118
end_of_record
TN:
SF:controllers/productController.test.js
FN:22,(anonymous_0)
FN:23,(anonymous_1)
FN:43,(anonymous_2)
FN:72,(anonymous_3)
FN:108,(anonymous_4)
FN:113,(anonymous_5)
FN:125,(anonymous_6)
FN:135,(anonymous_7)
FN:147,(anonymous_8)
FN:157,(anonymous_9)
FN:167,(anonymous_10)
FN:177,(anonymous_11)
FN:195,(anonymous_12)
FN:208,(anonymous_13)
FN:233,(anonymous_14)
FN:270,(anonymous_15)
FN:292,(anonymous_16)
FN:307,(anonymous_17)
FN:317,(anonymous_18)
FN:327,(anonymous_19)
FN:342,(anonymous_20)
FN:351,(anonymous_21)
FN:366,(anonymous_22)
FN:381,(anonymous_23)
FN:405,(anonymous_24)
FN:415,(anonymous_25)
FN:430,(anonymous_26)
FN:445,(anonymous_27)
FN:460,(anonymous_28)
FN:477,(anonymous_29)
FN:495,(anonymous_30)
FN:513,(anonymous_31)
FN:531,(anonymous_32)
FN:548,(anonymous_33)
FN:569,(anonymous_34)
FN:579,(anonymous_35)
FN:589,(anonymous_36)
FN:599,(anonymous_37)
FN:610,(anonymous_38)
FN:632,(anonymous_39)
FN:651,(anonymous_40)
FN:676,(anonymous_41)
FN:694,(anonymous_42)
FN:715,(anonymous_43)
FN:731,(anonymous_44)
FN:749,(anonymous_45)
FN:775,(anonymous_46)
FN:788,(anonymous_47)
FN:802,(anonymous_48)
FN:833,(anonymous_49)
FN:879,(anonymous_50)
FN:891,(anonymous_51)
FN:904,(anonymous_52)
FN:917,(anonymous_53)
FN:938,(anonymous_54)
FN:950,(anonymous_55)
FN:962,(anonymous_56)
FN:974,(anonymous_57)
FN:986,(anonymous_58)
FN:998,(anonymous_59)
FN:1015,(anonymous_60)
FN:1041,(anonymous_61)
FN:1064,(anonymous_62)
FN:1082,(anonymous_63)
FN:1099,(anonymous_64)
FN:1118,(anonymous_65)
FN:1133,(anonymous_66)
FN:1142,(anonymous_67)
FN:1157,(anonymous_68)
FN:1174,(anonymous_69)
FN:1197,(anonymous_70)
FN:1218,(anonymous_71)
FN:1237,(anonymous_72)
FN:1249,(anonymous_73)
FN:1265,(anonymous_74)
FN:1281,(anonymous_75)
FN:1299,(anonymous_76)
FN:1317,(anonymous_77)
FN:1335,(anonymous_78)
FN:1357,(anonymous_79)
FN:1367,(anonymous_80)
FN:1377,(anonymous_81)
FN:1387,(anonymous_82)
FN:1405,(anonymous_83)
FN:1409,(anonymous_84)
FN:1418,(anonymous_85)
FN:1428,(anonymous_86)
FN:1444,(anonymous_87)
FN:1465,(anonymous_88)
FN:1477,(anonymous_89)
FN:1489,(anonymous_90)
FN:1501,(anonymous_91)
FN:1513,(anonymous_92)
FN:1525,(anonymous_93)
FN:1539,(anonymous_94)
FN:1554,(anonymous_95)
FN:1566,(anonymous_96)
FN:1579,(anonymous_97)
FN:1592,(anonymous_98)
FN:1609,(anonymous_99)
FN:1628,(anonymous_100)
FN:1645,(anonymous_101)
FN:1663,(anonymous_102)
FN:1677,(anonymous_103)
FN:1693,(anonymous_104)
FN:1696,(anonymous_105)
FN:1703,(anonymous_106)
FN:1712,(anonymous_107)
FN:1729,(anonymous_108)
FN:1742,(anonymous_109)
FN:1754,(anonymous_110)
FN:1771,(anonymous_111)
FN:1774,(anonymous_112)
FN:1780,(anonymous_113)
FN:1790,(anonymous_114)
FN:1805,(anonymous_115)
FN:1817,(anonymous_116)
FN:1829,(anonymous_117)
FN:1854,(anonymous_118)
FN:1857,(anonymous_119)
FN:1867,(anonymous_120)
FN:1879,(anonymous_121)
FN:1895,(anonymous_122)
FN:1908,(anonymous_123)
FN:1921,(anonymous_124)
FN:1936,(anonymous_125)
FN:1951,(anonymous_126)
FN:1966,(anonymous_127)
FN:1983,(anonymous_128)
FN:1995,(anonymous_129)
FN:2009,(anonymous_130)
FN:2023,(anonymous_131)
FN:2035,(anonymous_132)
FN:2049,(anonymous_133)
FN:2061,(anonymous_134)
FN:2075,(anonymous_135)
FN:2088,(anonymous_136)
FN:2103,(anonymous_137)
FN:2127,(anonymous_138)
FN:2131,(anonymous_139)
FN:2137,(anonymous_140)
FN:2147,(anonymous_141)
FN:2159,(anonymous_142)
FN:2174,(anonymous_143)
FN:2187,(anonymous_144)
FN:2200,(anonymous_145)
FN:2212,(anonymous_146)
FN:2224,(anonymous_147)
FN:2236,(anonymous_148)
FN:2251,(anonymous_149)
FN:2264,(anonymous_150)
FN:2277,(anonymous_151)
FN:2291,(anonymous_152)
FN:2307,(anonymous_153)
FN:2322,(anonymous_154)
FN:2338,(anonymous_155)
FN:2356,(anonymous_156)
FN:2388,(anonymous_157)
FN:2392,(anonymous_158)
FN:2403,(anonymous_159)
FN:2408,(anonymous_160)
FN:2431,(anonymous_161)
FN:2452,(anonymous_162)
FN:2467,(anonymous_163)
FN:2468,(anonymous_164)
FN:2483,(anonymous_165)
FN:2506,(anonymous_166)
FN:2510,(anonymous_167)
FN:2524,(anonymous_168)
FN:2528,(anonymous_169)
FN:2553,(anonymous_170)
FN:2572,(anonymous_171)
FN:2584,(anonymous_172)
FN:2585,(anonymous_173)
FN:2602,(anonymous_174)
FN:2606,(anonymous_175)
FN:2620,(anonymous_176)
FN:2624,(anonymous_177)
FN:2656,(anonymous_178)
FN:2672,(anonymous_179)
FN:2688,(anonymous_180)
FN:2700,(anonymous_181)
FN:2701,(anonymous_182)
FN:2719,(anonymous_183)
FN:2723,(anonymous_184)
FN:2736,(anonymous_185)
FN:2740,(anonymous_186)
FN:2776,(anonymous_187)
FN:2795,(anonymous_188)
FN:2816,(anonymous_189)
FN:2844,(anonymous_190)
FN:2854,(anonymous_191)
FN:2867,(anonymous_192)
FN:2870,(anonymous_193)
FN:2889,(anonymous_194)
FN:2891,(anonymous_195)
FN:2895,(anonymous_196)
FN:2901,(anonymous_197)
FN:2909,(anonymous_198)
FN:2913,(anonymous_199)
FN:2919,(anonymous_200)
FN:2928,(anonymous_201)
FN:2931,(anonymous_202)
FN:2937,(anonymous_203)
FN:2947,(anonymous_204)
FN:2950,(anonymous_205)
FN:2956,(anonymous_206)
FN:2963,(anonymous_207)
FN:2969,(anonymous_208)
FN:2975,(anonymous_209)
FN:2988,(anonymous_210)
FN:2990,(anonymous_211)
FN:3003,(anonymous_212)
FN:3007,(anonymous_213)
FN:3014,(anonymous_214)
FN:3027,(anonymous_215)
FN:3037,(anonymous_216)
FN:3041,(anonymous_217)
FN:3048,(anonymous_218)
FN:3060,(anonymous_219)
FN:3071,(anonymous_220)
FN:3081,(anonymous_221)
FN:3088,(anonymous_222)
FN:3095,(anonymous_223)
FN:3105,(anonymous_224)
FN:3109,(anonymous_225)
FN:3116,(anonymous_226)
FN:3127,(anonymous_227)
FN:3138,(anonymous_228)
FN:3145,(anonymous_229)
FN:3152,(anonymous_230)
FN:3159,(anonymous_231)
FN:3173,(anonymous_232)
FN:3177,(anonymous_233)
FN:3184,(anonymous_234)
FN:3199,(anonymous_235)
FN:3214,(anonymous_236)
FN:3218,(anonymous_237)
FN:3225,(anonymous_238)
FN:3241,(anonymous_239)
FN:3251,(anonymous_240)
FN:3255,(anonymous_241)
FN:3262,(anonymous_242)
FNF:243
FNH:0
FNDA:0,(anonymous_0)
FNDA:0,(anonymous_1)
FNDA:0,(anonymous_2)
FNDA:0,(anonymous_3)
FNDA:0,(anonymous_4)
FNDA:0,(anonymous_5)
FNDA:0,(anonymous_6)
FNDA:0,(anonymous_7)
FNDA:0,(anonymous_8)
FNDA:0,(anonymous_9)
FNDA:0,(anonymous_10)
FNDA:0,(anonymous_11)
FNDA:0,(anonymous_12)
FNDA:0,(anonymous_13)
FNDA:0,(anonymous_14)
FNDA:0,(anonymous_15)
FNDA:0,(anonymous_16)
FNDA:0,(anonymous_17)
FNDA:0,(anonymous_18)
FNDA:0,(anonymous_19)
FNDA:0,(anonymous_20)
FNDA:0,(anonymous_21)
FNDA:0,(anonymous_22)
FNDA:0,(anonymous_23)
FNDA:0,(anonymous_24)
FNDA:0,(anonymous_25)
FNDA:0,(anonymous_26)
FNDA:0,(anonymous_27)
FNDA:0,(anonymous_28)
FNDA:0,(anonymous_29)
FNDA:0,(anonymous_30)
FNDA:0,(anonymous_31)
FNDA:0,(anonymous_32)
FNDA:0,(anonymous_33)
FNDA:0,(anonymous_34)
FNDA:0,(anonymous_35)
FNDA:0,(anonymous_36)
FNDA:0,(anonymous_37)
FNDA:0,(anonymous_38)
FNDA:0,(anonymous_39)
FNDA:0,(anonymous_40)
FNDA:0,(anonymous_41)
FNDA:0,(anonymous_42)
FNDA:0,(anonymous_43)
FNDA:0,(anonymous_44)
FNDA:0,(anonymous_45)
FNDA:0,(anonymous_46)
FNDA:0,(anonymous_47)
FNDA:0,(anonymous_48)
FNDA:0,(anonymous_49)
FNDA:0,(anonymous_50)
FNDA:0,(anonymous_51)
FNDA:0,(anonymous_52)
FNDA:0,(anonymous_53)
FNDA:0,(anonymous_54)
FNDA:0,(anonymous_55)
FNDA:0,(anonymous_56)
FNDA:0,(anonymous_57)
FNDA:0,(anonymous_58)
FNDA:0,(anonymous_59)
FNDA:0,(anonymous_60)
FNDA:0,(anonymous_61)
FNDA:0,(anonymous_62)
FNDA:0,(anonymous_63)
FNDA:0,(anonymous_64)
FNDA:0,(anonymous_65)
FNDA:0,(anonymous_66)
FNDA:0,(anonymous_67)
FNDA:0,(anonymous_68)
FNDA:0,(anonymous_69)
FNDA:0,(anonymous_70)
FNDA:0,(anonymous_71)
FNDA:0,(anonymous_72)
FNDA:0,(anonymous_73)
FNDA:0,(anonymous_74)
FNDA:0,(anonymous_75)
FNDA:0,(anonymous_76)
FNDA:0,(anonymous_77)
FNDA:0,(anonymous_78)
FNDA:0,(anonymous_79)
FNDA:0,(anonymous_80)
FNDA:0,(anonymous_81)
FNDA:0,(anonymous_82)
FNDA:0,(anonymous_83)
FNDA:0,(anonymous_84)
FNDA:0,(anonymous_85)
FNDA:0,(anonymous_86)
FNDA:0,(anonymous_87)
FNDA:0,(anonymous_88)
FNDA:0,(anonymous_89)
FNDA:0,(anonymous_90)
FNDA:0,(anonymous_91)
FNDA:0,(anonymous_92)
FNDA:0,(anonymous_93)
FNDA:0,(anonymous_94)
FNDA:0,(anonymous_95)
FNDA:0,(anonymous_96)
FNDA:0,(anonymous_97)
FNDA:0,(anonymous_98)
FNDA:0,(anonymous_99)
FNDA:0,(anonymous_100)
FNDA:0,(anonymous_101)
FNDA:0,(anonymous_102)
FNDA:0,(anonymous_103)
FNDA:0,(anonymous_104)
FNDA:0,(anonymous_105)
FNDA:0,(anonymous_106)
FNDA:0,(anonymous_107)
FNDA:0,(anonymous_108)
FNDA:0,(anonymous_109)
FNDA:0,(anonymous_110)
FNDA:0,(anonymous_111)
FNDA:0,(anonymous_112)
FNDA:0,(anonymous_113)
FNDA:0,(anonymous_114)
FNDA:0,(anonymous_115)
FNDA:0,(anonymous_116)
FNDA:0,(anonymous_117)
FNDA:0,(anonymous_118)
FNDA:0,(anonymous_119)
FNDA:0,(anonymous_120)
FNDA:0,(anonymous_121)
FNDA:0,(anonymous_122)
FNDA:0,(anonymous_123)
FNDA:0,(anonymous_124)
FNDA:0,(anonymous_125)
FNDA:0,(anonymous_126)
FNDA:0,(anonymous_127)
FNDA:0,(anonymous_128)
FNDA:0,(anonymous_129)
FNDA:0,(anonymous_130)
FNDA:0,(anonymous_131)
FNDA:0,(anonymous_132)
FNDA:0,(anonymous_133)
FNDA:0,(anonymous_134)
FNDA:0,(anonymous_135)
FNDA:0,(anonymous_136)
FNDA:0,(anonymous_137)
FNDA:0,(anonymous_138)
FNDA:0,(anonymous_139)
FNDA:0,(anonymous_140)
FNDA:0,(anonymous_141)
FNDA:0,(anonymous_142)
FNDA:0,(anonymous_143)
FNDA:0,(anonymous_144)
FNDA:0,(anonymous_145)
FNDA:0,(anonymous_146)
FNDA:0,(anonymous_147)
FNDA:0,(anonymous_148)
FNDA:0,(anonymous_149)
FNDA:0,(anonymous_150)
FNDA:0,(anonymous_151)
FNDA:0,(anonymous_152)
FNDA:0,(anonymous_153)
FNDA:0,(anonymous_154)
FNDA:0,(anonymous_155)
FNDA:0,(anonymous_156)
FNDA:0,(anonymous_157)
FNDA:0,(anonymous_158)
FNDA:0,(anonymous_159)
FNDA:0,(anonymous_160)
FNDA:0,(anonymous_161)
FNDA:0,(anonymous_162)
FNDA:0,(anonymous_163)
FNDA:0,(anonymous_164)
FNDA:0,(anonymous_165)
FNDA:0,(anonymous_166)
FNDA:0,(anonymous_167)
FNDA:0,(anonymous_168)
FNDA:0,(anonymous_169)
FNDA:0,(anonymous_170)
FNDA:0,(anonymous_171)
FNDA:0,(anonymous_172)
FNDA:0,(anonymous_173)
FNDA:0,(anonymous_174)
FNDA:0,(anonymous_175)
FNDA:0,(anonymous_176)
FNDA:0,(anonymous_177)
FNDA:0,(anonymous_178)
FNDA:0,(anonymous_179)
FNDA:0,(anonymous_180)
FNDA:0,(anonymous_181)
FNDA:0,(anonymous_182)
FNDA:0,(anonymous_183)
FNDA:0,(anonymous_184)
FNDA:0,(anonymous_185)
FNDA:0,(anonymous_186)
FNDA:0,(anonymous_187)
FNDA:0,(anonymous_188)
FNDA:0,(anonymous_189)
FNDA:0,(anonymous_190)
FNDA:0,(anonymous_191)
FNDA:0,(anonymous_192)
FNDA:0,(anonymous_193)
FNDA:0,(anonymous_194)
FNDA:0,(anonymous_195)
FNDA:0,(anonymous_196)
FNDA:0,(anonymous_197)
FNDA:0,(anonymous_198)
FNDA:0,(anonymous_199)
FNDA:0,(anonymous_200)
FNDA:0,(anonymous_201)
FNDA:0,(anonymous_202)
FNDA:0,(anonymous_203)
FNDA:0,(anonymous_204)
FNDA:0,(anonymous_205)
FNDA:0,(anonymous_206)
FNDA:0,(anonymous_207)
FNDA:0,(anonymous_208)
FNDA:0,(anonymous_209)
FNDA:0,(anonymous_210)
FNDA:0,(anonymous_211)
FNDA:0,(anonymous_212)
FNDA:0,(anonymous_213)
FNDA:0,(anonymous_214)
FNDA:0,(anonymous_215)
FNDA:0,(anonymous_216)
FNDA:0,(anonymous_217)
FNDA:0,(anonymous_218)
FNDA:0,(anonymous_219)
FNDA:0,(anonymous_220)
FNDA:0,(anonymous_221)
FNDA:0,(anonymous_222)
FNDA:0,(anonymous_223)
FNDA:0,(anonymous_224)
FNDA:0,(anonymous_225)
FNDA:0,(anonymous_226)
FNDA:0,(anonymous_227)
FNDA:0,(anonymous_228)
FNDA:0,(anonymous_229)
FNDA:0,(anonymous_230)
FNDA:0,(anonymous_231)
FNDA:0,(anonymous_232)
FNDA:0,(anonymous_233)
FNDA:0,(anonymous_234)
FNDA:0,(anonymous_235)
FNDA:0,(anonymous_236)
FNDA:0,(anonymous_237)
FNDA:0,(anonymous_238)
FNDA:0,(anonymous_239)
FNDA:0,(anonymous_240)
FNDA:0,(anonymous_241)
FNDA:0,(anonymous_242)
DA:13,0
DA:14,0
DA:15,0
DA:19,0
DA:20,0
DA:21,0
DA:22,0
DA:23,0
DA:43,0
DA:72,0
DA:74,0
DA:77,0
DA:90,0
DA:96,0
DA:97,0
DA:108,0
DA:109,0
DA:113,0
DA:114,0
DA:116,0
DA:118,0
DA:119,0
DA:125,0
DA:126,0
DA:128,0
DA:130,0
DA:131,0
DA:135,0
DA:136,0
DA:138,0
DA:140,0
DA:141,0
DA:147,0
DA:148,0
DA:150,0
DA:152,0
DA:153,0
DA:157,0
DA:158,0
DA:160,0
DA:162,0
DA:163,0
DA:167,0
DA:168,0
DA:170,0
DA:172,0
DA:173,0
DA:177,0
DA:178,0
DA:186,0
DA:188,0
DA:189,0
DA:195,0
DA:196,0
DA:197,0
DA:198,0
DA:200,0
DA:203,0
DA:204,0
DA:208,0
DA:209,0
DA:211,0
DA:213,0
DA:222,0
DA:223,0
DA:224,0
DA:225,0
DA:233,0
DA:234,0
DA:235,0
DA:242,0
DA:244,0
DA:246,0
DA:255,0
DA:256,0
DA:260,0
DA:261,0
DA:262,0
DA:270,0
DA:271,0
DA:272,0
DA:274,0
DA:277,0
DA:278,0
DA:279,0
DA:280,0
DA:292,0
DA:293,0
DA:295,0
DA:297,0
DA:298,0
DA:299,0
DA:307,0
DA:308,0
DA:310,0
DA:312,0
DA:313,0
DA:317,0
DA:318,0
DA:320,0
DA:322,0
DA:323,0
DA:327,0
DA:328,0
DA:329,0
DA:331,0
DA:333,0
DA:334,0
DA:342,0
DA:343,0
DA:350,0
DA:351,0
DA:352,0
DA:355,0
DA:357,0
DA:358,0
DA:366,0
DA:367,0
DA:368,0
DA:370,0
DA:372,0
DA:373,0
DA:381,0
DA:382,0
DA:383,0
DA:390,0
DA:392,0
DA:395,0
DA:396,0
DA:401,0
DA:405,0
DA:406,0
DA:408,0
DA:410,0
DA:411,0
DA:415,0
DA:416,0
DA:418,0
DA:420,0
DA:425,0
DA:426,0
DA:430,0
DA:431,0
DA:433,0
DA:435,0
DA:440,0
DA:441,0
DA:445,0
DA:446,0
DA:448,0
DA:450,0
DA:455,0
DA:456,0
DA:460,0
DA:461,0
DA:468,0
DA:470,0
DA:472,0
DA:473,0
DA:477,0
DA:478,0
DA:486,0
DA:488,0
DA:489,0
DA:495,0
DA:496,0
DA:504,0
DA:506,0
DA:507,0
DA:513,0
DA:514,0
DA:522,0
DA:524,0
DA:525,0
DA:531,0
DA:532,0
DA:539,0
DA:541,0
DA:543,0
DA:544,0
DA:548,0
DA:549,0
DA:556,0
DA:558,0
DA:560,0
DA:561,0
DA:569,0
DA:570,0
DA:572,0
DA:574,0
DA:575,0
DA:579,0
DA:580,0
DA:582,0
DA:584,0
DA:585,0
DA:589,0
DA:590,0
DA:592,0
DA:594,0
DA:595,0
DA:599,0
DA:600,0
DA:602,0
DA:604,0
DA:605,0
DA:610,0
DA:632,0
DA:634,0
DA:637,0
DA:644,0
DA:651,0
DA:652,0
DA:657,0
DA:658,0
DA:662,0
DA:664,0
DA:667,0
DA:668,0
DA:669,0
DA:676,0
DA:677,0
DA:678,0
DA:680,0
DA:682,0
DA:685,0
DA:686,0
DA:687,0
DA:694,0
DA:695,0
DA:696,0
DA:697,0
DA:698,0
DA:700,0
DA:702,0
DA:705,0
DA:706,0
DA:707,0
DA:715,0
DA:716,0
DA:717,0
DA:718,0
DA:720,0
DA:722,0
DA:723,0
DA:731,0
DA:732,0
DA:733,0
DA:737,0
DA:739,0
DA:741,0
DA:744,0
DA:745,0
DA:749,0
DA:750,0
DA:759,0
DA:760,0
DA:764,0
DA:766,0
DA:768,0
DA:775,0
DA:776,0
DA:778,0
DA:780,0
DA:781,0
DA:788,0
DA:789,0
DA:791,0
DA:793,0
DA:794,0
DA:802,0
DA:833,0
DA:835,0
DA:838,0
DA:854,0
DA:860,0
DA:861,0
DA:873,0
DA:874,0
DA:875,0
DA:879,0
DA:880,0
DA:882,0
DA:884,0
DA:885,0
DA:891,0
DA:892,0
DA:894,0
DA:896,0
DA:897,0
DA:904,0
DA:905,0
DA:907,0
DA:909,0
DA:910,0
DA:917,0
DA:918,0
DA:920,0
DA:922,0
DA:930,0
DA:931,0
DA:938,0
DA:939,0
DA:941,0
DA:943,0
DA:944,0
DA:950,0
DA:951,0
DA:953,0
DA:955,0
DA:956,0
DA:962,0
DA:963,0
DA:965,0
DA:967,0
DA:968,0
DA:974,0
DA:975,0
DA:977,0
DA:979,0
DA:980,0
DA:986,0
DA:987,0
DA:989,0
DA:991,0
DA:992,0
DA:998,0
DA:999,0
DA:1001,0
DA:1003,0
DA:1010,0
DA:1011,0
DA:1015,0
DA:1016,0
DA:1018,0
DA:1031,0
DA:1032,0
DA:1033,0
DA:1041,0
DA:1042,0
DA:1049,0
DA:1051,0
DA:1053,0
DA:1054,0
DA:1055,0
DA:1059,0
DA:1060,0
DA:1064,0
DA:1065,0
DA:1073,0
DA:1075,0
DA:1076,0
DA:1082,0
DA:1083,0
DA:1090,0
DA:1092,0
DA:1094,0
DA:1095,0
DA:1099,0
DA:1100,0
DA:1101,0
DA:1103,0
DA:1105,0
DA:1113,0
DA:1114,0
DA:1118,0
DA:1119,0
DA:1120,0
DA:1122,0
DA:1124,0
DA:1125,0
DA:1133,0
DA:1134,0
DA:1141,0
DA:1142,0
DA:1143,0
DA:1146,0
DA:1148,0
DA:1149,0
DA:1157,0
DA:1158,0
DA:1159,0
DA:1161,0
DA:1163,0
DA:1164,0
DA:1174,0
DA:1175,0
DA:1182,0
DA:1183,0
DA:1184,0
DA:1186,0
DA:1188,0
DA:1189,0
DA:1197,0
DA:1198,0
DA:1199,0
DA:1200,0
DA:1202,0
DA:1204,0
DA:1209,0
DA:1210,0
DA:1218,0
DA:1219,0
DA:1220,0
DA:1226,0
DA:1228,0
DA:1233,0
DA:1237,0
DA:1238,0
DA:1240,0
DA:1242,0
DA:1243,0
DA:1249,0
DA:1250,0
DA:1252,0
DA:1254,0
DA:1261,0
DA:1265,0
DA:1266,0
DA:1268,0
DA:1270,0
DA:1277,0
DA:1281,0
DA:1282,0
DA:1290,0
DA:1292,0
DA:1293,0
DA:1299,0
DA:1300,0
DA:1308,0
DA:1310,0
DA:1311,0
DA:1317,0
DA:1318,0
DA:1325,0
DA:1327,0
DA:1329,0
DA:1330,0
DA:1331,0
DA:1335,0
DA:1336,0
DA:1343,0
DA:1345,0
DA:1347,0
DA:1348,0
DA:1349,0
DA:1357,0
DA:1358,0
DA:1360,0
DA:1362,0
DA:1363,0
DA:1367,0
DA:1368,0
DA:1370,0
DA:1372,0
DA:1373,0
DA:1377,0
DA:1378,0
DA:1380,0
DA:1382,0
DA:1383,0
DA:1387,0
DA:1388,0
DA:1390,0
DA:1392,0
DA:1393,0
DA:1405,0
DA:1409,0
DA:1410,0
DA:1411,0
DA:1412,0
DA:1413,0
DA:1414,0
DA:1415,0
DA:1418,0
DA:1419,0
DA:1420,0
DA:1421,0
DA:1428,0
DA:1430,0
DA:1434,0
DA:1437,0
DA:1440,0
DA:1444,0
DA:1446,0
DA:1450,0
DA:1453,0
DA:1456,0
DA:1465,0
DA:1467,0
DA:1470,0
DA:1473,0
DA:1477,0
DA:1479,0
DA:1482,0
DA:1485,0
DA:1489,0
DA:1491,0
DA:1494,0
DA:1497,0
DA:1501,0
DA:1503,0
DA:1506,0
DA:1509,0
DA:1513,0
DA:1515,0
DA:1518,0
DA:1521,0
DA:1525,0
DA:1527,0
DA:1528,0
DA:1531,0
DA:1534,0
DA:1535,0
DA:1539,0
DA:1541,0
DA:1544,0
DA:1547,0
DA:1548,0
DA:1554,0
DA:1556,0
DA:1559,0
DA:1562,0
DA:1566,0
DA:1568,0
DA:1571,0
DA:1574,0
DA:1575,0
DA:1579,0
DA:1581,0
DA:1584,0
DA:1587,0
DA:1588,0
DA:1592,0
DA:1594,0
DA:1595,0
DA:1596,0
DA:1597,0
DA:1598,0
DA:1599,0
DA:1602,0
DA:1605,0
DA:1609,0
DA:1611,0
DA:1612,0
DA:1613,0
DA:1614,0
DA:1615,0
DA:1616,0
DA:1619,0
DA:1622,0
DA:1628,0
DA:1630,0
DA:1631,0
DA:1632,0
DA:1633,0
DA:1634,0
DA:1637,0
DA:1640,0
DA:1641,0
DA:1645,0
DA:1647,0
DA:1648,0
DA:1649,0
DA:1650,0
DA:1651,0
DA:1654,0
DA:1657,0
DA:1663,0
DA:1665,0
DA:1666,0
DA:1669,0
DA:1672,0
DA:1673,0
DA:1677,0
DA:1679,0
DA:1682,0
DA:1685,0
DA:1686,0
DA:1687,0
DA:1688,0
DA:1689,0
DA:1693,0
DA:1696,0
DA:1697,0
DA:1698,0
DA:1699,0
DA:1700,0
DA:1703,0
DA:1704,0
DA:1705,0
DA:1706,0
DA:1712,0
DA:1713,0
DA:1714,0
DA:1716,0
DA:1718,0
DA:1719,0
DA:1720,0
DA:1721,0
DA:1722,0
DA:1729,0
DA:1730,0
DA:1732,0
DA:1734,0
DA:1735,0
DA:1739,0
DA:1742,0
DA:1743,0
DA:1745,0
DA:1747,0
DA:1748,0
DA:1754,0
DA:1755,0
DA:1756,0
DA:1757,0
DA:1758,0
DA:1760,0
DA:1762,0
DA:1763,0
DA:1771,0
DA:1774,0
DA:1775,0
DA:1776,0
DA:1777,0
DA:1780,0
DA:1781,0
DA:1782,0
DA:1783,0
DA:1790,0
DA:1791,0
DA:1792,0
DA:1796,0
DA:1798,0
DA:1799,0
DA:1800,0
DA:1801,0
DA:1802,0
DA:1805,0
DA:1806,0
DA:1808,0
DA:1810,0
DA:1811,0
DA:1817,0
DA:1818,0
DA:1820,0
DA:1822,0
DA:1823,0
DA:1829,0
DA:1830,0
DA:1831,0
DA:1832,0
DA:1834,0
DA:1836,0
DA:1837,0
DA:1854,0
DA:1857,0
DA:1858,0
DA:1859,0
DA:1860,0
DA:1867,0
DA:1869,0
DA:1872,0
DA:1875,0
DA:1879,0
DA:1881,0
DA:1882,0
DA:1885,0
DA:1888,0
DA:1895,0
DA:1897,0
DA:1900,0
DA:1903,0
DA:1904,0
DA:1908,0
DA:1910,0
DA:1913,0
DA:1916,0
DA:1917,0
DA:1921,0
DA:1923,0
DA:1924,0
DA:1927,0
DA:1930,0
DA:1936,0
DA:1938,0
DA:1939,0
DA:1942,0
DA:1945,0
DA:1951,0
DA:1953,0
DA:1954,0
DA:1957,0
DA:1960,0
DA:1966,0
DA:1968,0
DA:1969,0
DA:1970,0
DA:1973,0
DA:1976,0
DA:1983,0
DA:1985,0
DA:1988,0
DA:1991,0
DA:1995,0
DA:1997,0
DA:1998,0
DA:2001,0
DA:2004,0
DA:2005,0
DA:2009,0
DA:2011,0
DA:2012,0
DA:2015,0
DA:2018,0
DA:2019,0
DA:2023,0
DA:2025,0
DA:2028,0
DA:2031,0
DA:2035,0
DA:2037,0
DA:2038,0
DA:2041,0
DA:2044,0
DA:2045,0
DA:2049,0
DA:2051,0
DA:2054,0
DA:2057,0
DA:2061,0
DA:2063,0
DA:2066,0
DA:2069,0
DA:2075,0
DA:2077,0
DA:2080,0
DA:2083,0
DA:2084,0
DA:2088,0
DA:2090,0
DA:2091,0
DA:2094,0
DA:2097,0
DA:2103,0
DA:2105,0
DA:2106,0
DA:2109,0
DA:2112,0
DA:2127,0
DA:2131,0
DA:2132,0
DA:2133,0
DA:2134,0
DA:2137,0
DA:2138,0
DA:2139,0
DA:2140,0
DA:2147,0
DA:2149,0
DA:2152,0
DA:2155,0
DA:2159,0
DA:2161,0
DA:2164,0
DA:2167,0
DA:2174,0
DA:2176,0
DA:2179,0
DA:2182,0
DA:2183,0
DA:2187,0
DA:2189,0
DA:2192,0
DA:2195,0
DA:2196,0
DA:2200,0
DA:2202,0
DA:2205,0
DA:2208,0
DA:2212,0
DA:2214,0
DA:2217,0
DA:2220,0
DA:2224,0
DA:2226,0
DA:2229,0
DA:2232,0
DA:2236,0
DA:2238,0
DA:2241,0
DA:2244,0
DA:2245,0
DA:2251,0
DA:2253,0
DA:2256,0
DA:2259,0
DA:2260,0
DA:2264,0
DA:2266,0
DA:2269,0
DA:2272,0
DA:2273,0
DA:2277,0
DA:2279,0
DA:2280,0
DA:2281,0
DA:2284,0
DA:2287,0
DA:2291,0
DA:2293,0
DA:2294,0
DA:2295,0
DA:2298,0
DA:2301,0
DA:2307,0
DA:2309,0
DA:2310,0
DA:2311,0
DA:2314,0
DA:2317,0
DA:2318,0
DA:2322,0
DA:2324,0
DA:2325,0
DA:2326,0
DA:2329,0
DA:2332,0
DA:2338,0
DA:2340,0
DA:2341,0
DA:2342,0
DA:2345,0
DA:2348,0
DA:2356,0
DA:2358,0
DA:2361,0
DA:2364,0
DA:2365,0
DA:2382,0
DA:2383,0
DA:2388,0
DA:2392,0
DA:2393,0
DA:2397,0
DA:2403,0
DA:2404,0
DA:2408,0
DA:2409,0
DA:2414,0
DA:2421,0
DA:2423,0
DA:2424,0
DA:2425,0
DA:2431,0
DA:2432,0
DA:2434,0
DA:2435,0
DA:2437,0
DA:2444,0
DA:2447,0
DA:2448,0
DA:2449,0
DA:2452,0
DA:2453,0
DA:2455,0
DA:2462,0
DA:2464,0
DA:2467,0
DA:2468,0
DA:2469,0
DA:2472,0
DA:2474,0
DA:2475,0
DA:2483,0
DA:2484,0
DA:2486,0
DA:2488,0
DA:2495,0
DA:2498,0
DA:2499,0
DA:2506,0
DA:2510,0
DA:2511,0
DA:2517,0
DA:2524,0
DA:2525,0
DA:2528,0
DA:2529,0
DA:2534,0
DA:2536,0
DA:2540,0
DA:2542,0
DA:2549,0
DA:2550,0
DA:2553,0
DA:2554,0
DA:2556,0
DA:2560,0
DA:2562,0
DA:2569,0
DA:2572,0
DA:2573,0
DA:2575,0
DA:2579,0
DA:2581,0
DA:2584,0
DA:2585,0
DA:2586,0
DA:2589,0
DA:2591,0
DA:2592,0
DA:2602,0
DA:2606,0
DA:2607,0
DA:2614,0
DA:2620,0
DA:2621,0
DA:2624,0
DA:2625,0
DA:2630,0
DA:2631,0
DA:2632,0
DA:2634,0
DA:2638,0
DA:2640,0
DA:2645,0
DA:2646,0
DA:2647,0
DA:2649,0
DA:2650,0
DA:2656,0
DA:2657,0
DA:2661,0
DA:2667,0
DA:2669,0
DA:2672,0
DA:2673,0
DA:2675,0
DA:2683,0
DA:2685,0
DA:2688,0
DA:2689,0
DA:2691,0
DA:2693,0
DA:2694,0
DA:2700,0
DA:2701,0
DA:2702,0
DA:2705,0
DA:2707,0
DA:2708,0
DA:2719,0
DA:2723,0
DA:2724,0
DA:2730,0
DA:2736,0
DA:2737,0
DA:2740,0
DA:2741,0
DA:2742,0
DA:2748,0
DA:2751,0
DA:2752,0
DA:2756,0
DA:2758,0
DA:2762,0
DA:2766,0
DA:2768,0
DA:2769,0
DA:2776,0
DA:2777,0
DA:2779,0
DA:2781,0
DA:2785,0
DA:2787,0
DA:2788,0
DA:2795,0
DA:2796,0
DA:2798,0
DA:2802,0
DA:2804,0
DA:2808,0
DA:2809,0
DA:2816,0
DA:2817,0
DA:2819,0
DA:2821,0
DA:2822,0
DA:2841,0
DA:2844,0
DA:2845,0
DA:2853,0
DA:2854,0
DA:2867,0
DA:2870,0
DA:2871,0
DA:2873,0
DA:2878,0
DA:2881,0
DA:2889,0
DA:2891,0
DA:2892,0
DA:2895,0
DA:2896,0
DA:2899,0
DA:2901,0
DA:2902,0
DA:2903,0
DA:2904,0
DA:2909,0
DA:2910,0
DA:2913,0
DA:2914,0
DA:2917,0
DA:2919,0
DA:2920,0
DA:2921,0
DA:2922,0
DA:2923,0
DA:2928,0
DA:2929,0
DA:2931,0
DA:2932,0
DA:2935,0
DA:2937,0
DA:2938,0
DA:2942,0
DA:2947,0
DA:2948,0
DA:2950,0
DA:2951,0
DA:2954,0
DA:2956,0
DA:2957,0
DA:2958,0
DA:2963,0
DA:2964,0
DA:2969,0
DA:2970,0
DA:2973,0
DA:2975,0
DA:2976,0
DA:2977,0
DA:2988,0
DA:2990,0
DA:2991,0
DA:2999,0
DA:3003,0
DA:3006,0
DA:3008,0
DA:3012,0
DA:3014,0
DA:3015,0
DA:3021,0
DA:3022,0
DA:3027,0
DA:3028,0
DA:3036,0
DA:3037,0
DA:3040,0
DA:3042,0
DA:3046,0
DA:3048,0
DA:3050,0
DA:3055,0
DA:3060,0
DA:3061,0
DA:3069,0
DA:3071,0
DA:3072,0
DA:3073,0
DA:3074,0
DA:3075,0
DA:3076,0
DA:3080,0
DA:3082,0
DA:3086,0
DA:3088,0
DA:3089,0
DA:3090,0
DA:3095,0
DA:3096,0
DA:3104,0
DA:3105,0
DA:3108,0
DA:3110,0
DA:3114,0
DA:3116,0
DA:3117,0
DA:3122,0
DA:3127,0
DA:3128,0
DA:3129,0
DA:3137,0
DA:3138,0
DA:3139,0
DA:3140,0
DA:3144,0
DA:3146,0
DA:3150,0
DA:3152,0
DA:3153,0
DA:3154,0
DA:3159,0
DA:3160,0
DA:3172,0
DA:3173,0
DA:3176,0
DA:3178,0
DA:3182,0
DA:3184,0
DA:3185,0
DA:3194,0
DA:3199,0
DA:3200,0
DA:3213,0
DA:3214,0
DA:3217,0
DA:3219,0
DA:3223,0
DA:3225,0
DA:3226,0
DA:3236,0
DA:3241,0
DA:3242,0
DA:3250,0
DA:3251,0
DA:3254,0
DA:3256,0
DA:3260,0
DA:3262,0
DA:3263,0
DA:3264,0
LF:1134
LH:0
BRF:0
BRH:0
end_of_record
TN:
SF:middlewares/authMiddleware.js
FN:5,(anonymous_0)
FN:23,(anonymous_1)
FNF:2
FNH:2
FNDA:40,(anonymous_0)
FNDA:30,(anonymous_1)
DA:5,1
DA:6,40
DA:7,40
DA:11,30
DA:12,30
DA:14,10
DA:18,10
DA:23,1
DA:24,30
DA:25,30
DA:29,30
DA:30,0
DA:41,30
DA:42,6
DA:47,24
DA:49,0
DA:53,0
LF:17
LH:14
BRDA:29,0,0,0
BRDA:29,0,1,30
BRDA:41,1,0,6
BRDA:41,1,1,24
BRF:4
BRH:3
end_of_record
TN:
SF:middlewares/authMiddleware.test.js
FN:12,(anonymous_0)
FN:16,(anonymous_1)
FN:29,(anonymous_2)
FN:30,(anonymous_3)
FN:49,(anonymous_4)
FN:53,(anonymous_5)
FN:58,(anonymous_6)
FN:78,(anonymous_7)
FN:79,(anonymous_8)
FN:94,(anonymous_9)
FN:117,(anonymous_10)
FN:123,(anonymous_11)
FN:144,(anonymous_12)
FN:151,(anonymous_13)
FNF:14
FNH:0
FNDA:0,(anonymous_0)
FNDA:0,(anonymous_1)
FNDA:0,(anonymous_2)
FNDA:0,(anonymous_3)
FNDA:0,(anonymous_4)
FNDA:0,(anonymous_5)
FNDA:0,(anonymous_6)
FNDA:0,(anonymous_7)
FNDA:0,(anonymous_8)
FNDA:0,(anonymous_9)
FNDA:0,(anonymous_10)
FNDA:0,(anonymous_11)
FNDA:0,(anonymous_12)
FNDA:0,(anonymous_13)
DA:9,0
DA:10,0
DA:12,0
DA:16,0
DA:17,0
DA:21,0
DA:25,0
DA:26,0
DA:29,0
DA:30,0
DA:32,0
DA:33,0
DA:34,0
DA:36,0
DA:37,0
DA:40,0
DA:43,0
DA:44,0
DA:45,0
DA:46,0
DA:49,0
DA:51,0
DA:52,0
DA:53,0
DA:54,0
DA:58,0
DA:61,0
DA:64,0
DA:65,0
DA:66,0
DA:67,0
DA:71,0
DA:72,0
DA:74,0
DA:78,0
DA:79,0
DA:81,0
DA:82,0
DA:83,0
DA:86,0
DA:89,0
DA:90,0
DA:91,0
DA:94,0
DA:96,0
DA:97,0
DA:98,0
DA:101,0
DA:104,0
DA:105,0
DA:110,0
DA:111,0
DA:117,0
DA:119,0
DA:120,0
DA:123,0
DA:126,0
DA:129,0
DA:130,0
DA:134,0
DA:140,0
DA:141,0
DA:144,0
DA:146,0
DA:147,0
DA:148,0
DA:151,0
DA:154,0
DA:157,0
DA:159,0
DA:160,0
DA:165,0
DA:166,0
LF:73
LH:0
BRF:0
BRH:0
end_of_record
TN:
SF:routes/authRoute.js
FN:31,(anonymous_0)
FN:35,(anonymous_1)
FNF:2
FNH:0
FNDA:0,(anonymous_0)
FNDA:0,(anonymous_1)
DA:15,1
DA:19,1
DA:22,1
DA:25,1
DA:28,1
DA:31,1
DA:32,0
DA:35,1
DA:36,0
DA:40,1
DA:43,1
DA:46,1
DA:49,1
LF:13
LH:11
BRF:0
BRH:0
end_of_record
TN:
SF:routes/categoryRoutes.js
FNF:0
FNH:0
DA:13,1
DA:17,1
DA:25,1
DA:35,1
DA:38,1
DA:41,1
LF:6
LH:6
BRF:0
BRH:0
end_of_record
TN:
SF:routes/productRoutes.js
FNF:0
FNH:0
DA:23,1
DA:26,1
DA:34,1
DA:43,1
DA:46,1
DA:49,1
DA:52,1
DA:55,1
DA:58,1
DA:61,1
DA:64,1
DA:70,1
DA:73,1
DA:77,1
DA:80,1
LF:15
LH:15
BRF:0
BRH:0
end_of_record
