TN:
SF:controllers\authController.js
FN:7,(anonymous_0)
FN:66,(anonymous_1)
FN:120,(anonymous_2)
FN:158,(anonymous_3)
FN:168,(anonymous_4)
FN:203,(anonymous_5)
FN:220,(anonymous_6)
FN:239,(anonymous_7)
FNF:8
FNH:0
FNDA:0,(anonymous_0)
FNDA:0,(anonymous_1)
FNDA:0,(anonymous_2)
FNDA:0,(anonymous_3)
FNDA:0,(anonymous_4)
FNDA:0,(anonymous_5)
FNDA:0,(anonymous_6)
FNDA:0,(anonymous_7)
DA:7,0
DA:8,0
DA:9,0
DA:11,0
DA:12,0
DA:14,0
DA:15,0
DA:17,0
DA:18,0
DA:20,0
DA:21,0
DA:23,0
DA:24,0
DA:26,0
DA:27,0
DA:30,0
DA:32,0
DA:33,0
DA:39,0
DA:41,0
DA:50,0
DA:56,0
DA:57,0
DA:66,0
DA:67,0
DA:68,0
DA:70,0
DA:71,0
DA:77,0
DA:78,0
DA:79,0
DA:84,0
DA:85,0
DA:86,0
DA:92,0
DA:95,0
DA:109,0
DA:110,0
DA:120,0
DA:121,0
DA:122,0
DA:123,0
DA:124,0
DA:126,0
DA:127,0
DA:129,0
DA:130,0
DA:133,0
DA:135,0
DA:136,0
DA:141,0
DA:142,0
DA:143,0
DA:148,0
DA:149,0
DA:158,0
DA:159,0
DA:160,0
DA:162,0
DA:163,0
DA:168,0
DA:169,0
DA:170,0
DA:171,0
DA:173,0
DA:174,0
DA:176,0
DA:177,0
DA:187,0
DA:193,0
DA:194,0
DA:203,0
DA:204,0
DA:205,0
DA:209,0
DA:211,0
DA:212,0
DA:220,0
DA:221,0
DA:222,0
DA:227,0
DA:229,0
DA:230,0
DA:239,0
DA:240,0
DA:241,0
DA:242,0
DA:243,0
DA:248,0
DA:250,0
DA:251,0
LF:91
LH:0
BRDA:11,0,0,0
BRDA:11,0,1,0
BRDA:14,1,0,0
BRDA:14,1,1,0
BRDA:17,2,0,0
BRDA:17,2,1,0
BRDA:20,3,0,0
BRDA:20,3,1,0
BRDA:23,4,0,0
BRDA:23,4,1,0
BRDA:26,5,0,0
BRDA:26,5,1,0
BRDA:32,6,0,0
BRDA:32,6,1,0
BRDA:70,7,0,0
BRDA:70,7,1,0
BRDA:70,8,0,0
BRDA:70,8,1,0
BRDA:78,9,0,0
BRDA:78,9,1,0
BRDA:85,10,0,0
BRDA:85,10,1,0
BRDA:123,11,0,0
BRDA:123,11,1,0
BRDA:126,12,0,0
BRDA:126,12,1,0
BRDA:129,13,0,0
BRDA:129,13,1,0
BRDA:135,14,0,0
BRDA:135,14,1,0
BRDA:173,15,0,0
BRDA:173,15,1,0
BRDA:173,16,0,0
BRDA:173,16,1,0
BRDA:176,17,0,0
BRDA:176,17,1,0
BRDA:180,18,0,0
BRDA:180,18,1,0
BRDA:181,19,0,0
BRDA:181,19,1,0
BRDA:182,20,0,0
BRDA:182,20,1,0
BRDA:183,21,0,0
BRDA:183,21,1,0
BRF:44
BRH:0
end_of_record
TN:
SF:controllers\categoryController.js
FN:3,(anonymous_0)
FN:36,(anonymous_1)
FN:61,(anonymous_2)
FN:80,(anonymous_3)
FN:99,(anonymous_4)
FNF:5
FNH:0
FNDA:0,(anonymous_0)
FNDA:0,(anonymous_1)
FNDA:0,(anonymous_2)
FNDA:0,(anonymous_3)
FNDA:0,(anonymous_4)
DA:3,0
DA:4,0
DA:5,0
DA:6,0
DA:7,0
DA:9,0
DA:10,0
DA:11,0
DA:16,0
DA:20,0
DA:26,0
DA:27,0
DA:36,0
DA:37,0
DA:38,0
DA:39,0
DA:40,0
DA:45,0
DA:51,0
DA:52,0
DA:61,0
DA:62,0
DA:63,0
DA:64,0
DA:70,0
DA:71,0
DA:80,0
DA:81,0
DA:82,0
DA:83,0
DA:89,0
DA:90,0
DA:99,0
DA:100,0
DA:101,0
DA:102,0
DA:103,0
DA:108,0
DA:109,0
LF:39
LH:0
BRDA:6,0,0,0
BRDA:6,0,1,0
BRDA:10,1,0,0
BRDA:10,1,1,0
BRF:4
BRH:0
end_of_record
TN:
SF:controllers\productController.js
FN:20,(anonymous_0)
FN:79,(anonymous_1)
FN:103,(anonymous_2)
FN:125,(anonymous_3)
FN:143,(anonymous_4)
FN:177,(anonymous_5)
FN:249,(anonymous_6)
FN:271,(anonymous_7)
FN:289,(anonymous_8)
FN:314,(anonymous_9)
FN:337,(anonymous_10)
FN:363,(anonymous_11)
FN:384,(anonymous_12)
FN:386,(anonymous_13)
FN:399,(anonymous_14)
FN:403,(anonymous_15)
FN:414,(anonymous_16)
FN:437,oo_cm
FNF:18
FNH:4
FNDA:24,(anonymous_0)
FNDA:0,(anonymous_1)
FNDA:0,(anonymous_2)
FNDA:0,(anonymous_3)
FNDA:8,(anonymous_4)
FNDA:24,(anonymous_5)
FNDA:0,(anonymous_6)
FNDA:0,(anonymous_7)
FNDA:0,(anonymous_8)
FNDA:0,(anonymous_9)
FNDA:0,(anonymous_10)
FNDA:0,(anonymous_11)
FNDA:0,(anonymous_12)
FNDA:0,(anonymous_13)
FNDA:0,(anonymous_14)
FNDA:0,(anonymous_15)
FNDA:0,(anonymous_16)
FNDA:31,oo_cm
DA:10,1
DA:13,1
DA:20,1
DA:21,24
DA:22,24
DA:23,1
DA:26,23
DA:27,23
DA:28,23
DA:30,23
DA:32,3
DA:34,1
DA:36,1
DA:38,1
DA:40,1
DA:42,2
DA:47,14
DA:56,14
DA:57,4
DA:62,13
DA:63,12
DA:69,2
DA:70,2
DA:79,1
DA:80,0
DA:81,0
DA:87,0
DA:94,0
DA:95,0
DA:103,1
DA:104,0
DA:105,0
DA:109,0
DA:115,0
DA:116,0
DA:125,1
DA:126,0
DA:127,0
DA:128,0
DA:129,0
DA:130,0
DA:133,0
DA:134,0
DA:143,1
DA:144,8
DA:145,8
DA:148,8
DA:149,2
DA:155,6
DA:156,4
DA:157,1
DA:162,3
DA:167,2
DA:168,2
DA:177,1
DA:178,24
DA:179,24
DA:182,24
DA:183,2
DA:189,22
DA:190,1
DA:193,21
DA:194,21
DA:196,21
DA:198,2
DA:200,1
DA:202,1
DA:204,1
DA:206,1
DA:208,1
DA:213,14
DA:219,12
DA:220,1
DA:226,11
DA:227,4
DA:232,10
DA:233,9
DA:239,4
DA:240,4
DA:249,1
DA:250,0
DA:251,0
DA:252,0
DA:253,0
DA:254,0
DA:255,0
DA:256,0
DA:261,0
DA:262,0
DA:271,1
DA:272,0
DA:273,0
DA:274,0
DA:279,0
DA:280,0
DA:289,1
DA:290,0
DA:291,0
DA:292,0
DA:293,0
DA:299,0
DA:304,0
DA:305,0
DA:314,1
DA:315,0
DA:316,0
DA:317,0
DA:325,0
DA:327,0
DA:328,0
DA:337,1
DA:338,0
DA:339,0
DA:340,0
DA:348,0
DA:353,0
DA:354,0
DA:363,1
DA:364,0
DA:365,0
DA:366,0
DA:367,0
DA:373,0
DA:374,0
DA:384,1
DA:385,0
DA:386,0
DA:387,0
DA:388,0
DA:390,0
DA:394,0
DA:399,1
DA:400,0
DA:401,0
DA:402,0
DA:403,0
DA:404,0
DA:406,0
DA:415,0
DA:416,0
DA:421,0
DA:423,0
DA:428,0
DA:437,31
LF:144
LH:71
BRDA:22,0,0,1
BRDA:22,0,1,23
BRDA:30,1,0,3
BRDA:30,1,1,1
BRDA:30,1,2,1
BRDA:30,1,3,1
BRDA:30,1,4,1
BRDA:30,1,5,2
BRDA:41,2,0,16
BRDA:41,2,1,6
BRDA:56,3,0,4
BRDA:56,3,1,10
BRDA:128,4,0,0
BRDA:128,4,1,0
BRDA:148,5,0,2
BRDA:148,5,1,6
BRDA:156,6,0,1
BRDA:156,6,1,3
BRDA:182,7,0,2
BRDA:182,7,1,22
BRDA:189,8,0,1
BRDA:189,8,1,21
BRDA:196,9,0,2
BRDA:196,9,1,1
BRDA:196,9,2,1
BRDA:196,9,3,1
BRDA:196,9,4,1
BRDA:196,9,5,1
BRDA:207,10,0,15
BRDA:207,10,1,5
BRDA:219,11,0,1
BRDA:219,11,1,11
BRDA:226,12,0,4
BRDA:226,12,1,7
BRDA:253,13,0,0
BRDA:253,13,1,0
BRDA:254,14,0,0
BRDA:254,14,1,0
BRDA:292,15,0,0
BRDA:292,15,1,0
BRDA:387,16,0,0
BRDA:387,16,1,0
BRDA:415,17,0,0
BRDA:415,17,1,0
BRDA:437,18,0,31
BRDA:437,18,1,1
BRF:46
BRH:34
end_of_record
TN:
SF:models\categoryModel.js
FNF:0
FNH:0
DA:3,1
LF:1
LH:1
BRF:0
BRH:0
end_of_record
TN:
SF:models\orderModel.js
FNF:0
FNH:0
DA:3,1
LF:1
LH:1
BRF:0
BRH:0
end_of_record
TN:
SF:models\productModel.js
FNF:0
FNH:0
DA:3,1
LF:1
LH:1
BRF:0
BRH:0
end_of_record
TN:
SF:models\userModel.js
FNF:0
FNH:0
DA:3,1
LF:1
LH:1
BRF:0
BRH:0
end_of_record
